This file contains any messages produced by compilers while
running configure, to aid debugging if configure makes a mistake.

It was created by configure, which was
generated by GNU Autoconf 2.69.  Invocation command line was

  $ ./configure --disable-option-checking --cache-file=/dev/null --srcdir=/home/rsewell/Projects/Epilogue/integrations/otp_src_22.1/make

## --------- ##
## Platform. ##
## --------- ##

hostname = RAS-Surface
uname -m = x86_64
uname -r = 4.4.0-17763-Microsoft
uname -s = Linux
uname -v = #864-Microsoft Thu Nov 07 15:22:00 PST 2019

/usr/bin/uname -p = x86_64
/bin/uname -X     = unknown

/bin/arch              = x86_64
/usr/bin/arch -k       = unknown
/usr/convex/getsysinfo = unknown
/usr/bin/hostinfo      = unknown
/bin/machine           = unknown
/usr/bin/oslevel       = unknown
/bin/universe          = unknown

PATH: /opt/intel/bin
PATH: /opt/slickedit-pro2019/bin/
PATH: /home/rsewell/bin
PATH: /usr/local/bin
PATH: /usr/bin
PATH: /bin


## ----------- ##
## Core tests. ##
## ----------- ##

configure:2710: checking build system type
configure:2724: result: x86_64-unknown-linux-gnu
configure:2744: checking host system type
configure:2757: result: x86_64-unknown-linux-gnu
configure:2859: checking for gcc
configure:2886: result: icc
configure:3115: checking for C compiler version
configure:3124: icc --version >&5
icc (ICC) 19.0.5.281 20190815
Copyright (C) 1985-2019 Intel Corporation.  All rights reserved.

configure:3135: $? = 0
configure:3124: icc -v >&5
icc version 19.0.5.281 (gcc version 7.3.1 compatibility)
configure:3135: $? = 0
configure:3124: icc -V >&5
Intel(R) C Intel(R) 64 Compiler for applications running on Intel(R) 64, Version 19.0.5.281 Build 20190815
Copyright (C) 1985-2019 Intel Corporation.  All rights reserved.
FOR NON-COMMERCIAL USE ONLY

configure:3135: $? = 0
configure:3124: icc -qversion >&5
icc: command line warning #10006: ignoring unknown option '-qversion'
icc: command line error: no files specified; for help type "icc -help"
configure:3135: $? = 1
configure:3155: checking whether the C compiler works
configure:3177: icc    conftest.c  >&5
configure:3181: $? = 0
configure:3229: result: yes
configure:3232: checking for C compiler default output file name
configure:3234: result: a.out
configure:3240: checking for suffix of executables
configure:3247: icc -o conftest    conftest.c  >&5
configure:3251: $? = 0
configure:3273: result: 
configure:3295: checking whether we are cross compiling
configure:3303: icc -o conftest    conftest.c  >&5
configure:3307: $? = 0
configure:3314: ./conftest
configure:3318: $? = 0
configure:3333: result: no
configure:3338: checking for suffix of object files
configure:3360: icc -c   conftest.c >&5
configure:3364: $? = 0
configure:3385: result: o
configure:3389: checking whether we are using the GNU C compiler
configure:3408: icc -c   conftest.c >&5
configure:3408: $? = 0
configure:3417: result: yes
configure:3426: checking whether icc accepts -g
configure:3446: icc -c -g  conftest.c >&5
configure:3446: $? = 0
configure:3487: result: yes
configure:3504: checking for icc option to accept ISO C89
configure:3567: icc  -c -g -O2  conftest.c >&5
configure:3567: $? = 0
configure:3580: result: none needed
configure:3658: checking for g++
configure:3674: found /usr/bin/g++
configure:3685: result: g++
configure:3712: checking for C++ compiler version
configure:3721: g++ --version >&5
g++ (SUSE Linux) 7.3.1 20180323 [gcc-7-branch revision 258812]
Copyright (C) 2017 Free Software Foundation, Inc.
This is free software; see the source for copying conditions.  There is NO
warranty; not even for MERCHANTABILITY or FITNESS FOR A PARTICULAR PURPOSE.

configure:3732: $? = 0
configure:3721: g++ -v >&5
Using built-in specs.
COLLECT_GCC=g++
COLLECT_LTO_WRAPPER=/usr/lib64/gcc/x86_64-suse-linux/7/lto-wrapper
OFFLOAD_TARGET_NAMES=hsa:nvptx-none
Target: x86_64-suse-linux
Configured with: ../configure --prefix=/usr --infodir=/usr/share/info --mandir=/usr/share/man --libdir=/usr/lib64 --libexecdir=/usr/lib64 --enable-languages=c,c++,objc,fortran,obj-c++,ada,go --enable-offload-targets=hsa,nvptx-none=/usr/nvptx-none, --without-cuda-driver --enable-checking=release --disable-werror --with-gxx-include-dir=/usr/include/c++/7 --enable-ssp --disable-libssp --disable-libvtv --disable-libcc1 --disable-plugin --with-bugurl=http://bugs.opensuse.org/ --with-pkgversion='SUSE Linux' --with-slibdir=/lib64 --with-system-zlib --enable-__cxa_atexit --enable-libstdcxx-allocator=new --disable-libstdcxx-pch --enable-version-specific-runtime-libs --with-gcc-major-version-only --enable-linker-build-id --enable-linux-futex --enable-gnu-indirect-function --program-suffix=-7 --without-system-libunwind --enable-multilib --with-arch-32=x86-64 --with-tune=generic --build=x86_64-suse-linux --host=x86_64-suse-linux
Thread model: posix
gcc version 7.3.1 20180323 [gcc-7-branch revision 258812] (SUSE Linux) 
configure:3732: $? = 0
configure:3721: g++ -V >&5
g++: error: unrecognized command line option '-V'
g++: fatal error: no input files
compilation terminated.
configure:3732: $? = 1
configure:3721: g++ -qversion >&5
g++: error: unrecognized command line option '-qversion'; did you mean '--version'?
g++: fatal error: no input files
compilation terminated.
configure:3732: $? = 1
configure:3736: checking whether we are using the GNU C++ compiler
configure:3755: g++ -c   conftest.cpp >&5
configure:3755: $? = 0
configure:3764: result: yes
configure:3773: checking whether g++ accepts -g
configure:3793: g++ -c -g  conftest.cpp >&5
configure:3793: $? = 0
configure:3834: result: yes
configure:3900: checking for ld
configure:3916: found /usr/bin/ld
configure:3927: result: ld
configure:3957: checking for mixed cygwin or msys and native VC++ environment
configure:3980: result: no
configure:3996: checking for mixed cygwin and native MinGW environment
configure:4012: result: no
configure:4021: checking if we mix cygwin with any native compiler
configure:4027: result: no
configure:4033: checking if we mix msys with another native compiler
configure:4039: result: no
configure:4052: checking for env
configure:4070: found /usr/bin/env
configure:4083: result: /usr/bin/env
configure:4098: checking for GNU make
configure:4132: result: yes (make)
configure:4152: checking for a BSD-compatible install
configure:4220: result: /usr/bin/install -c
configure:4238: checking whether ln -s works
configure:4242: result: yes
configure:4292: checking for ranlib
configure:4308: found /usr/bin/ranlib
configure:4319: result: ranlib
configure:4345: checking for perl5
configure:4379: result: no
configure:4345: checking for perl
configure:4364: found /usr/bin/perl
configure:4376: result: /usr/bin/perl
configure:4400: checking ERTS version
configure:4403: result: 10.5
configure:4410: checking OTP release
configure:4413: result: 22
configure:4417: checking OTP version
configure:4420: result: 22.1
configure:4688: checking how to run the C preprocessor
configure:4719: icc -E  conftest.c
configure:4719: $? = 0
configure:4733: icc -E  conftest.c
conftest.c(9): error #2379: cannot open source file "ac_nonexistent.h"
  #include <ac_nonexistent.h>
                             ^

configure:4733: $? = 2
configure: failed program was:
| /* confdefs.h */
| #define PACKAGE_NAME ""
| #define PACKAGE_TARNAME ""
| #define PACKAGE_VERSION ""
| #define PACKAGE_STRING ""
| #define PACKAGE_BUGREPORT ""
| #define PACKAGE_URL ""
| /* end confdefs.h.  */
| #include <ac_nonexistent.h>
configure:4758: result: icc -E
configure:4778: icc -E  conftest.c
configure:4778: $? = 0
configure:4792: icc -E  conftest.c
conftest.c(9): error #2379: cannot open source file "ac_nonexistent.h"
  #include <ac_nonexistent.h>
                             ^

configure:4792: $? = 2
configure: failed program was:
| /* confdefs.h */
| #define PACKAGE_NAME ""
| #define PACKAGE_TARNAME ""
| #define PACKAGE_VERSION ""
| #define PACKAGE_STRING ""
| #define PACKAGE_BUGREPORT ""
| #define PACKAGE_URL ""
| /* end confdefs.h.  */
| #include <ac_nonexistent.h>
configure:4821: checking for grep that handles long lines and -e
configure:4879: result: /usr/bin/grep
configure:4884: checking for egrep
configure:4946: result: /usr/bin/grep -E
configure:4951: checking for ANSI C header files
configure:4971: icc -c -g -O2  conftest.c >&5
configure:4971: $? = 0
configure:5044: icc -o conftest -g -O2   conftest.c  >&5
configure:5044: $? = 0
configure:5044: ./conftest
configure:5044: $? = 0
configure:5055: result: yes
configure:5068: checking for sys/types.h
configure:5068: icc -c -g -O2  conftest.c >&5
configure:5068: $? = 0
configure:5068: result: yes
configure:5068: checking for sys/stat.h
configure:5068: icc -c -g -O2  conftest.c >&5
configure:5068: $? = 0
configure:5068: result: yes
configure:5068: checking for stdlib.h
configure:5068: icc -c -g -O2  conftest.c >&5
configure:5068: $? = 0
configure:5068: result: yes
configure:5068: checking for string.h
configure:5068: icc -c -g -O2  conftest.c >&5
configure:5068: $? = 0
configure:5068: result: yes
configure:5068: checking for memory.h
configure:5068: icc -c -g -O2  conftest.c >&5
configure:5068: $? = 0
configure:5068: result: yes
configure:5068: checking for strings.h
configure:5068: icc -c -g -O2  conftest.c >&5
configure:5068: $? = 0
configure:5068: result: yes
configure:5068: checking for inttypes.h
configure:5068: icc -c -g -O2  conftest.c >&5
configure:5068: $? = 0
configure:5068: result: yes
configure:5068: checking for stdint.h
configure:5068: icc -c -g -O2  conftest.c >&5
configure:5068: $? = 0
configure:5068: result: yes
configure:5068: checking for unistd.h
configure:5068: icc -c -g -O2  conftest.c >&5
configure:5068: $? = 0
configure:5068: result: yes
configure:5089: checking for native win32 threads
configure:5099: result: no
configure:5107: checking for pthread_create in -lpthread
configure:5132: icc -o conftest -g -O2   conftest.c -lpthread   >&5
configure:5132: $? = 0
configure:5141: result: yes
configure:5247: checking for getconf
configure:5263: found /usr/bin/getconf
configure:5275: result: getconf
configure:5429: checking for Native POSIX Thread Library
configure:5446: result: yes
configure:5456: checking nptl/pthread.h usability
configure:5456: icc -c -g -O2  conftest.c >&5
conftest.c(52): catastrophic error: cannot open source file "nptl/pthread.h"
  #include <nptl/pthread.h>
                           ^

compilation aborted for conftest.c (code 4)
configure:5456: $? = 4
configure: failed program was:
| /* confdefs.h */
| #define PACKAGE_NAME ""
| #define PACKAGE_TARNAME ""
| #define PACKAGE_VERSION ""
| #define PACKAGE_STRING ""
| #define PACKAGE_BUGREPORT ""
| #define PACKAGE_URL ""
| #define STDC_HEADERS 1
| #define HAVE_SYS_TYPES_H 1
| #define HAVE_SYS_STAT_H 1
| #define HAVE_STDLIB_H 1
| #define HAVE_STRING_H 1
| #define HAVE_MEMORY_H 1
| #define HAVE_STRINGS_H 1
| #define HAVE_INTTYPES_H 1
| #define HAVE_STDINT_H 1
| #define HAVE_UNISTD_H 1
| /* end confdefs.h.  */
| #include <stdio.h>
| #ifdef HAVE_SYS_TYPES_H
| # include <sys/types.h>
| #endif
| #ifdef HAVE_SYS_STAT_H
| # include <sys/stat.h>
| #endif
| #ifdef STDC_HEADERS
| # include <stdlib.h>
| # include <stddef.h>
| #else
| # ifdef HAVE_STDLIB_H
| #  include <stdlib.h>
| # endif
| #endif
| #ifdef HAVE_STRING_H
| # if !defined STDC_HEADERS && defined HAVE_MEMORY_H
| #  include <memory.h>
| # endif
| # include <string.h>
| #endif
| #ifdef HAVE_STRINGS_H
| # include <strings.h>
| #endif
| #ifdef HAVE_INTTYPES_H
| # include <inttypes.h>
| #endif
| #ifdef HAVE_STDINT_H
| # include <stdint.h>
| #endif
| #ifdef HAVE_UNISTD_H
| # include <unistd.h>
| #endif
| #include <nptl/pthread.h>
configure:5456: result: no
configure:5456: checking nptl/pthread.h presence
configure:5456: icc -E  conftest.c
conftest.c(19): error #2379: cannot open source file "nptl/pthread.h"
  #include <nptl/pthread.h>
                           ^

configure:5456: $? = 2
configure: failed program was:
| /* confdefs.h */
| #define PACKAGE_NAME ""
| #define PACKAGE_TARNAME ""
| #define PACKAGE_VERSION ""
| #define PACKAGE_STRING ""
| #define PACKAGE_BUGREPORT ""
| #define PACKAGE_URL ""
| #define STDC_HEADERS 1
| #define HAVE_SYS_TYPES_H 1
| #define HAVE_SYS_STAT_H 1
| #define HAVE_STDLIB_H 1
| #define HAVE_STRING_H 1
| #define HAVE_MEMORY_H 1
| #define HAVE_STRINGS_H 1
| #define HAVE_INTTYPES_H 1
| #define HAVE_STDINT_H 1
| #define HAVE_UNISTD_H 1
| /* end confdefs.h.  */
| #include <nptl/pthread.h>
configure:5456: result: no
configure:5456: checking for nptl/pthread.h
configure:5456: result: no
configure:5509: checking pthread.h usability
configure:5509: icc -c -g -O2   -D_THREAD_SAFE -D_REENTRANT -DPOSIX_THREADS -D_POSIX_THREAD_SAFE_FUNCTIONS conftest.c >&5
configure:5509: $? = 0
configure:5509: result: yes
configure:5509: checking pthread.h presence
configure:5509: icc -E   -D_THREAD_SAFE -D_REENTRANT -DPOSIX_THREADS -D_POSIX_THREAD_SAFE_FUNCTIONS conftest.c
configure:5509: $? = 0
configure:5509: result: yes
configure:5509: checking for pthread.h
configure:5509: result: yes
configure:5518: checking pthread/mit/pthread.h usability
configure:5518: icc -c -g -O2   -D_THREAD_SAFE -D_REENTRANT -DPOSIX_THREADS -D_POSIX_THREAD_SAFE_FUNCTIONS conftest.c >&5
conftest.c(53): catastrophic error: cannot open source file "pthread/mit/pthread.h"
  #include <pthread/mit/pthread.h>
                                  ^

compilation aborted for conftest.c (code 4)
configure:5518: $? = 4
configure: failed program was:
| /* confdefs.h */
| #define PACKAGE_NAME ""
| #define PACKAGE_TARNAME ""
| #define PACKAGE_VERSION ""
| #define PACKAGE_STRING ""
| #define PACKAGE_BUGREPORT ""
| #define PACKAGE_URL ""
| #define STDC_HEADERS 1
| #define HAVE_SYS_TYPES_H 1
| #define HAVE_SYS_STAT_H 1
| #define HAVE_STDLIB_H 1
| #define HAVE_STRING_H 1
| #define HAVE_MEMORY_H 1
| #define HAVE_STRINGS_H 1
| #define HAVE_INTTYPES_H 1
| #define HAVE_STDINT_H 1
| #define HAVE_UNISTD_H 1
| #define HAVE_PTHREAD_H 1
| /* end confdefs.h.  */
| #include <stdio.h>
| #ifdef HAVE_SYS_TYPES_H
| # include <sys/types.h>
| #endif
| #ifdef HAVE_SYS_STAT_H
| # include <sys/stat.h>
| #endif
| #ifdef STDC_HEADERS
| # include <stdlib.h>
| # include <stddef.h>
| #else
| # ifdef HAVE_STDLIB_H
| #  include <stdlib.h>
| # endif
| #endif
| #ifdef HAVE_STRING_H
| # if !defined STDC_HEADERS && defined HAVE_MEMORY_H
| #  include <memory.h>
| # endif
| # include <string.h>
| #endif
| #ifdef HAVE_STRINGS_H
| # include <strings.h>
| #endif
| #ifdef HAVE_INTTYPES_H
| # include <inttypes.h>
| #endif
| #ifdef HAVE_STDINT_H
| # include <stdint.h>
| #endif
| #ifdef HAVE_UNISTD_H
| # include <unistd.h>
| #endif
| #include <pthread/mit/pthread.h>
configure:5518: result: no
configure:5518: checking pthread/mit/pthread.h presence
configure:5518: icc -E   -D_THREAD_SAFE -D_REENTRANT -DPOSIX_THREADS -D_POSIX_THREAD_SAFE_FUNCTIONS conftest.c
conftest.c(20): error #2379: cannot open source file "pthread/mit/pthread.h"
  #include <pthread/mit/pthread.h>
                                  ^

configure:5518: $? = 2
configure: failed program was:
| /* confdefs.h */
| #define PACKAGE_NAME ""
| #define PACKAGE_TARNAME ""
| #define PACKAGE_VERSION ""
| #define PACKAGE_STRING ""
| #define PACKAGE_BUGREPORT ""
| #define PACKAGE_URL ""
| #define STDC_HEADERS 1
| #define HAVE_SYS_TYPES_H 1
| #define HAVE_SYS_STAT_H 1
| #define HAVE_STDLIB_H 1
| #define HAVE_STRING_H 1
| #define HAVE_MEMORY_H 1
| #define HAVE_STRINGS_H 1
| #define HAVE_INTTYPES_H 1
| #define HAVE_STDINT_H 1
| #define HAVE_UNISTD_H 1
| #define HAVE_PTHREAD_H 1
| /* end confdefs.h.  */
| #include <pthread/mit/pthread.h>
configure:5518: result: no
configure:5518: checking for pthread/mit/pthread.h
configure:5518: result: no
configure:5562: checking if we can add -Wdeclaration-after-statement to DED_WARN_FLAGS (via CFLAGS)
configure:5577: icc -c -Wdeclaration-after-statement -Wall -Wstrict-prototypes -Wmissing-prototypes  conftest.c >&5
conftest.c(22): warning #2959: function prototype is missing the argument types
  main ()
  ^

configure:5577: $? = 0
configure:5585: result: yes
configure:5595: checking if we can add -Werror=return-type to DED_WERRORFLAGS (via CFLAGS)
configure:5610: icc -c -Werror=return-type   conftest.c >&5
configure:5610: $? = 0
configure:5618: result: yes
configure:5627: checking if we can add -Werror=implicit to DED_WERRORFLAGS (via CFLAGS)
configure:5642: icc -c -Werror=implicit -Werror=return-type   conftest.c >&5
configure:5642: $? = 0
configure:5650: result: yes
configure:5659: checking if we can add -Werror=undef to DED_WERRORFLAGS (via CFLAGS)
configure:5674: icc -c -Werror=undef -Werror=implicit -Werror=return-type   conftest.c >&5
configure:5674: $? = 0
configure:5682: result: yes
configure:5906: checking for ld
configure:5933: result: icc
configure:5957: checking for static compiler flags
configure:5960: result: -Werror=undef -Werror=implicit -Werror=return-type    -D_THREAD_SAFE -D_REENTRANT -DPOSIX_THREADS -D_POSIX_THREAD_SAFE_FUNCTIONS -g -O2  -D_GNU_SOURCE -DSTATIC_ERLANG_NIF -DSTATIC_ERLANG_DRIVER
configure:5962: checking for basic compiler flags for loadable drivers
configure:5965: result: -g -O2  -D_GNU_SOURCE -fPIC
configure:5967: checking for compiler flags for loadable drivers
configure:5970: result: -Werror=undef -Werror=implicit -Werror=return-type  -Wdeclaration-after-statement -Wall -Wstrict-prototypes -Wmissing-prototypes  -D_THREAD_SAFE -D_REENTRANT -DPOSIX_THREADS -D_POSIX_THREAD_SAFE_FUNCTIONS -g -O2  -D_GNU_SOURCE -fPIC
configure:5972: checking for linker for loadable drivers
configure:5974: result: icc
configure:5976: checking for linker flags for loadable drivers
configure:5978: result: -shared -Wl,-Bsymbolic
configure:5980: checking for 'runtime library path' linker flag
configure:5983: result: -Wl,-R
configure:6164: creating ./config.status

## ---------------------- ##
## Running config.status. ##
## ---------------------- ##

This file was extended by config.status, which was
generated by GNU Autoconf 2.69.  Invocation command line was

  CONFIG_FILES    = 
  CONFIG_HEADERS  = 
  CONFIG_LINKS    = 
  CONFIG_COMMANDS = 
  $ ./config.status 

on RAS-Surface

config.status:811: creating ../Makefile
config.status:914: WARNING:  '../Makefile.in' seems to ignore the --datarootdir setting
config.status:811: creating output.mk
config.status:811: creating ../make/x86_64-unknown-linux-gnu/otp_ded.mk
config.status:811: creating emd2exml

## ---------------- ##
## Cache variables. ##
## ---------------- ##

ac_cv_build=x86_64-unknown-linux-gnu
ac_cv_c_compiler_gnu=yes
ac_cv_cxx_compiler_gnu=yes
ac_cv_env_AR_set=
ac_cv_env_AR_value=
ac_cv_env_CCC_set=
ac_cv_env_CCC_value=
ac_cv_env_CC_set=set
ac_cv_env_CC_value=icc
ac_cv_env_CFLAGS_set=
ac_cv_env_CFLAGS_value=
ac_cv_env_CFLAG_RUNTIME_LIBRARY_PATH_set=
ac_cv_env_CFLAG_RUNTIME_LIBRARY_PATH_value=
ac_cv_env_CPPFLAGS_set=
ac_cv_env_CPPFLAGS_value=
ac_cv_env_CPP_set=
ac_cv_env_CPP_value=
ac_cv_env_CXXFLAGS_set=
ac_cv_env_CXXFLAGS_value=
ac_cv_env_CXX_set=
ac_cv_env_CXX_value=
ac_cv_env_DED_LDFLAGS_set=
ac_cv_env_DED_LDFLAGS_value=
ac_cv_env_DED_LD_FLAG_RUNTIME_LIBRARY_PATH_set=
ac_cv_env_DED_LD_FLAG_RUNTIME_LIBRARY_PATH_value=
ac_cv_env_DED_LD_set=
ac_cv_env_DED_LD_value=
ac_cv_env_ERL_TOP_set=set
ac_cv_env_ERL_TOP_value=/home/rsewell/Projects/Epilogue/integrations/otp_src_22.1
ac_cv_env_GETCONF_set=
ac_cv_env_GETCONF_value=
ac_cv_env_LDFLAGS_set=
ac_cv_env_LDFLAGS_value=
ac_cv_env_LD_set=
ac_cv_env_LD_value=
ac_cv_env_LFS_CFLAGS_set=
ac_cv_env_LFS_CFLAGS_value=
ac_cv_env_LFS_LDFLAGS_set=
ac_cv_env_LFS_LDFLAGS_value=
ac_cv_env_LFS_LIBS_set=
ac_cv_env_LFS_LIBS_value=
ac_cv_env_LIBS_set=
ac_cv_env_LIBS_value=
ac_cv_env_RANLIB_set=
ac_cv_env_RANLIB_value=
ac_cv_env_STATIC_CFLAGS_set=
ac_cv_env_STATIC_CFLAGS_value=
ac_cv_env_build_alias_set=
ac_cv_env_build_alias_value=
ac_cv_env_erl_xcomp_after_morecore_hook_set=
ac_cv_env_erl_xcomp_after_morecore_hook_value=
ac_cv_env_erl_xcomp_bigendian_set=
ac_cv_env_erl_xcomp_bigendian_value=
ac_cv_env_erl_xcomp_clock_gettime_cpu_time_set=
ac_cv_env_erl_xcomp_clock_gettime_cpu_time_value=
ac_cv_env_erl_xcomp_dlsym_brk_wrappers_set=
ac_cv_env_erl_xcomp_dlsym_brk_wrappers_value=
ac_cv_env_erl_xcomp_double_middle_endian_set=
ac_cv_env_erl_xcomp_double_middle_endian_value=
ac_cv_env_erl_xcomp_getaddrinfo_set=
ac_cv_env_erl_xcomp_getaddrinfo_value=
ac_cv_env_erl_xcomp_gethrvtime_procfs_ioctl_set=
ac_cv_env_erl_xcomp_gethrvtime_procfs_ioctl_value=
ac_cv_env_erl_xcomp_isysroot_set=
ac_cv_env_erl_xcomp_isysroot_value=
ac_cv_env_erl_xcomp_kqueue_set=
ac_cv_env_erl_xcomp_kqueue_value=
ac_cv_env_erl_xcomp_linux_nptl_set=
ac_cv_env_erl_xcomp_linux_nptl_value=
ac_cv_env_erl_xcomp_linux_usable_sigaltstack_set=
ac_cv_env_erl_xcomp_linux_usable_sigaltstack_value=
ac_cv_env_erl_xcomp_linux_usable_sigusrx_set=
ac_cv_env_erl_xcomp_linux_usable_sigusrx_value=
ac_cv_env_erl_xcomp_poll_set=
ac_cv_env_erl_xcomp_poll_value=
ac_cv_env_erl_xcomp_putenv_copy_set=
ac_cv_env_erl_xcomp_putenv_copy_value=
ac_cv_env_erl_xcomp_reliable_fpe_set=
ac_cv_env_erl_xcomp_reliable_fpe_value=
ac_cv_env_erl_xcomp_sysroot_set=
ac_cv_env_erl_xcomp_sysroot_value=
ac_cv_env_host_alias_set=
ac_cv_env_host_alias_value=
ac_cv_env_target_alias_set=
ac_cv_env_target_alias_value=
ac_cv_header_inttypes_h=yes
ac_cv_header_memory_h=yes
ac_cv_header_nptl_pthread_h=no
ac_cv_header_pthread_h=yes
ac_cv_header_pthread_mit_pthread_h=no
ac_cv_header_stdc=yes
ac_cv_header_stdint_h=yes
ac_cv_header_stdlib_h=yes
ac_cv_header_string_h=yes
ac_cv_header_strings_h=yes
ac_cv_header_sys_stat_h=yes
ac_cv_header_sys_types_h=yes
ac_cv_header_unistd_h=yes
ac_cv_host=x86_64-unknown-linux-gnu
ac_cv_lib_pthread_pthread_create=yes
ac_cv_objext=o
ac_cv_path_EGREP='/usr/bin/grep -E'
ac_cv_path_ENV=/usr/bin/env
ac_cv_path_GREP=/usr/bin/grep
ac_cv_path_PERL=/usr/bin/perl
ac_cv_path_install='/usr/bin/install -c'
ac_cv_prog_CPP='icc -E'
ac_cv_prog_GETCONF=getconf
ac_cv_prog_ac_ct_CC=icc
ac_cv_prog_ac_ct_CXX=g++
ac_cv_prog_ac_ct_DED_LD=icc
ac_cv_prog_ac_ct_LD=ld
ac_cv_prog_ac_ct_RANLIB=ranlib
ac_cv_prog_cc_c89=
ac_cv_prog_cc_g=yes
ac_cv_prog_cxx_g=yes

## ----------------- ##
## Output variables. ##
## ----------------- ##

AR=''
BOOTSTRAP_ONLY='no'
CC='icc'
CFLAGS='-g -O2'
CFLAG_RUNTIME_LIBRARY_PATH='-Wl,-R'
CPP='icc -E'
CPPFLAGS=''
CROSS_COMPILING='no'
CXX='g++'
CXXFLAGS='-g -O2'
DED_BASIC_CFLAGS='-g -O2  -D_GNU_SOURCE -fPIC'
DED_CC='icc'
DED_CFLAGS='-Werror=undef -Werror=implicit -Werror=return-type  -Wdeclaration-after-statement -Wall -Wstrict-prototypes -Wmissing-prototypes  -D_THREAD_SAFE -D_REENTRANT -DPOSIX_THREADS -D_POSIX_THREAD_SAFE_FUNCTIONS -g -O2  -D_GNU_SOURCE -fPIC'
DED_EXT='so'
DED_GCC='yes'
DED_INCLUDE='-I/home/rsewell/Projects/Epilogue/integrations/otp_src_22.1/erts/emulator/beam -I/home/rsewell/Projects/Epilogue/integrations/otp_src_22.1/erts/include -I/home/rsewell/Projects/Epilogue/integrations/otp_src_22.1/erts/include/x86_64-unknown-linux-gnu -I/home/rsewell/Projects/Epilogue/integrations/otp_src_22.1/erts/include/internal -I/home/rsewell/Projects/Epilogue/integrations/otp_src_22.1/erts/include/internal/x86_64-unknown-linux-gnu -I/home/rsewell/Projects/Epilogue/integrations/otp_src_22.1/erts/emulator/sys/unix -I/home/rsewell/Projects/Epilogue/integrations/otp_src_22.1/erts/emulator/sys/common'
DED_LD='icc'
DED_LDFLAGS='-shared -Wl,-Bsymbolic'
DED_LD_FLAG_RUNTIME_LIBRARY_PATH='-Wl,-R'
DED_LIBS=''
DED_OSTYPE='unix'
DED_STATIC_CFLAGS='-Werror=undef -Werror=implicit -Werror=return-type    -D_THREAD_SAFE -D_REENTRANT -DPOSIX_THREADS -D_POSIX_THREAD_SAFE_FUNCTIONS -g -O2  -D_GNU_SOURCE -DSTATIC_ERLANG_NIF -DSTATIC_ERLANG_DRIVER'
DED_SYS_INCLUDE='-I/home/rsewell/Projects/Epilogue/integrations/otp_src_22.1/erts/emulator/beam -I/home/rsewell/Projects/Epilogue/integrations/otp_src_22.1/erts/include -I/home/rsewell/Projects/Epilogue/integrations/otp_src_22.1/erts/include/x86_64-unknown-linux-gnu -I/home/rsewell/Projects/Epilogue/integrations/otp_src_22.1/erts/include/internal -I/home/rsewell/Projects/Epilogue/integrations/otp_src_22.1/erts/include/internal/x86_64-unknown-linux-gnu -I/home/rsewell/Projects/Epilogue/integrations/otp_src_22.1/erts/emulator/sys/unix -I/home/rsewell/Projects/Epilogue/integrations/otp_src_22.1/erts/emulator/sys/common'
DED_THR_DEFS=' -D_THREAD_SAFE -D_REENTRANT -DPOSIX_THREADS -D_POSIX_THREAD_SAFE_FUNCTIONS'
DED_WARN_FLAGS='-Wdeclaration-after-statement -Wall -Wstrict-prototypes -Wmissing-prototypes'
DED_WERRORFLAGS='-Werror=undef -Werror=implicit -Werror=return-type '
DEFAULT_VERBOSITY='0'
DEFS='-DPACKAGE_NAME=\"\" -DPACKAGE_TARNAME=\"\" -DPACKAGE_VERSION=\"\" -DPACKAGE_STRING=\"\" -DPACKAGE_BUGREPORT=\"\" -DPACKAGE_URL=\"\" -DSTDC_HEADERS=1 -DHAVE_SYS_TYPES_H=1 -DHAVE_SYS_STAT_H=1 -DHAVE_STDLIB_H=1 -DHAVE_STRING_H=1 -DHAVE_MEMORY_H=1 -DHAVE_STRINGS_H=1 -DHAVE_INTTYPES_H=1 -DHAVE_STDINT_H=1 -DHAVE_UNISTD_H=1 -DHAVE_PTHREAD_H=1'
ECHO_C=''
ECHO_N='-n'
ECHO_T=''
EGREP='/usr/bin/grep -E'
ENV='/usr/bin/env'
ERL_TOP='/home/rsewell/Projects/Epilogue/integrations/otp_src_22.1'
ERTS_VSN='10.5'
EXEEXT=''
GETCONF='getconf'
GREP='/usr/bin/grep'
INSTALL_DATA='${INSTALL} -m 644'
INSTALL_PROGRAM='${INSTALL}'
INSTALL_SCRIPT='${INSTALL}'
LD='ld'
LDFLAGS=''
LFS_CFLAGS=''
LFS_LDFLAGS=''
LFS_LIBS=''
LIBOBJS=''
LIBS=''
LN_S='ln -s'
LTLIBOBJS=''
MAKE_PROG='make'
MIXED_CYGWIN='no'
MIXED_CYGWIN_MINGW='no'
MIXED_CYGWIN_VC='no'
MIXED_MSYS='no'
MIXED_MSYS_VC='no'
MIXED_VC='no'
NATIVE_LIBS_ENABLED=''
OBJEXT='o'
OTP_REL='22'
OTP_VSN='22.1'
PACKAGE_BUGREPORT=''
PACKAGE_NAME=''
PACKAGE_STRING=''
PACKAGE_TARNAME=''
PACKAGE_URL=''
PACKAGE_VERSION=''
PATH_SEPARATOR=':'
PERL='/usr/bin/perl'
RANLIB='ranlib'
SHELL='/bin/sh'
STATIC_CFLAGS=''
TARGET='x86_64-unknown-linux-gnu'
ac_ct_CC='icc'
ac_ct_CXX='g++'
bindir='${exec_prefix}/bin'
build='x86_64-unknown-linux-gnu'
build_alias=''
build_cpu='x86_64'
build_os='linux-gnu'
build_vendor='unknown'
datadir='${datarootdir}'
datarootdir='${prefix}/share'
docdir='${datarootdir}/doc/${PACKAGE}'
dvidir='${docdir}'
erl_xcomp_after_morecore_hook=''
erl_xcomp_bigendian=''
erl_xcomp_clock_gettime_cpu_time=''
erl_xcomp_dlsym_brk_wrappers=''
erl_xcomp_double_middle_endian=''
erl_xcomp_getaddrinfo=''
erl_xcomp_gethrvtime_procfs_ioctl=''
erl_xcomp_isysroot=''
erl_xcomp_kqueue=''
erl_xcomp_linux_nptl=''
erl_xcomp_linux_usable_sigaltstack=''
erl_xcomp_linux_usable_sigusrx=''
erl_xcomp_poll=''
erl_xcomp_putenv_copy=''
erl_xcomp_reliable_fpe=''
erl_xcomp_sysroot=''
exec_prefix='${prefix}'
host='x86_64-unknown-linux-gnu'
host_alias=''
host_cpu='x86_64'
host_os='linux-gnu'
host_vendor='unknown'
htmldir='${docdir}'
includedir='${prefix}/include'
infodir='${datarootdir}/info'
libdir='${exec_prefix}/lib'
libexecdir='${exec_prefix}/libexec'
localedir='${datarootdir}/locale'
localstatedir='${prefix}/var'
mandir='${datarootdir}/man'
oldincludedir='/usr/include'
pdfdir='${docdir}'
prefix='/usr/local'
program_transform_name='s,x,x,'
psdir='${docdir}'
sbindir='${exec_prefix}/sbin'
sharedstatedir='${prefix}/com'
sysconfdir='${prefix}/etc'
target_alias=''

## ----------- ##
## confdefs.h. ##
## ----------- ##

/* confdefs.h */
#define PACKAGE_NAME ""
#define PACKAGE_TARNAME ""
#define PACKAGE_VERSION ""
#define PACKAGE_STRING ""
#define PACKAGE_BUGREPORT ""
#define PACKAGE_URL ""
#define STDC_HEADERS 1
#define HAVE_SYS_TYPES_H 1
#define HAVE_SYS_STAT_H 1
#define HAVE_STDLIB_H 1
#define HAVE_STRING_H 1
#define HAVE_MEMORY_H 1
#define HAVE_STRINGS_H 1
#define HAVE_INTTYPES_H 1
#define HAVE_STDINT_H 1
#define HAVE_UNISTD_H 1
#define HAVE_PTHREAD_H 1

configure: exit 0
