This file contains any messages produced by compilers while
running configure, to aid debugging if configure makes a mistake.

It was created by configure, which was
generated by GNU Autoconf 2.69.  Invocation command line was

  $ ./configure --disable-option-checking --cache-file=/dev/null --srcdir=/home/rsewell/Projects/Epilogue/integrations/otp_src_22.1/lib/megaco

## --------- ##
## Platform. ##
## --------- ##

hostname = RAS-Surface
uname -m = x86_64
uname -r = 4.4.0-17763-Microsoft
uname -s = Linux
uname -v = #864-Microsoft Thu Nov 07 15:22:00 PST 2019

/usr/bin/uname -p = x86_64
/bin/uname -X     = unknown

/bin/arch              = x86_64
/usr/bin/arch -k       = unknown
/usr/convex/getsysinfo = unknown
/usr/bin/hostinfo      = unknown
/bin/machine           = unknown
/usr/bin/oslevel       = unknown
/bin/universe          = unknown

PATH: /opt/intel/bin
PATH: /opt/slickedit-pro2019/bin/
PATH: /home/rsewell/bin
PATH: /usr/local/bin
PATH: /usr/bin
PATH: /bin


## ----------- ##
## Core tests. ##
## ----------- ##

configure:2387: checking build system type
configure:2401: result: x86_64-unknown-linux-gnu
configure:2421: checking host system type
configure:2434: result: x86_64-unknown-linux-gnu
configure:2507: checking for gcc
configure:2523: found /usr/bin/gcc
configure:2534: result: gcc
configure:2763: checking for C compiler version
configure:2772: gcc --version >&5
gcc (SUSE Linux) 7.3.1 20180323 [gcc-7-branch revision 258812]
Copyright (C) 2017 Free Software Foundation, Inc.
This is free software; see the source for copying conditions.  There is NO
warranty; not even for MERCHANTABILITY or FITNESS FOR A PARTICULAR PURPOSE.

configure:2783: $? = 0
configure:2772: gcc -v >&5
Using built-in specs.
COLLECT_GCC=gcc
COLLECT_LTO_WRAPPER=/usr/lib64/gcc/x86_64-suse-linux/7/lto-wrapper
OFFLOAD_TARGET_NAMES=hsa:nvptx-none
Target: x86_64-suse-linux
Configured with: ../configure --prefix=/usr --infodir=/usr/share/info --mandir=/usr/share/man --libdir=/usr/lib64 --libexecdir=/usr/lib64 --enable-languages=c,c++,objc,fortran,obj-c++,ada,go --enable-offload-targets=hsa,nvptx-none=/usr/nvptx-none, --without-cuda-driver --enable-checking=release --disable-werror --with-gxx-include-dir=/usr/include/c++/7 --enable-ssp --disable-libssp --disable-libvtv --disable-libcc1 --disable-plugin --with-bugurl=http://bugs.opensuse.org/ --with-pkgversion='SUSE Linux' --with-slibdir=/lib64 --with-system-zlib --enable-__cxa_atexit --enable-libstdcxx-allocator=new --disable-libstdcxx-pch --enable-version-specific-runtime-libs --with-gcc-major-version-only --enable-linker-build-id --enable-linux-futex --enable-gnu-indirect-function --program-suffix=-7 --without-system-libunwind --enable-multilib --with-arch-32=x86-64 --with-tune=generic --build=x86_64-suse-linux --host=x86_64-suse-linux
Thread model: posix
gcc version 7.3.1 20180323 [gcc-7-branch revision 258812] (SUSE Linux) 
configure:2783: $? = 0
configure:2772: gcc -V >&5
gcc: error: unrecognized command line option '-V'
gcc: fatal error: no input files
compilation terminated.
configure:2783: $? = 1
configure:2772: gcc -qversion >&5
gcc: error: unrecognized command line option '-qversion'; did you mean '--version'?
gcc: fatal error: no input files
compilation terminated.
configure:2783: $? = 1
configure:2803: checking whether the C compiler works
configure:2825: gcc    conftest.c  >&5
configure:2829: $? = 0
configure:2877: result: yes
configure:2880: checking for C compiler default output file name
configure:2882: result: a.out
configure:2888: checking for suffix of executables
configure:2895: gcc -o conftest    conftest.c  >&5
configure:2899: $? = 0
configure:2921: result: 
configure:2943: checking whether we are cross compiling
configure:2951: gcc -o conftest    conftest.c  >&5
configure:2955: $? = 0
configure:2962: ./conftest
configure:2966: $? = 0
configure:2981: result: no
configure:2986: checking for suffix of object files
configure:3008: gcc -c   conftest.c >&5
configure:3012: $? = 0
configure:3033: result: o
configure:3037: checking whether we are using the GNU C compiler
configure:3056: gcc -c   conftest.c >&5
configure:3056: $? = 0
configure:3065: result: yes
configure:3074: checking whether gcc accepts -g
configure:3094: gcc -c -g  conftest.c >&5
configure:3094: $? = 0
configure:3135: result: yes
configure:3152: checking for gcc option to accept ISO C89
configure:3215: gcc  -c -g -O2  conftest.c >&5
configure:3215: $? = 0
configure:3228: result: none needed
configure:3256: checking for mixed cygwin or msys and native VC++ environment
configure:3279: result: no
configure:3295: checking for mixed cygwin and native MinGW environment
configure:3311: result: no
configure:3320: checking if we mix cygwin with any native compiler
configure:3326: result: no
configure:3332: checking if we mix msys with another native compiler
configure:3338: result: no
configure:3369: checking for flex
configure:3399: result: no
configure:3369: checking for lex
configure:3399: result: no
configure:3618: checking if we can add -Werror=return-type to CFLAGS (via CFLAGS)
configure:3633: gcc -c -Werror=return-type -g -O2  conftest.c >&5
configure:3633: $? = 0
configure:3641: result: yes
configure:3672: checking how to run the C preprocessor
configure:3703: gcc -E  conftest.c
configure:3703: $? = 0
configure:3717: gcc -E  conftest.c
conftest.c:9:10: fatal error: ac_nonexistent.h: No such file or directory
 #include <ac_nonexistent.h>
          ^~~~~~~~~~~~~~~~~~
compilation terminated.
configure:3717: $? = 1
configure: failed program was:
| /* confdefs.h */
| #define PACKAGE_NAME ""
| #define PACKAGE_TARNAME ""
| #define PACKAGE_VERSION ""
| #define PACKAGE_STRING ""
| #define PACKAGE_BUGREPORT ""
| #define PACKAGE_URL ""
| /* end confdefs.h.  */
| #include <ac_nonexistent.h>
configure:3742: result: gcc -E
configure:3762: gcc -E  conftest.c
configure:3762: $? = 0
configure:3776: gcc -E  conftest.c
conftest.c:9:10: fatal error: ac_nonexistent.h: No such file or directory
 #include <ac_nonexistent.h>
          ^~~~~~~~~~~~~~~~~~
compilation terminated.
configure:3776: $? = 1
configure: failed program was:
| /* confdefs.h */
| #define PACKAGE_NAME ""
| #define PACKAGE_TARNAME ""
| #define PACKAGE_VERSION ""
| #define PACKAGE_STRING ""
| #define PACKAGE_BUGREPORT ""
| #define PACKAGE_URL ""
| /* end confdefs.h.  */
| #include <ac_nonexistent.h>
configure:3805: checking for grep that handles long lines and -e
configure:3863: result: /usr/bin/grep
configure:3868: checking for egrep
configure:3930: result: /usr/bin/grep -E
configure:3935: checking for ANSI C header files
configure:3955: gcc -c -Werror=return-type -g -O2  conftest.c >&5
configure:3955: $? = 0
configure:4028: gcc -o conftest -Werror=return-type -g -O2   conftest.c  >&5
configure:4028: $? = 0
configure:4028: ./conftest
configure:4028: $? = 0
configure:4039: result: yes
configure:4052: checking for sys/types.h
configure:4052: gcc -c -Werror=return-type -g -O2  conftest.c >&5
configure:4052: $? = 0
configure:4052: result: yes
configure:4052: checking for sys/stat.h
configure:4052: gcc -c -Werror=return-type -g -O2  conftest.c >&5
configure:4052: $? = 0
configure:4052: result: yes
configure:4052: checking for stdlib.h
configure:4052: gcc -c -Werror=return-type -g -O2  conftest.c >&5
configure:4052: $? = 0
configure:4052: result: yes
configure:4052: checking for string.h
configure:4052: gcc -c -Werror=return-type -g -O2  conftest.c >&5
configure:4052: $? = 0
configure:4052: result: yes
configure:4052: checking for memory.h
configure:4052: gcc -c -Werror=return-type -g -O2  conftest.c >&5
configure:4052: $? = 0
configure:4052: result: yes
configure:4052: checking for strings.h
configure:4052: gcc -c -Werror=return-type -g -O2  conftest.c >&5
configure:4052: $? = 0
configure:4052: result: yes
configure:4052: checking for inttypes.h
configure:4052: gcc -c -Werror=return-type -g -O2  conftest.c >&5
configure:4052: $? = 0
configure:4052: result: yes
configure:4052: checking for stdint.h
configure:4052: gcc -c -Werror=return-type -g -O2  conftest.c >&5
configure:4052: $? = 0
configure:4052: result: yes
configure:4052: checking for unistd.h
configure:4052: gcc -c -Werror=return-type -g -O2  conftest.c >&5
configure:4052: $? = 0
configure:4052: result: yes
configure:4073: checking for native win32 threads
configure:4083: result: no
configure:4091: checking for pthread_create in -lpthread
configure:4116: gcc -o conftest -Werror=return-type -g -O2   conftest.c -lpthread   >&5
configure:4116: $? = 0
configure:4125: result: yes
configure:4231: checking for getconf
configure:4247: found /usr/bin/getconf
configure:4259: result: getconf
configure:4413: checking for Native POSIX Thread Library
configure:4430: result: yes
configure:4440: checking nptl/pthread.h usability
configure:4440: gcc -c -Werror=return-type -g -O2  conftest.c >&5
conftest.c:52:10: fatal error: nptl/pthread.h: No such file or directory
 #include <nptl/pthread.h>
          ^~~~~~~~~~~~~~~~
compilation terminated.
configure:4440: $? = 1
configure: failed program was:
| /* confdefs.h */
| #define PACKAGE_NAME ""
| #define PACKAGE_TARNAME ""
| #define PACKAGE_VERSION ""
| #define PACKAGE_STRING ""
| #define PACKAGE_BUGREPORT ""
| #define PACKAGE_URL ""
| #define STDC_HEADERS 1
| #define HAVE_SYS_TYPES_H 1
| #define HAVE_SYS_STAT_H 1
| #define HAVE_STDLIB_H 1
| #define HAVE_STRING_H 1
| #define HAVE_MEMORY_H 1
| #define HAVE_STRINGS_H 1
| #define HAVE_INTTYPES_H 1
| #define HAVE_STDINT_H 1
| #define HAVE_UNISTD_H 1
| /* end confdefs.h.  */
| #include <stdio.h>
| #ifdef HAVE_SYS_TYPES_H
| # include <sys/types.h>
| #endif
| #ifdef HAVE_SYS_STAT_H
| # include <sys/stat.h>
| #endif
| #ifdef STDC_HEADERS
| # include <stdlib.h>
| # include <stddef.h>
| #else
| # ifdef HAVE_STDLIB_H
| #  include <stdlib.h>
| # endif
| #endif
| #ifdef HAVE_STRING_H
| # if !defined STDC_HEADERS && defined HAVE_MEMORY_H
| #  include <memory.h>
| # endif
| # include <string.h>
| #endif
| #ifdef HAVE_STRINGS_H
| # include <strings.h>
| #endif
| #ifdef HAVE_INTTYPES_H
| # include <inttypes.h>
| #endif
| #ifdef HAVE_STDINT_H
| # include <stdint.h>
| #endif
| #ifdef HAVE_UNISTD_H
| # include <unistd.h>
| #endif
| #include <nptl/pthread.h>
configure:4440: result: no
configure:4440: checking nptl/pthread.h presence
configure:4440: gcc -E  conftest.c
conftest.c:19:10: fatal error: nptl/pthread.h: No such file or directory
 #include <nptl/pthread.h>
          ^~~~~~~~~~~~~~~~
compilation terminated.
configure:4440: $? = 1
configure: failed program was:
| /* confdefs.h */
| #define PACKAGE_NAME ""
| #define PACKAGE_TARNAME ""
| #define PACKAGE_VERSION ""
| #define PACKAGE_STRING ""
| #define PACKAGE_BUGREPORT ""
| #define PACKAGE_URL ""
| #define STDC_HEADERS 1
| #define HAVE_SYS_TYPES_H 1
| #define HAVE_SYS_STAT_H 1
| #define HAVE_STDLIB_H 1
| #define HAVE_STRING_H 1
| #define HAVE_MEMORY_H 1
| #define HAVE_STRINGS_H 1
| #define HAVE_INTTYPES_H 1
| #define HAVE_STDINT_H 1
| #define HAVE_UNISTD_H 1
| /* end confdefs.h.  */
| #include <nptl/pthread.h>
configure:4440: result: no
configure:4440: checking for nptl/pthread.h
configure:4440: result: no
configure:4493: checking pthread.h usability
configure:4493: gcc -c -Werror=return-type -g -O2   -D_THREAD_SAFE -D_REENTRANT -DPOSIX_THREADS -D_POSIX_THREAD_SAFE_FUNCTIONS conftest.c >&5
configure:4493: $? = 0
configure:4493: result: yes
configure:4493: checking pthread.h presence
configure:4493: gcc -E   -D_THREAD_SAFE -D_REENTRANT -DPOSIX_THREADS -D_POSIX_THREAD_SAFE_FUNCTIONS conftest.c
configure:4493: $? = 0
configure:4493: result: yes
configure:4493: checking for pthread.h
configure:4493: result: yes
configure:4502: checking pthread/mit/pthread.h usability
configure:4502: gcc -c -Werror=return-type -g -O2   -D_THREAD_SAFE -D_REENTRANT -DPOSIX_THREADS -D_POSIX_THREAD_SAFE_FUNCTIONS conftest.c >&5
conftest.c:53:10: fatal error: pthread/mit/pthread.h: No such file or directory
 #include <pthread/mit/pthread.h>
          ^~~~~~~~~~~~~~~~~~~~~~~
compilation terminated.
configure:4502: $? = 1
configure: failed program was:
| /* confdefs.h */
| #define PACKAGE_NAME ""
| #define PACKAGE_TARNAME ""
| #define PACKAGE_VERSION ""
| #define PACKAGE_STRING ""
| #define PACKAGE_BUGREPORT ""
| #define PACKAGE_URL ""
| #define STDC_HEADERS 1
| #define HAVE_SYS_TYPES_H 1
| #define HAVE_SYS_STAT_H 1
| #define HAVE_STDLIB_H 1
| #define HAVE_STRING_H 1
| #define HAVE_MEMORY_H 1
| #define HAVE_STRINGS_H 1
| #define HAVE_INTTYPES_H 1
| #define HAVE_STDINT_H 1
| #define HAVE_UNISTD_H 1
| #define HAVE_PTHREAD_H 1
| /* end confdefs.h.  */
| #include <stdio.h>
| #ifdef HAVE_SYS_TYPES_H
| # include <sys/types.h>
| #endif
| #ifdef HAVE_SYS_STAT_H
| # include <sys/stat.h>
| #endif
| #ifdef STDC_HEADERS
| # include <stdlib.h>
| # include <stddef.h>
| #else
| # ifdef HAVE_STDLIB_H
| #  include <stdlib.h>
| # endif
| #endif
| #ifdef HAVE_STRING_H
| # if !defined STDC_HEADERS && defined HAVE_MEMORY_H
| #  include <memory.h>
| # endif
| # include <string.h>
| #endif
| #ifdef HAVE_STRINGS_H
| # include <strings.h>
| #endif
| #ifdef HAVE_INTTYPES_H
| # include <inttypes.h>
| #endif
| #ifdef HAVE_STDINT_H
| # include <stdint.h>
| #endif
| #ifdef HAVE_UNISTD_H
| # include <unistd.h>
| #endif
| #include <pthread/mit/pthread.h>
configure:4502: result: no
configure:4502: checking pthread/mit/pthread.h presence
configure:4502: gcc -E   -D_THREAD_SAFE -D_REENTRANT -DPOSIX_THREADS -D_POSIX_THREAD_SAFE_FUNCTIONS conftest.c
conftest.c:20:10: fatal error: pthread/mit/pthread.h: No such file or directory
 #include <pthread/mit/pthread.h>
          ^~~~~~~~~~~~~~~~~~~~~~~
compilation terminated.
configure:4502: $? = 1
configure: failed program was:
| /* confdefs.h */
| #define PACKAGE_NAME ""
| #define PACKAGE_TARNAME ""
| #define PACKAGE_VERSION ""
| #define PACKAGE_STRING ""
| #define PACKAGE_BUGREPORT ""
| #define PACKAGE_URL ""
| #define STDC_HEADERS 1
| #define HAVE_SYS_TYPES_H 1
| #define HAVE_SYS_STAT_H 1
| #define HAVE_STDLIB_H 1
| #define HAVE_STRING_H 1
| #define HAVE_MEMORY_H 1
| #define HAVE_STRINGS_H 1
| #define HAVE_INTTYPES_H 1
| #define HAVE_STDINT_H 1
| #define HAVE_UNISTD_H 1
| #define HAVE_PTHREAD_H 1
| /* end confdefs.h.  */
| #include <pthread/mit/pthread.h>
configure:4502: result: no
configure:4502: checking for pthread/mit/pthread.h
configure:4502: result: no
configure:4546: checking if we can add -Wdeclaration-after-statement to DED_WARN_FLAGS (via CFLAGS)
configure:4561: gcc -c -Wdeclaration-after-statement -Wall -Wstrict-prototypes -Wmissing-prototypes  conftest.c >&5
conftest.c:22:1: warning: function declaration isn't a prototype [-Wstrict-prototypes]
 main ()
 ^~~~
configure:4561: $? = 0
configure:4569: result: yes
configure:4579: checking if we can add -Werror=return-type to DED_WERRORFLAGS (via CFLAGS)
configure:4594: gcc -c -Werror=return-type   conftest.c >&5
configure:4594: $? = 0
configure:4602: result: yes
configure:4611: checking if we can add -Werror=implicit to DED_WERRORFLAGS (via CFLAGS)
configure:4626: gcc -c -Werror=implicit -Werror=return-type   conftest.c >&5
configure:4626: $? = 0
configure:4634: result: yes
configure:4643: checking if we can add -Werror=undef to DED_WERRORFLAGS (via CFLAGS)
configure:4658: gcc -c -Werror=undef -Werror=implicit -Werror=return-type   conftest.c >&5
configure:4658: $? = 0
configure:4666: result: yes
configure:4890: checking for ld
configure:4917: result: gcc
configure:4941: checking for static compiler flags
configure:4944: result: -Werror=undef -Werror=implicit -Werror=return-type    -D_THREAD_SAFE -D_REENTRANT -DPOSIX_THREADS -D_POSIX_THREAD_SAFE_FUNCTIONS -Werror=return-type -g -O2  -D_GNU_SOURCE -DSTATIC_ERLANG_NIF -DSTATIC_ERLANG_DRIVER
configure:4946: checking for basic compiler flags for loadable drivers
configure:4949: result: -Werror=return-type -g -O2  -D_GNU_SOURCE -fPIC
configure:4951: checking for compiler flags for loadable drivers
configure:4954: result: -Werror=undef -Werror=implicit -Werror=return-type  -Wdeclaration-after-statement -Wall -Wstrict-prototypes -Wmissing-prototypes  -D_THREAD_SAFE -D_REENTRANT -DPOSIX_THREADS -D_POSIX_THREAD_SAFE_FUNCTIONS -Werror=return-type -g -O2  -D_GNU_SOURCE -fPIC
configure:4956: checking for linker for loadable drivers
configure:4958: result: gcc
configure:4960: checking for linker flags for loadable drivers
configure:4962: result: -shared -Wl,-Bsymbolic
configure:4964: checking for 'runtime library path' linker flag
configure:4967: result: -Wl,-R
configure:4995: checking for perl
configure:5011: found /usr/bin/perl
configure:5023: result: perl
configure:5187: creating ./config.status

## ---------------------- ##
## Running config.status. ##
## ---------------------- ##

This file was extended by config.status, which was
generated by GNU Autoconf 2.69.  Invocation command line was

  CONFIG_FILES    = 
  CONFIG_HEADERS  = 
  CONFIG_LINKS    = 
  CONFIG_COMMANDS = 
  $ ./config.status 

on RAS-Surface

config.status:773: creating examples/meas/Makefile
configure:6344: creating ./config.status

## ---------------------- ##
## Running config.status. ##
## ---------------------- ##

This file was extended by config.status, which was
generated by GNU Autoconf 2.69.  Invocation command line was

  CONFIG_FILES    = 
  CONFIG_HEADERS  = 
  CONFIG_LINKS    = 
  CONFIG_COMMANDS = 
  $ ./config.status 

on RAS-Surface

config.status:774: creating examples/meas/Makefile
config.status:774: creating src/flex/x86_64-unknown-linux-gnu/Makefile

## ---------------- ##
## Cache variables. ##
## ---------------- ##

ac_cv_build=x86_64-unknown-linux-gnu
ac_cv_c_compiler_gnu=yes
ac_cv_env_CC_set=
ac_cv_env_CC_value=
ac_cv_env_CFLAGS_set=
ac_cv_env_CFLAGS_value=
ac_cv_env_CPPFLAGS_set=
ac_cv_env_CPPFLAGS_value=
ac_cv_env_CPP_set=
ac_cv_env_CPP_value=
ac_cv_env_LDFLAGS_set=
ac_cv_env_LDFLAGS_value=
ac_cv_env_LIBS_set=
ac_cv_env_LIBS_value=
ac_cv_env_build_alias_set=
ac_cv_env_build_alias_value=
ac_cv_env_host_alias_set=
ac_cv_env_host_alias_value=
ac_cv_env_target_alias_set=
ac_cv_env_target_alias_value=
ac_cv_header_inttypes_h=yes
ac_cv_header_memory_h=yes
ac_cv_header_nptl_pthread_h=no
ac_cv_header_pthread_h=yes
ac_cv_header_pthread_mit_pthread_h=no
ac_cv_header_stdc=yes
ac_cv_header_stdint_h=yes
ac_cv_header_stdlib_h=yes
ac_cv_header_string_h=yes
ac_cv_header_strings_h=yes
ac_cv_header_sys_stat_h=yes
ac_cv_header_sys_types_h=yes
ac_cv_header_unistd_h=yes
ac_cv_host=x86_64-unknown-linux-gnu
ac_cv_lib_pthread_pthread_create=yes
ac_cv_objext=o
ac_cv_path_EGREP='/usr/bin/grep -E'
ac_cv_path_GREP=/usr/bin/grep
ac_cv_prog_CPP='gcc -E'
ac_cv_prog_GETCONF=getconf
ac_cv_prog_PERL=perl
ac_cv_prog_ac_ct_CC=gcc
ac_cv_prog_ac_ct_DED_LD=gcc
ac_cv_prog_cc_c89=
ac_cv_prog_cc_g=yes

## ----------------- ##
## Output variables. ##
## ----------------- ##

CC='gcc'
CFLAGS='-Werror=return-type -g -O2'
CPP='gcc -E'
CPPFLAGS=''
DED_BASIC_CFLAGS='-Werror=return-type -g -O2  -D_GNU_SOURCE -fPIC'
DED_CC='gcc'
DED_CFLAGS='-Werror=undef -Werror=implicit -Werror=return-type  -Wdeclaration-after-statement -Wall -Wstrict-prototypes -Wmissing-prototypes  -D_THREAD_SAFE -D_REENTRANT -DPOSIX_THREADS -D_POSIX_THREAD_SAFE_FUNCTIONS -Werror=return-type -g -O2  -D_GNU_SOURCE -fPIC'
DED_EXT='so'
DED_GCC='yes'
DED_INCLUDE='-I/home/rsewell/Projects/Epilogue/integrations/otp_src_22.1/erts/emulator/beam -I/home/rsewell/Projects/Epilogue/integrations/otp_src_22.1/erts/include -I/home/rsewell/Projects/Epilogue/integrations/otp_src_22.1/erts/include/x86_64-unknown-linux-gnu -I/home/rsewell/Projects/Epilogue/integrations/otp_src_22.1/erts/include/internal -I/home/rsewell/Projects/Epilogue/integrations/otp_src_22.1/erts/include/internal/x86_64-unknown-linux-gnu -I/home/rsewell/Projects/Epilogue/integrations/otp_src_22.1/erts/emulator/sys/unix -I/home/rsewell/Projects/Epilogue/integrations/otp_src_22.1/erts/emulator/sys/common'
DED_LD='gcc'
DED_LDFLAGS='-shared -Wl,-Bsymbolic'
DED_LD_FLAG_RUNTIME_LIBRARY_PATH='-Wl,-R'
DED_LIBS=''
DED_OSTYPE='unix'
DED_STATIC_CFLAGS='-Werror=undef -Werror=implicit -Werror=return-type    -D_THREAD_SAFE -D_REENTRANT -DPOSIX_THREADS -D_POSIX_THREAD_SAFE_FUNCTIONS -Werror=return-type -g -O2  -D_GNU_SOURCE -DSTATIC_ERLANG_NIF -DSTATIC_ERLANG_DRIVER'
DED_SYS_INCLUDE='-I/home/rsewell/Projects/Epilogue/integrations/otp_src_22.1/erts/emulator/beam -I/home/rsewell/Projects/Epilogue/integrations/otp_src_22.1/erts/include -I/home/rsewell/Projects/Epilogue/integrations/otp_src_22.1/erts/include/x86_64-unknown-linux-gnu -I/home/rsewell/Projects/Epilogue/integrations/otp_src_22.1/erts/include/internal -I/home/rsewell/Projects/Epilogue/integrations/otp_src_22.1/erts/include/internal/x86_64-unknown-linux-gnu -I/home/rsewell/Projects/Epilogue/integrations/otp_src_22.1/erts/emulator/sys/unix -I/home/rsewell/Projects/Epilogue/integrations/otp_src_22.1/erts/emulator/sys/common'
DED_THR_DEFS=' -D_THREAD_SAFE -D_REENTRANT -DPOSIX_THREADS -D_POSIX_THREAD_SAFE_FUNCTIONS'
DED_WARN_FLAGS='-Wdeclaration-after-statement -Wall -Wstrict-prototypes -Wmissing-prototypes'
DED_WERRORFLAGS='-Werror=undef -Werror=implicit -Werror=return-type '
DEFS='-DPACKAGE_NAME=\"\" -DPACKAGE_TARNAME=\"\" -DPACKAGE_VERSION=\"\" -DPACKAGE_STRING=\"\" -DPACKAGE_BUGREPORT=\"\" -DPACKAGE_URL=\"\" -DSTDC_HEADERS=1 -DHAVE_SYS_TYPES_H=1 -DHAVE_SYS_STAT_H=1 -DHAVE_STDLIB_H=1 -DHAVE_STRING_H=1 -DHAVE_MEMORY_H=1 -DHAVE_STRINGS_H=1 -DHAVE_INTTYPES_H=1 -DHAVE_STDINT_H=1 -DHAVE_UNISTD_H=1 -DHAVE_PTHREAD_H=1'
ECHO_C=''
ECHO_N='-n'
ECHO_T=''
EGREP='/usr/bin/grep -E'
ENABLE_MEGACO_FLEX_SCANNER='false'
ENABLE_MEGACO_FLEX_SCANNER_LINENO='true'
ENABLE_REENTRANT_MEGACO_FLEX_SCANNER='true'
ERLANG_OSTYPE='unix'
EXEEXT=''
GETCONF='getconf'
GREP='/usr/bin/grep'
LDFLAGS=''
LEX=':'
LEXLIB=''
LEX_OUTPUT_ROOT=''
LIBOBJS=''
LIBS=''
LTLIBOBJS=''
MIXED_CYGWIN='no'
MIXED_CYGWIN_MINGW='no'
MIXED_CYGWIN_VC='no'
MIXED_MSYS='no'
MIXED_MSYS_VC='no'
MIXED_VC='no'
OBJEXT='o'
OTP_EXTRA_FLAGS='-DOTP_RELEASE'
PACKAGE_BUGREPORT=''
PACKAGE_NAME=''
PACKAGE_STRING=''
PACKAGE_TARNAME=''
PACKAGE_URL=''
PACKAGE_VERSION=''
PATH_SEPARATOR=':'
PERL='perl'
SHELL='/bin/sh'
ac_ct_CC='gcc'
bindir='${exec_prefix}/bin'
build='x86_64-unknown-linux-gnu'
build_alias=''
build_cpu='x86_64'
build_os='linux-gnu'
build_vendor='unknown'
datadir='${datarootdir}'
datarootdir='${prefix}/share'
docdir='${datarootdir}/doc/${PACKAGE}'
dvidir='${docdir}'
exec_prefix='${prefix}'
host='x86_64-unknown-linux-gnu'
host_alias=''
host_cpu='x86_64'
host_os='linux-gnu'
host_vendor='unknown'
htmldir='${docdir}'
includedir='${prefix}/include'
infodir='${datarootdir}/info'
libdir='${exec_prefix}/lib'
libexecdir='${exec_prefix}/libexec'
localedir='${datarootdir}/locale'
localstatedir='${prefix}/var'
mandir='${datarootdir}/man'
oldincludedir='/usr/include'
pdfdir='${docdir}'
prefix='/usr/local'
program_transform_name='s,x,x,'
psdir='${docdir}'
sbindir='${exec_prefix}/sbin'
sharedstatedir='${prefix}/com'
sysconfdir='${prefix}/etc'
target_alias=''

## ----------- ##
## confdefs.h. ##
## ----------- ##

/* confdefs.h */
#define PACKAGE_NAME ""
#define PACKAGE_TARNAME ""
#define PACKAGE_VERSION ""
#define PACKAGE_STRING ""
#define PACKAGE_BUGREPORT ""
#define PACKAGE_URL ""
#define STDC_HEADERS 1
#define HAVE_SYS_TYPES_H 1
#define HAVE_SYS_STAT_H 1
#define HAVE_STDLIB_H 1
#define HAVE_STRING_H 1
#define HAVE_MEMORY_H 1
#define HAVE_STRINGS_H 1
#define HAVE_INTTYPES_H 1
#define HAVE_STDINT_H 1
#define HAVE_UNISTD_H 1
#define HAVE_PTHREAD_H 1

configure: exit 0
