This file contains any messages produced by compilers while
running configure, to aid debugging if configure makes a mistake.

It was created by configure, which was
generated by GNU Autoconf 2.69.  Invocation command line was

  $ ./configure --disable-option-checking --cache-file=/dev/null --srcdir=/home/rsewell/Projects/Epilogue/integrations/otp_src_22.1/lib/wx

## --------- ##
## Platform. ##
## --------- ##

hostname = RAS-Surface
uname -m = x86_64
uname -r = 4.4.0-17763-Microsoft
uname -s = Linux
uname -v = #864-Microsoft Thu Nov 07 15:22:00 PST 2019

/usr/bin/uname -p = x86_64
/bin/uname -X     = unknown

/bin/arch              = x86_64
/usr/bin/arch -k       = unknown
/usr/convex/getsysinfo = unknown
/usr/bin/hostinfo      = unknown
/bin/machine           = unknown
/usr/bin/oslevel       = unknown
/bin/universe          = unknown

PATH: /opt/intel/bin
PATH: /opt/slickedit-pro2019/bin/
PATH: /home/rsewell/bin
PATH: /usr/local/bin
PATH: /usr/bin
PATH: /bin


## ----------- ##
## Core tests. ##
## ----------- ##

configure:2478: checking build system type
configure:2492: result: x86_64-unknown-linux-gnu
configure:2512: checking host system type
configure:2525: result: x86_64-unknown-linux-gnu
configure:2610: checking for gcc
configure:2626: found /usr/bin/gcc
configure:2637: result: gcc
configure:2866: checking for C compiler version
configure:2875: gcc --version >&5
gcc (SUSE Linux) 7.3.1 20180323 [gcc-7-branch revision 258812]
Copyright (C) 2017 Free Software Foundation, Inc.
This is free software; see the source for copying conditions.  There is NO
warranty; not even for MERCHANTABILITY or FITNESS FOR A PARTICULAR PURPOSE.

configure:2886: $? = 0
configure:2875: gcc -v >&5
Using built-in specs.
COLLECT_GCC=gcc
COLLECT_LTO_WRAPPER=/usr/lib64/gcc/x86_64-suse-linux/7/lto-wrapper
OFFLOAD_TARGET_NAMES=hsa:nvptx-none
Target: x86_64-suse-linux
Configured with: ../configure --prefix=/usr --infodir=/usr/share/info --mandir=/usr/share/man --libdir=/usr/lib64 --libexecdir=/usr/lib64 --enable-languages=c,c++,objc,fortran,obj-c++,ada,go --enable-offload-targets=hsa,nvptx-none=/usr/nvptx-none, --without-cuda-driver --enable-checking=release --disable-werror --with-gxx-include-dir=/usr/include/c++/7 --enable-ssp --disable-libssp --disable-libvtv --disable-libcc1 --disable-plugin --with-bugurl=http://bugs.opensuse.org/ --with-pkgversion='SUSE Linux' --with-slibdir=/lib64 --with-system-zlib --enable-__cxa_atexit --enable-libstdcxx-allocator=new --disable-libstdcxx-pch --enable-version-specific-runtime-libs --with-gcc-major-version-only --enable-linker-build-id --enable-linux-futex --enable-gnu-indirect-function --program-suffix=-7 --without-system-libunwind --enable-multilib --with-arch-32=x86-64 --with-tune=generic --build=x86_64-suse-linux --host=x86_64-suse-linux
Thread model: posix
gcc version 7.3.1 20180323 [gcc-7-branch revision 258812] (SUSE Linux) 
configure:2886: $? = 0
configure:2875: gcc -V >&5
gcc: error: unrecognized command line option '-V'
gcc: fatal error: no input files
compilation terminated.
configure:2886: $? = 1
configure:2875: gcc -qversion >&5
gcc: error: unrecognized command line option '-qversion'; did you mean '--version'?
gcc: fatal error: no input files
compilation terminated.
configure:2886: $? = 1
configure:2906: checking whether the C compiler works
configure:2928: gcc    conftest.c  >&5
configure:2932: $? = 0
configure:2980: result: yes
configure:2983: checking for C compiler default output file name
configure:2985: result: a.out
configure:2991: checking for suffix of executables
configure:2998: gcc -o conftest    conftest.c  >&5
configure:3002: $? = 0
configure:3024: result: 
configure:3046: checking whether we are cross compiling
configure:3054: gcc -o conftest    conftest.c  >&5
configure:3058: $? = 0
configure:3065: ./conftest
configure:3069: $? = 0
configure:3084: result: no
configure:3089: checking for suffix of object files
configure:3111: gcc -c   conftest.c >&5
configure:3115: $? = 0
configure:3136: result: o
configure:3140: checking whether we are using the GNU C compiler
configure:3159: gcc -c   conftest.c >&5
configure:3159: $? = 0
configure:3168: result: yes
configure:3177: checking whether gcc accepts -g
configure:3197: gcc -c -g  conftest.c >&5
configure:3197: $? = 0
configure:3238: result: yes
configure:3255: checking for gcc option to accept ISO C89
configure:3318: gcc  -c -g -O2  conftest.c >&5
configure:3318: $? = 0
configure:3331: result: none needed
configure:3409: checking for g++
configure:3425: found /usr/bin/g++
configure:3436: result: g++
configure:3463: checking for C++ compiler version
configure:3472: g++ --version >&5
g++ (SUSE Linux) 7.3.1 20180323 [gcc-7-branch revision 258812]
Copyright (C) 2017 Free Software Foundation, Inc.
This is free software; see the source for copying conditions.  There is NO
warranty; not even for MERCHANTABILITY or FITNESS FOR A PARTICULAR PURPOSE.

configure:3483: $? = 0
configure:3472: g++ -v >&5
Using built-in specs.
COLLECT_GCC=g++
COLLECT_LTO_WRAPPER=/usr/lib64/gcc/x86_64-suse-linux/7/lto-wrapper
OFFLOAD_TARGET_NAMES=hsa:nvptx-none
Target: x86_64-suse-linux
Configured with: ../configure --prefix=/usr --infodir=/usr/share/info --mandir=/usr/share/man --libdir=/usr/lib64 --libexecdir=/usr/lib64 --enable-languages=c,c++,objc,fortran,obj-c++,ada,go --enable-offload-targets=hsa,nvptx-none=/usr/nvptx-none, --without-cuda-driver --enable-checking=release --disable-werror --with-gxx-include-dir=/usr/include/c++/7 --enable-ssp --disable-libssp --disable-libvtv --disable-libcc1 --disable-plugin --with-bugurl=http://bugs.opensuse.org/ --with-pkgversion='SUSE Linux' --with-slibdir=/lib64 --with-system-zlib --enable-__cxa_atexit --enable-libstdcxx-allocator=new --disable-libstdcxx-pch --enable-version-specific-runtime-libs --with-gcc-major-version-only --enable-linker-build-id --enable-linux-futex --enable-gnu-indirect-function --program-suffix=-7 --without-system-libunwind --enable-multilib --with-arch-32=x86-64 --with-tune=generic --build=x86_64-suse-linux --host=x86_64-suse-linux
Thread model: posix
gcc version 7.3.1 20180323 [gcc-7-branch revision 258812] (SUSE Linux) 
configure:3483: $? = 0
configure:3472: g++ -V >&5
g++: error: unrecognized command line option '-V'
g++: fatal error: no input files
compilation terminated.
configure:3483: $? = 1
configure:3472: g++ -qversion >&5
g++: error: unrecognized command line option '-qversion'; did you mean '--version'?
g++: fatal error: no input files
compilation terminated.
configure:3483: $? = 1
configure:3487: checking whether we are using the GNU C++ compiler
configure:3506: g++ -c   conftest.cpp >&5
configure:3506: $? = 0
configure:3515: result: yes
configure:3524: checking whether g++ accepts -g
configure:3544: g++ -c -g  conftest.cpp >&5
configure:3544: $? = 0
configure:3585: result: yes
configure:3651: checking for ranlib
configure:3667: found /usr/bin/ranlib
configure:3678: result: ranlib
configure:3705: checking how to run the C preprocessor
configure:3736: gcc -E  conftest.c
configure:3736: $? = 0
configure:3750: gcc -E  conftest.c
conftest.c:9:10: fatal error: ac_nonexistent.h: No such file or directory
 #include <ac_nonexistent.h>
          ^~~~~~~~~~~~~~~~~~
compilation terminated.
configure:3750: $? = 1
configure: failed program was:
| /* confdefs.h */
| #define PACKAGE_NAME ""
| #define PACKAGE_TARNAME ""
| #define PACKAGE_VERSION ""
| #define PACKAGE_STRING ""
| #define PACKAGE_BUGREPORT ""
| #define PACKAGE_URL ""
| /* end confdefs.h.  */
| #include <ac_nonexistent.h>
configure:3775: result: gcc -E
configure:3795: gcc -E  conftest.c
configure:3795: $? = 0
configure:3809: gcc -E  conftest.c
conftest.c:9:10: fatal error: ac_nonexistent.h: No such file or directory
 #include <ac_nonexistent.h>
          ^~~~~~~~~~~~~~~~~~
compilation terminated.
configure:3809: $? = 1
configure: failed program was:
| /* confdefs.h */
| #define PACKAGE_NAME ""
| #define PACKAGE_TARNAME ""
| #define PACKAGE_VERSION ""
| #define PACKAGE_STRING ""
| #define PACKAGE_BUGREPORT ""
| #define PACKAGE_URL ""
| /* end confdefs.h.  */
| #include <ac_nonexistent.h>
configure:3858: g++ -c -g -O2  conftest.cpp >&5
configure:3858: $? = 0
configure:3878: Building for linux-gnu
configure:3889: checking for mixed cygwin or msys and native VC++ environment
configure:3912: result: no
configure:3928: checking for mixed cygwin and native MinGW environment
configure:3944: result: no
configure:3953: checking if we mix cygwin with any native compiler
configure:3959: result: no
configure:3965: checking if we mix msys with another native compiler
configure:3971: result: no
configure:3988: checking for grep that handles long lines and -e
configure:4046: result: /usr/bin/grep
configure:4051: checking for egrep
configure:4113: result: /usr/bin/grep -E
configure:4118: checking for ANSI C header files
configure:4138: gcc -c -g -O2  conftest.c >&5
configure:4138: $? = 0
configure:4211: gcc -o conftest -g -O2   conftest.c  >&5
configure:4211: $? = 0
configure:4211: ./conftest
configure:4211: $? = 0
configure:4222: result: yes
configure:4235: checking for sys/types.h
configure:4235: gcc -c -g -O2  conftest.c >&5
configure:4235: $? = 0
configure:4235: result: yes
configure:4235: checking for sys/stat.h
configure:4235: gcc -c -g -O2  conftest.c >&5
configure:4235: $? = 0
configure:4235: result: yes
configure:4235: checking for stdlib.h
configure:4235: gcc -c -g -O2  conftest.c >&5
configure:4235: $? = 0
configure:4235: result: yes
configure:4235: checking for string.h
configure:4235: gcc -c -g -O2  conftest.c >&5
configure:4235: $? = 0
configure:4235: result: yes
configure:4235: checking for memory.h
configure:4235: gcc -c -g -O2  conftest.c >&5
configure:4235: $? = 0
configure:4235: result: yes
configure:4235: checking for strings.h
configure:4235: gcc -c -g -O2  conftest.c >&5
configure:4235: $? = 0
configure:4235: result: yes
configure:4235: checking for inttypes.h
configure:4235: gcc -c -g -O2  conftest.c >&5
configure:4235: $? = 0
configure:4235: result: yes
configure:4235: checking for stdint.h
configure:4235: gcc -c -g -O2  conftest.c >&5
configure:4235: $? = 0
configure:4235: result: yes
configure:4235: checking for unistd.h
configure:4235: gcc -c -g -O2  conftest.c >&5
configure:4235: $? = 0
configure:4235: result: yes
configure:4251: checking size of void *
configure:4256: gcc -o conftest -g -O2   conftest.c  >&5
configure:4256: $? = 0
configure:4256: ./conftest
configure:4256: $? = 0
configure:4270: result: 8
configure:4440: checking if we can add -fno-move-loop-invariants to CXXNOOPT (via CFLAGS)
configure:4455: gcc -c -fno-move-loop-invariants -O1  -D_GNU_SOURCE -D_THREAD_SAFE -D_REENTRANT conftest.c >&5
configure:4455: $? = 0
configure:4463: result: yes
configure:4477: checking GL/gl.h usability
configure:4477: gcc -c -Wall -fPIC -g -O2 -Wno-deprecated-declarations -fomit-frame-pointer -fno-strict-aliasing  -D_GNU_SOURCE -D_THREAD_SAFE -D_REENTRANT conftest.c >&5
configure:4477: $? = 0
configure:4477: result: yes
configure:4477: checking GL/gl.h presence
configure:4477: gcc -E  -D_GNU_SOURCE -D_THREAD_SAFE -D_REENTRANT conftest.c
configure:4477: $? = 0
configure:4477: result: yes
configure:4477: checking for GL/gl.h
configure:4477: result: yes
configure:4569: checking GL/glu.h usability
configure:4569: gcc -c -Wall -fPIC -g -O2 -Wno-deprecated-declarations -fomit-frame-pointer -fno-strict-aliasing  -D_GNU_SOURCE -D_THREAD_SAFE -D_REENTRANT conftest.c >&5
configure:4569: $? = 0
configure:4569: result: yes
configure:4569: checking GL/glu.h presence
configure:4569: gcc -E  -D_GNU_SOURCE -D_THREAD_SAFE -D_REENTRANT conftest.c
configure:4569: $? = 0
configure:4569: result: yes
configure:4569: checking for GL/glu.h
configure:4569: result: yes
configure:4747: checking for debug build of wxWidgets
configure:4781: checking for wx-config
configure:4800: found /usr/bin/wx-config
configure:4813: result: /usr/bin/wx-config
configure:4831: checking for wxWidgets version >= 2.8.4 (--unicode --debug=yes)
configure:4874: result: yes (version 3.0.3)
configure:4878: checking for wxWidgets static library
configure:4882: result: no
configure:5024: checking for standard build of wxWidgets
configure:5057: checking for wx-config
configure:5089: result: /usr/bin/wx-config
configure:5107: checking for wxWidgets version >= 2.8.4 (--unicode --debug=no)
configure:5150: result: yes (version 3.0.3)
configure:5154: checking for wxWidgets static library
configure:5158: result: no
configure:5458: checking if wxwidgets have opengl support
configure:5491: g++ -c  -Wall -fPIC -g -O2 -Wno-deprecated-declarations -fomit-frame-pointer -fno-strict-aliasing  -D_GNU_SOURCE -D_THREAD_SAFE -D_REENTRANT -I/usr/lib64/wx/include/gtk2-unicode-3.0 -I/usr/include/wx-3.0 -D_FILE_OFFSET_BITS=64 -DwxDEBUG_LEVEL=0 -DWXUSINGDLL -D__WXGTK__ -pthread  -D_GNU_SOURCE -D_THREAD_SAFE -D_REENTRANT conftest.cpp >&5
configure:5491: $? = 0
configure:5508: result: yes
configure:5518: checking for GLintptr
configure:5518: gcc -c -Wall -fPIC -g -O2 -Wno-deprecated-declarations -fomit-frame-pointer -fno-strict-aliasing  -D_GNU_SOURCE -D_THREAD_SAFE -D_REENTRANT   -D_GNU_SOURCE -D_THREAD_SAFE -D_REENTRANT conftest.c >&5
configure:5518: $? = 0
configure:5518: gcc -c -Wall -fPIC -g -O2 -Wno-deprecated-declarations -fomit-frame-pointer -fno-strict-aliasing  -D_GNU_SOURCE -D_THREAD_SAFE -D_REENTRANT   -D_GNU_SOURCE -D_THREAD_SAFE -D_REENTRANT conftest.c >&5
conftest.c: In function 'main':
conftest.c:36:23: error: expected expression before ')' token
 if (sizeof ((GLintptr)))
                       ^
configure:5518: $? = 1
configure: failed program was:
| /* confdefs.h */
| #define PACKAGE_NAME ""
| #define PACKAGE_TARNAME ""
| #define PACKAGE_VERSION ""
| #define PACKAGE_STRING ""
| #define PACKAGE_BUGREPORT ""
| #define PACKAGE_URL ""
| #define STDC_HEADERS 1
| #define HAVE_SYS_TYPES_H 1
| #define HAVE_SYS_STAT_H 1
| #define HAVE_STDLIB_H 1
| #define HAVE_STRING_H 1
| #define HAVE_MEMORY_H 1
| #define HAVE_STRINGS_H 1
| #define HAVE_INTTYPES_H 1
| #define HAVE_STDINT_H 1
| #define HAVE_UNISTD_H 1
| #define SIZEOF_VOID_P 8
| #define HAVE_GL_GL_H 1
| #define HAVE_GL_GLU_H 1
| #define HAVE_GL_SUPPORT 1
| /* end confdefs.h.  */
| #ifdef WIN32
| 		# include <windows.h>
| 	        # include <gl/gl.h>
| 	        #elif defined(HAVE_GL_GL_H)
| 	        # include <GL/gl.h>
|                 #elif defined(HAVE_OPENGL_GL_H)
| 		# include <OpenGL/gl.h>
| 		#endif
| 
| 
| int
| main ()
| {
| if (sizeof ((GLintptr)))
| 	    return 0;
|   ;
|   return 0;
| }
configure:5518: result: yes
configure:5536: checking for GLintptrARB
configure:5536: gcc -c -Wall -fPIC -g -O2 -Wno-deprecated-declarations -fomit-frame-pointer -fno-strict-aliasing  -D_GNU_SOURCE -D_THREAD_SAFE -D_REENTRANT   -D_GNU_SOURCE -D_THREAD_SAFE -D_REENTRANT conftest.c >&5
configure:5536: $? = 0
configure:5536: gcc -c -Wall -fPIC -g -O2 -Wno-deprecated-declarations -fomit-frame-pointer -fno-strict-aliasing  -D_GNU_SOURCE -D_THREAD_SAFE -D_REENTRANT   -D_GNU_SOURCE -D_THREAD_SAFE -D_REENTRANT conftest.c >&5
conftest.c: In function 'main':
conftest.c:37:26: error: expected expression before ')' token
 if (sizeof ((GLintptrARB)))
                          ^
configure:5536: $? = 1
configure: failed program was:
| /* confdefs.h */
| #define PACKAGE_NAME ""
| #define PACKAGE_TARNAME ""
| #define PACKAGE_VERSION ""
| #define PACKAGE_STRING ""
| #define PACKAGE_BUGREPORT ""
| #define PACKAGE_URL ""
| #define STDC_HEADERS 1
| #define HAVE_SYS_TYPES_H 1
| #define HAVE_SYS_STAT_H 1
| #define HAVE_STDLIB_H 1
| #define HAVE_STRING_H 1
| #define HAVE_MEMORY_H 1
| #define HAVE_STRINGS_H 1
| #define HAVE_INTTYPES_H 1
| #define HAVE_STDINT_H 1
| #define HAVE_UNISTD_H 1
| #define SIZEOF_VOID_P 8
| #define HAVE_GL_GL_H 1
| #define HAVE_GL_GLU_H 1
| #define HAVE_GL_SUPPORT 1
| #define HAVE_GLINTPTR 1
| /* end confdefs.h.  */
| #ifdef WIN32
| 		# include <windows.h>
| 	        # include <gl/gl.h>
| 	        #elif defined(HAVE_GL_GL_H)
| 	        # include <GL/gl.h>
|                 #elif defined(HAVE_OPENGL_GL_H)
| 		# include <OpenGL/gl.h>
| 		#endif
| 
| 
| int
| main ()
| {
| if (sizeof ((GLintptrARB)))
| 	    return 0;
|   ;
|   return 0;
| }
configure:5536: result: yes
configure:5554: checking for GLchar
configure:5554: gcc -c -Wall -fPIC -g -O2 -Wno-deprecated-declarations -fomit-frame-pointer -fno-strict-aliasing  -D_GNU_SOURCE -D_THREAD_SAFE -D_REENTRANT   -D_GNU_SOURCE -D_THREAD_SAFE -D_REENTRANT conftest.c >&5
configure:5554: $? = 0
configure:5554: gcc -c -Wall -fPIC -g -O2 -Wno-deprecated-declarations -fomit-frame-pointer -fno-strict-aliasing  -D_GNU_SOURCE -D_THREAD_SAFE -D_REENTRANT   -D_GNU_SOURCE -D_THREAD_SAFE -D_REENTRANT conftest.c >&5
conftest.c: In function 'main':
conftest.c:38:21: error: expected expression before ')' token
 if (sizeof ((GLchar)))
                     ^
configure:5554: $? = 1
configure: failed program was:
| /* confdefs.h */
| #define PACKAGE_NAME ""
| #define PACKAGE_TARNAME ""
| #define PACKAGE_VERSION ""
| #define PACKAGE_STRING ""
| #define PACKAGE_BUGREPORT ""
| #define PACKAGE_URL ""
| #define STDC_HEADERS 1
| #define HAVE_SYS_TYPES_H 1
| #define HAVE_SYS_STAT_H 1
| #define HAVE_STDLIB_H 1
| #define HAVE_STRING_H 1
| #define HAVE_MEMORY_H 1
| #define HAVE_STRINGS_H 1
| #define HAVE_INTTYPES_H 1
| #define HAVE_STDINT_H 1
| #define HAVE_UNISTD_H 1
| #define SIZEOF_VOID_P 8
| #define HAVE_GL_GL_H 1
| #define HAVE_GL_GLU_H 1
| #define HAVE_GL_SUPPORT 1
| #define HAVE_GLINTPTR 1
| #define HAVE_GLINTPTRARB 1
| /* end confdefs.h.  */
| #ifdef WIN32
| 		# include <windows.h>
| 	        # include <gl/gl.h>
| 	        #elif defined(HAVE_GL_GL_H)
| 	        # include <GL/gl.h>
|                 #elif defined(HAVE_OPENGL_GL_H)
| 		# include <OpenGL/gl.h>
| 		#endif
| 
| 
| int
| main ()
| {
| if (sizeof ((GLchar)))
| 	    return 0;
|   ;
|   return 0;
| }
configure:5554: result: yes
configure:5572: checking for GLcharARB
configure:5572: gcc -c -Wall -fPIC -g -O2 -Wno-deprecated-declarations -fomit-frame-pointer -fno-strict-aliasing  -D_GNU_SOURCE -D_THREAD_SAFE -D_REENTRANT   -D_GNU_SOURCE -D_THREAD_SAFE -D_REENTRANT conftest.c >&5
configure:5572: $? = 0
configure:5572: gcc -c -Wall -fPIC -g -O2 -Wno-deprecated-declarations -fomit-frame-pointer -fno-strict-aliasing  -D_GNU_SOURCE -D_THREAD_SAFE -D_REENTRANT   -D_GNU_SOURCE -D_THREAD_SAFE -D_REENTRANT conftest.c >&5
conftest.c: In function 'main':
conftest.c:39:24: error: expected expression before ')' token
 if (sizeof ((GLcharARB)))
                        ^
configure:5572: $? = 1
configure: failed program was:
| /* confdefs.h */
| #define PACKAGE_NAME ""
| #define PACKAGE_TARNAME ""
| #define PACKAGE_VERSION ""
| #define PACKAGE_STRING ""
| #define PACKAGE_BUGREPORT ""
| #define PACKAGE_URL ""
| #define STDC_HEADERS 1
| #define HAVE_SYS_TYPES_H 1
| #define HAVE_SYS_STAT_H 1
| #define HAVE_STDLIB_H 1
| #define HAVE_STRING_H 1
| #define HAVE_MEMORY_H 1
| #define HAVE_STRINGS_H 1
| #define HAVE_INTTYPES_H 1
| #define HAVE_STDINT_H 1
| #define HAVE_UNISTD_H 1
| #define SIZEOF_VOID_P 8
| #define HAVE_GL_GL_H 1
| #define HAVE_GL_GLU_H 1
| #define HAVE_GL_SUPPORT 1
| #define HAVE_GLINTPTR 1
| #define HAVE_GLINTPTRARB 1
| #define HAVE_GLCHAR 1
| /* end confdefs.h.  */
| #ifdef WIN32
| 		# include <windows.h>
| 	        # include <gl/gl.h>
| 	        #elif defined(HAVE_GL_GL_H)
| 	        # include <GL/gl.h>
|                 #elif defined(HAVE_OPENGL_GL_H)
| 		# include <OpenGL/gl.h>
| 		#endif
| 
| 
| int
| main ()
| {
| if (sizeof ((GLcharARB)))
| 	    return 0;
|   ;
|   return 0;
| }
configure:5572: result: yes
configure:5590: checking for GLhalfARB
configure:5590: gcc -c -Wall -fPIC -g -O2 -Wno-deprecated-declarations -fomit-frame-pointer -fno-strict-aliasing  -D_GNU_SOURCE -D_THREAD_SAFE -D_REENTRANT   -D_GNU_SOURCE -D_THREAD_SAFE -D_REENTRANT conftest.c >&5
configure:5590: $? = 0
configure:5590: gcc -c -Wall -fPIC -g -O2 -Wno-deprecated-declarations -fomit-frame-pointer -fno-strict-aliasing  -D_GNU_SOURCE -D_THREAD_SAFE -D_REENTRANT   -D_GNU_SOURCE -D_THREAD_SAFE -D_REENTRANT conftest.c >&5
conftest.c: In function 'main':
conftest.c:40:24: error: expected expression before ')' token
 if (sizeof ((GLhalfARB)))
                        ^
configure:5590: $? = 1
configure: failed program was:
| /* confdefs.h */
| #define PACKAGE_NAME ""
| #define PACKAGE_TARNAME ""
| #define PACKAGE_VERSION ""
| #define PACKAGE_STRING ""
| #define PACKAGE_BUGREPORT ""
| #define PACKAGE_URL ""
| #define STDC_HEADERS 1
| #define HAVE_SYS_TYPES_H 1
| #define HAVE_SYS_STAT_H 1
| #define HAVE_STDLIB_H 1
| #define HAVE_STRING_H 1
| #define HAVE_MEMORY_H 1
| #define HAVE_STRINGS_H 1
| #define HAVE_INTTYPES_H 1
| #define HAVE_STDINT_H 1
| #define HAVE_UNISTD_H 1
| #define SIZEOF_VOID_P 8
| #define HAVE_GL_GL_H 1
| #define HAVE_GL_GLU_H 1
| #define HAVE_GL_SUPPORT 1
| #define HAVE_GLINTPTR 1
| #define HAVE_GLINTPTRARB 1
| #define HAVE_GLCHAR 1
| #define HAVE_GLCHARARB 1
| /* end confdefs.h.  */
| #ifdef WIN32
| 		# include <windows.h>
| 	        # include <gl/gl.h>
| 	        #elif defined(HAVE_GL_GL_H)
| 	        # include <GL/gl.h>
|                 #elif defined(HAVE_OPENGL_GL_H)
| 		# include <OpenGL/gl.h>
| 		#endif
| 
| 
| int
| main ()
| {
| if (sizeof ((GLhalfARB)))
| 	    return 0;
|   ;
|   return 0;
| }
configure:5590: result: yes
configure:5608: checking for GLint64EXT
configure:5608: gcc -c -Wall -fPIC -g -O2 -Wno-deprecated-declarations -fomit-frame-pointer -fno-strict-aliasing  -D_GNU_SOURCE -D_THREAD_SAFE -D_REENTRANT   -D_GNU_SOURCE -D_THREAD_SAFE -D_REENTRANT conftest.c >&5
configure:5608: $? = 0
configure:5608: gcc -c -Wall -fPIC -g -O2 -Wno-deprecated-declarations -fomit-frame-pointer -fno-strict-aliasing  -D_GNU_SOURCE -D_THREAD_SAFE -D_REENTRANT   -D_GNU_SOURCE -D_THREAD_SAFE -D_REENTRANT conftest.c >&5
conftest.c: In function 'main':
conftest.c:41:25: error: expected expression before ')' token
 if (sizeof ((GLint64EXT)))
                         ^
configure:5608: $? = 1
configure: failed program was:
| /* confdefs.h */
| #define PACKAGE_NAME ""
| #define PACKAGE_TARNAME ""
| #define PACKAGE_VERSION ""
| #define PACKAGE_STRING ""
| #define PACKAGE_BUGREPORT ""
| #define PACKAGE_URL ""
| #define STDC_HEADERS 1
| #define HAVE_SYS_TYPES_H 1
| #define HAVE_SYS_STAT_H 1
| #define HAVE_STDLIB_H 1
| #define HAVE_STRING_H 1
| #define HAVE_MEMORY_H 1
| #define HAVE_STRINGS_H 1
| #define HAVE_INTTYPES_H 1
| #define HAVE_STDINT_H 1
| #define HAVE_UNISTD_H 1
| #define SIZEOF_VOID_P 8
| #define HAVE_GL_GL_H 1
| #define HAVE_GL_GLU_H 1
| #define HAVE_GL_SUPPORT 1
| #define HAVE_GLINTPTR 1
| #define HAVE_GLINTPTRARB 1
| #define HAVE_GLCHAR 1
| #define HAVE_GLCHARARB 1
| #define HAVE_GLHALFARB 1
| /* end confdefs.h.  */
| #ifdef WIN32
| 		# include <windows.h>
| 	        # include <gl/gl.h>
| 	        #elif defined(HAVE_GL_GL_H)
| 	        # include <GL/gl.h>
|                 #elif defined(HAVE_OPENGL_GL_H)
| 		# include <OpenGL/gl.h>
| 		#endif
| 
| 
| int
| main ()
| {
| if (sizeof ((GLint64EXT)))
| 	    return 0;
|   ;
|   return 0;
| }
configure:5608: result: yes
configure:5629: checking GLU Callbacks uses Tiger Style
configure:5667: g++ -c  -Wall -fPIC -g -O2 -Wno-deprecated-declarations -fomit-frame-pointer -fno-strict-aliasing  -D_GNU_SOURCE -D_THREAD_SAFE -D_REENTRANT -I/usr/lib64/wx/include/gtk2-unicode-3.0 -I/usr/include/wx-3.0 -D_FILE_OFFSET_BITS=64 -DwxDEBUG_LEVEL=0 -DWXUSINGDLL -D__WXGTK__ -pthread  -D_GNU_SOURCE -D_THREAD_SAFE -D_REENTRANT conftest.cpp >&5
conftest.cpp: In function 'int main()':
conftest.cpp:48:43: error: invalid conversion from 'GLvoid (*)(...) {aka void (*)(...)}' to '_GLUfuncptr {aka void (*)()}' [-fpermissive]
      gluTessCallback(tess,GLU_TESS_VERTEX,(GLvoid (*)(...)) foo);
                                           ^~~~~~~~~~~~~~~~~~~~~
In file included from conftest.cpp:34:0:
/usr/include/GL/glu.h:340:23: note:   initializing argument 3 of 'void gluTessCallback(GLUtesselator*, GLenum, _GLUfuncptr)'
 GLAPI void GLAPIENTRY gluTessCallback (GLUtesselator* tess, GLenum which, _GLUfuncptr CallBackFunc);
                       ^~~~~~~~~~~~~~~
configure:5667: $? = 1
configure: failed program was:
| /* confdefs.h */
| #define PACKAGE_NAME ""
| #define PACKAGE_TARNAME ""
| #define PACKAGE_VERSION ""
| #define PACKAGE_STRING ""
| #define PACKAGE_BUGREPORT ""
| #define PACKAGE_URL ""
| #define STDC_HEADERS 1
| #define HAVE_SYS_TYPES_H 1
| #define HAVE_SYS_STAT_H 1
| #define HAVE_STDLIB_H 1
| #define HAVE_STRING_H 1
| #define HAVE_MEMORY_H 1
| #define HAVE_STRINGS_H 1
| #define HAVE_INTTYPES_H 1
| #define HAVE_STDINT_H 1
| #define HAVE_UNISTD_H 1
| #define SIZEOF_VOID_P 8
| #define HAVE_GL_GL_H 1
| #define HAVE_GL_GLU_H 1
| #define HAVE_GL_SUPPORT 1
| #define HAVE_GLINTPTR 1
| #define HAVE_GLINTPTRARB 1
| #define HAVE_GLCHAR 1
| #define HAVE_GLCHARARB 1
| #define HAVE_GLHALFARB 1
| #define HAVE_GLINT64EXT 1
| /* end confdefs.h.  */
| 
|                 #ifdef WIN32
| 		# include <windows.h>
| 	        # include <gl/glu.h>
| 	        #elif defined(HAVE_GL_GL_H)
| 	        # include <GL/glu.h>
|                 #elif defined(HAVE_OPENGL_GL_H)
| 		# include <OpenGL/glu.h>
| 		#endif
| 		#ifndef CALLBACK
| 		# define CALLBACK
| 		#endif
| 		void CALLBACK foo() {};
| 
| int
| main ()
| {
| 
| 		   GLUtesselator* tess;
| 		   gluTessCallback(tess,GLU_TESS_VERTEX,(GLvoid (*)(...)) foo);
| 
|   ;
|   return 0;
| }
configure:5676: result: no
configure:5683: checking for wx/stc/stc.h
configure:5683: g++ -c  -Wall -fPIC -g -O2 -Wno-deprecated-declarations -fomit-frame-pointer -fno-strict-aliasing  -D_GNU_SOURCE -D_THREAD_SAFE -D_REENTRANT -I/usr/lib64/wx/include/gtk2-unicode-3.0 -I/usr/include/wx-3.0 -D_FILE_OFFSET_BITS=64 -DwxDEBUG_LEVEL=0 -DWXUSINGDLL -D__WXGTK__ -pthread  -D_GNU_SOURCE -D_THREAD_SAFE -D_REENTRANT conftest.cpp >&5
configure:5683: $? = 0
configure:5683: result: yes
configure:5705: checking if we can link wxwidgets programs
configure:5744: g++ -o conftest  -Wall -fPIC -g -O2 -Wno-deprecated-declarations -fomit-frame-pointer -fno-strict-aliasing  -D_GNU_SOURCE -D_THREAD_SAFE -D_REENTRANT -I/usr/lib64/wx/include/gtk2-unicode-3.0 -I/usr/include/wx-3.0 -D_FILE_OFFSET_BITS=64 -DwxDEBUG_LEVEL=0 -DWXUSINGDLL -D__WXGTK__ -pthread  -D_GNU_SOURCE -D_THREAD_SAFE -D_REENTRANT -shared -fPIC  conftest.cpp  >&5
conftest.cpp: In member function 'virtual bool MyApp::OnInit()':
conftest.cpp:50:29: warning: unused variable 'foo' [-Wunused-variable]
          wxStyledTextCtrl * foo = new wxStyledTextCtrl();
                             ^~~
conftest.cpp:51:23: warning: unused variable 'bar' [-Wunused-variable]
          wxGLCanvas * bar = new wxGLCanvas((wxWindow *) NULL, -1,
                       ^~~
configure:5744: $? = 0
configure:5764: result: yes
configure:5780: checking if we can add -Werror=return-type to CFLAGS (via CFLAGS)
configure:5795: gcc -c -Werror=return-type -Wall -fPIC -g -O2 -Wno-deprecated-declarations -fomit-frame-pointer -fno-strict-aliasing  -D_GNU_SOURCE -D_THREAD_SAFE -D_REENTRANT   -D_GNU_SOURCE -D_THREAD_SAFE -D_REENTRANT conftest.c >&5
configure:5795: $? = 0
configure:5803: result: yes
configure:5812: checking if we can add -Werror=return-type to CXXFLAGS (via CFLAGS)
configure:5827: gcc -c -Werror=return-type  -Wall -fPIC -g -O2 -Wno-deprecated-declarations -fomit-frame-pointer -fno-strict-aliasing  -D_GNU_SOURCE -D_THREAD_SAFE -D_REENTRANT  -D_GNU_SOURCE -D_THREAD_SAFE -D_REENTRANT conftest.c >&5
configure:5827: $? = 0
configure:5835: result: yes
configure:6044: creating x86_64-unknown-linux-gnu/config.status

## ---------------------- ##
## Running config.status. ##
## ---------------------- ##

This file was extended by config.status, which was
generated by GNU Autoconf 2.69.  Invocation command line was

  CONFIG_FILES    = 
  CONFIG_HEADERS  = 
  CONFIG_LINKS    = 
  CONFIG_COMMANDS = 
  $ x86_64-unknown-linux-gnu/config.status 

on RAS-Surface

config.status:784: creating config.mk
config.status:784: creating c_src/Makefile

## ---------------- ##
## Cache variables. ##
## ---------------- ##

ac_cv_build=x86_64-unknown-linux-gnu
ac_cv_c_compiler_gnu=yes
ac_cv_cxx_compiler_gnu=yes
ac_cv_env_CCC_set=
ac_cv_env_CCC_value=
ac_cv_env_CC_set=
ac_cv_env_CC_value=
ac_cv_env_CFLAGS_set=
ac_cv_env_CFLAGS_value=
ac_cv_env_CPPFLAGS_set=
ac_cv_env_CPPFLAGS_value=
ac_cv_env_CPP_set=
ac_cv_env_CPP_value=
ac_cv_env_CXXFLAGS_set=
ac_cv_env_CXXFLAGS_value=
ac_cv_env_CXX_set=
ac_cv_env_CXX_value=
ac_cv_env_LDFLAGS_set=
ac_cv_env_LDFLAGS_value=
ac_cv_env_LIBS_set=
ac_cv_env_LIBS_value=
ac_cv_env_build_alias_set=
ac_cv_env_build_alias_value=
ac_cv_env_host_alias_set=
ac_cv_env_host_alias_value=
ac_cv_env_target_alias_set=
ac_cv_env_target_alias_value=
ac_cv_header_GL_gl_h=yes
ac_cv_header_GL_glu_h=yes
ac_cv_header_inttypes_h=yes
ac_cv_header_memory_h=yes
ac_cv_header_stdc=yes
ac_cv_header_stdint_h=yes
ac_cv_header_stdlib_h=yes
ac_cv_header_string_h=yes
ac_cv_header_strings_h=yes
ac_cv_header_sys_stat_h=yes
ac_cv_header_sys_types_h=yes
ac_cv_header_unistd_h=yes
ac_cv_header_wx_stc_stc_h=yes
ac_cv_host=x86_64-unknown-linux-gnu
ac_cv_objext=o
ac_cv_path_EGREP='/usr/bin/grep -E'
ac_cv_path_GREP=/usr/bin/grep
ac_cv_path_WX_CONFIG_PATH=/usr/bin/wx-config
ac_cv_prog_CPP='gcc -E'
ac_cv_prog_ac_ct_CC=gcc
ac_cv_prog_ac_ct_CXX=g++
ac_cv_prog_ac_ct_RANLIB=ranlib
ac_cv_prog_cc_c89=
ac_cv_prog_cc_g=yes
ac_cv_prog_cxx_g=yes
ac_cv_sizeof_void_p=8
ac_cv_type_GLchar=yes
ac_cv_type_GLcharARB=yes
ac_cv_type_GLhalfARB=yes
ac_cv_type_GLint64EXT=yes
ac_cv_type_GLintptr=yes
ac_cv_type_GLintptrARB=yes

## ----------------- ##
## Output variables. ##
## ----------------- ##

CC='gcc'
CFLAGS='-Werror=return-type -Wall -fPIC -g -O2 -Wno-deprecated-declarations -fomit-frame-pointer -fno-strict-aliasing  -D_GNU_SOURCE -D_THREAD_SAFE -D_REENTRANT '
CPP='gcc -E'
CPPFLAGS=' -D_GNU_SOURCE -D_THREAD_SAFE -D_REENTRANT'
CXX='g++'
CXXFLAGS='-Werror=return-type  -Wall -fPIC -g -O2 -Wno-deprecated-declarations -fomit-frame-pointer -fno-strict-aliasing  -D_GNU_SOURCE -D_THREAD_SAFE -D_REENTRANT'
CXXNOOPTFLAGS=' -Wall -fPIC -g -O2 -Wno-deprecated-declarations -fomit-frame-pointer -fno-strict-aliasing  -D_GNU_SOURCE -D_THREAD_SAFE -D_REENTRANT -fno-move-loop-invariants -O1'
DEBUG_CFLAGS='-g -Wall -fPIC -g -O2 -Wno-deprecated-declarations -DDEBUG  -D_GNU_SOURCE -D_THREAD_SAFE -D_REENTRANT '
DEBUG_CXXFLAGS=' -g -Wall -fPIC -g -O2 -Wno-deprecated-declarations -DDEBUG  -D_GNU_SOURCE -D_THREAD_SAFE -D_REENTRANT'
DEBUG_WX_CFLAGS='-I/usr/lib64/wx/include/gtk2-unicode-3.0 -I/usr/include/wx-3.0 -D_FILE_OFFSET_BITS=64 -DwxDEBUG_LEVEL=0 -DWXUSINGDLL -D__WXGTK__ -pthread'
DEBUG_WX_CXXFLAGS='-I/usr/lib64/wx/include/gtk2-unicode-3.0 -I/usr/include/wx-3.0 -D_FILE_OFFSET_BITS=64 -DwxDEBUG_LEVEL=0 -DWXUSINGDLL -D__WXGTK__ -pthread'
DEBUG_WX_LIBS='-L/usr/lib64 -pthread   -lwx_gtk2u_stc-3.0 -lwx_gtk2u_xrc-3.0 -lwx_gtk2u_html-3.0 -lwx_gtk2u_adv-3.0 -lwx_baseu_xml-3.0 -lwx_gtk2u_core-3.0 -lwx_baseu-3.0 -lwx_gtk2u_gl-3.0 -lwx_gtk2u_aui-3.0 '
DEBUG_WX_LIBS_STATIC=''
DEFS='-DPACKAGE_NAME=\"\" -DPACKAGE_TARNAME=\"\" -DPACKAGE_VERSION=\"\" -DPACKAGE_STRING=\"\" -DPACKAGE_BUGREPORT=\"\" -DPACKAGE_URL=\"\" -DSTDC_HEADERS=1 -DHAVE_SYS_TYPES_H=1 -DHAVE_SYS_STAT_H=1 -DHAVE_STDLIB_H=1 -DHAVE_STRING_H=1 -DHAVE_MEMORY_H=1 -DHAVE_STRINGS_H=1 -DHAVE_INTTYPES_H=1 -DHAVE_STDINT_H=1 -DHAVE_UNISTD_H=1 -DSIZEOF_VOID_P=8 -DHAVE_GL_GL_H=1 -DHAVE_GL_GLU_H=1 -DHAVE_GL_SUPPORT=1 -DHAVE_GLINTPTR=1 -DHAVE_GLINTPTRARB=1 -DHAVE_GLCHAR=1 -DHAVE_GLCHARARB=1 -DHAVE_GLHALFARB=1 -DHAVE_GLINT64EXT=1 -DHAVE_WX_STC_STC_H=1'
ECHO_C=''
ECHO_N='-n'
ECHO_T=''
EGREP='/usr/bin/grep -E'
ERLANG_ROOT_DIR='/home/rsewell/Projects/Epilogue/integrations/otp_src_22.1'
ERLC='erlc'
EXEEXT=''
FORCED_DEBUG_BUILD='false'
GL_LIBS='-lGL -lGLU'
GREP='/usr/bin/grep'
HAVE_GL_SUPPORT='yes'
LDFLAGS='-shared -fPIC '
LIBOBJS=''
LIBS=''
LTLIBOBJS=''
MIXED_CYGWIN='no'
MIXED_CYGWIN_MINGW='no'
MIXED_CYGWIN_VC='no'
MIXED_MSYS='no'
MIXED_MSYS_VC='no'
MIXED_VC='no'
OBJC_CC='gcc'
OBJC_CFLAGS=''
OBJEXT='o'
PACKAGE_BUGREPORT=''
PACKAGE_NAME=''
PACKAGE_STRING=''
PACKAGE_TARNAME=''
PACKAGE_URL=''
PACKAGE_VERSION=''
PATH_SEPARATOR=':'
RANLIB='ranlib'
RC_FILE_TYPE='o'
RUN_ERL='erl'
SHELL='/bin/sh'
SO_EXT='.so'
TARGET='x86_64-unknown-linux-gnu'
TESS_CB_TIGER_STYLE='no'
WXERL_CAN_BUILD_DRIVER='true'
WXERL_SYS_TYPE='x86_64-unknown-linux-gnu'
WX_BUILDING_INSIDE_ERLSRC='true'
WX_CFLAGS='-I/usr/lib64/wx/include/gtk2-unicode-3.0 -I/usr/include/wx-3.0 -D_FILE_OFFSET_BITS=64 -DwxDEBUG_LEVEL=0 -DWXUSINGDLL -D__WXGTK__ -pthread'
WX_CFLAGS_ONLY='-pthread'
WX_CONFIG_PATH='/usr/bin/wx-config'
WX_CPPFLAGS='-I/usr/lib64/wx/include/gtk2-unicode-3.0 -I/usr/include/wx-3.0 -D_FILE_OFFSET_BITS=64 -DwxDEBUG_LEVEL=0 -DWXUSINGDLL -D__WXGTK__'
WX_CXXFLAGS='-I/usr/lib64/wx/include/gtk2-unicode-3.0 -I/usr/include/wx-3.0 -D_FILE_OFFSET_BITS=64 -DwxDEBUG_LEVEL=0 -DWXUSINGDLL -D__WXGTK__ -pthread'
WX_CXXFLAGS_ONLY=''
WX_HAVE_STATIC_LIBS='false'
WX_LIBS='-L/usr/lib64 -pthread   -lwx_gtk2u_stc-3.0 -lwx_gtk2u_xrc-3.0 -lwx_gtk2u_html-3.0 -lwx_gtk2u_adv-3.0 -lwx_baseu_xml-3.0 -lwx_gtk2u_core-3.0 -lwx_baseu-3.0 -lwx_gtk2u_gl-3.0 -lwx_gtk2u_aui-3.0 '
WX_LIBS_STATIC=''
WX_RESCOMP=''
WX_VERSION='3.0.3'
WX_VERSION_MAJOR='3'
WX_VERSION_MICRO='3'
WX_VERSION_MINOR='0'
ac_ct_CC='gcc'
ac_ct_CXX='g++'
bindir='${exec_prefix}/bin'
build='x86_64-unknown-linux-gnu'
build_alias=''
build_cpu='x86_64'
build_os='linux-gnu'
build_vendor='unknown'
datadir='${datarootdir}'
datarootdir='${prefix}/share'
docdir='${datarootdir}/doc/${PACKAGE}'
dvidir='${docdir}'
exec_prefix='${prefix}'
host='x86_64-unknown-linux-gnu'
host_alias=''
host_cpu='x86_64'
host_os='linux-gnu'
host_vendor='unknown'
htmldir='${docdir}'
includedir='${prefix}/include'
infodir='${datarootdir}/info'
libdir='${exec_prefix}/lib'
libexecdir='${exec_prefix}/libexec'
localedir='${datarootdir}/locale'
localstatedir='${prefix}/var'
mandir='${datarootdir}/man'
oldincludedir='/usr/include'
pdfdir='${docdir}'
prefix='/usr/local'
program_transform_name='s,x,x,'
psdir='${docdir}'
sbindir='${exec_prefix}/sbin'
sharedstatedir='${prefix}/com'
sysconfdir='${prefix}/etc'
target_alias=''

## ----------- ##
## confdefs.h. ##
## ----------- ##

/* confdefs.h */
#define PACKAGE_NAME ""
#define PACKAGE_TARNAME ""
#define PACKAGE_VERSION ""
#define PACKAGE_STRING ""
#define PACKAGE_BUGREPORT ""
#define PACKAGE_URL ""
#define STDC_HEADERS 1
#define HAVE_SYS_TYPES_H 1
#define HAVE_SYS_STAT_H 1
#define HAVE_STDLIB_H 1
#define HAVE_STRING_H 1
#define HAVE_MEMORY_H 1
#define HAVE_STRINGS_H 1
#define HAVE_INTTYPES_H 1
#define HAVE_STDINT_H 1
#define HAVE_UNISTD_H 1
#define SIZEOF_VOID_P 8
#define HAVE_GL_GL_H 1
#define HAVE_GL_GLU_H 1
#define HAVE_GL_SUPPORT 1
#define HAVE_GLINTPTR 1
#define HAVE_GLINTPTRARB 1
#define HAVE_GLCHAR 1
#define HAVE_GLCHARARB 1
#define HAVE_GLHALFARB 1
#define HAVE_GLINT64EXT 1
#define HAVE_WX_STC_STC_H 1

configure: exit 0
