This file contains any messages produced by compilers while
running configure, to aid debugging if configure makes a mistake.

It was created by configure, which was
generated by GNU Autoconf 2.69.  Invocation command line was

  $ ./configure --disable-option-checking --cache-file=/dev/null --srcdir=/home/rsewell/Projects/Epilogue/baselines/otp_src_22.1-lwk/lib/erl_interface

## --------- ##
## Platform. ##
## --------- ##

hostname = RAS-Surface
uname -m = x86_64
uname -r = 4.4.0-17763-Microsoft
uname -s = Linux
uname -v = #864-Microsoft Thu Nov 07 15:22:00 PST 2019

/usr/bin/uname -p = x86_64
/bin/uname -X     = unknown

/bin/arch              = x86_64
/usr/bin/arch -k       = unknown
/usr/convex/getsysinfo = unknown
/usr/bin/hostinfo      = unknown
/bin/machine           = unknown
/usr/bin/oslevel       = unknown
/bin/universe          = unknown

PATH: /opt/intel/bin
PATH: /opt/slickedit-pro2019/bin/
PATH: /home/rsewell/bin
PATH: /usr/local/bin
PATH: /usr/bin
PATH: /bin


## ----------- ##
## Core tests. ##
## ----------- ##

configure:2422: checking build system type
configure:2436: result: x86_64-unknown-linux-gnu
configure:2456: checking host system type
configure:2469: result: x86_64-unknown-linux-gnu
configure:2574: checking for gcc
configure:2601: result: icc
configure:2830: checking for C compiler version
configure:2839: icc --version >&5
icc (ICC) 19.0.5.281 20190815
Copyright (C) 1985-2019 Intel Corporation.  All rights reserved.

configure:2850: $? = 0
configure:2839: icc -v >&5
icc version 19.0.5.281 (gcc version 7.3.1 compatibility)
configure:2850: $? = 0
configure:2839: icc -V >&5
Intel(R) C Intel(R) 64 Compiler for applications running on Intel(R) 64, Version 19.0.5.281 Build 20190815
Copyright (C) 1985-2019 Intel Corporation.  All rights reserved.
FOR NON-COMMERCIAL USE ONLY

configure:2850: $? = 0
configure:2839: icc -qversion >&5
icc: command line warning #10006: ignoring unknown option '-qversion'
icc: command line error: no files specified; for help type "icc -help"
configure:2850: $? = 1
configure:2870: checking whether the C compiler works
configure:2892: icc    conftest.c  >&5
configure:2896: $? = 0
configure:2944: result: yes
configure:2947: checking for C compiler default output file name
configure:2949: result: a.out
configure:2955: checking for suffix of executables
configure:2962: icc -o conftest    conftest.c  >&5
configure:2966: $? = 0
configure:2988: result: 
configure:3010: checking whether we are cross compiling
configure:3018: icc -o conftest    conftest.c  >&5
configure:3022: $? = 0
configure:3029: ./conftest
configure:3033: $? = 0
configure:3048: result: no
configure:3053: checking for suffix of object files
configure:3075: icc -c   conftest.c >&5
configure:3079: $? = 0
configure:3100: result: o
configure:3104: checking whether we are using the GNU C compiler
configure:3123: icc -c   conftest.c >&5
configure:3123: $? = 0
configure:3132: result: yes
configure:3141: checking whether icc accepts -g
configure:3161: icc -c -g  conftest.c >&5
configure:3161: $? = 0
configure:3202: result: yes
configure:3219: checking for icc option to accept ISO C89
configure:3282: icc  -c -g -O2  conftest.c >&5
configure:3282: $? = 0
configure:3295: result: none needed
configure:3320: checking how to run the C preprocessor
configure:3351: icc -E  conftest.c
configure:3351: $? = 0
configure:3365: icc -E  conftest.c
conftest.c(9): error #2379: cannot open source file "ac_nonexistent.h"
  #include <ac_nonexistent.h>
                             ^

configure:3365: $? = 2
configure: failed program was:
| /* confdefs.h */
| #define PACKAGE_NAME ""
| #define PACKAGE_TARNAME ""
| #define PACKAGE_VERSION ""
| #define PACKAGE_STRING ""
| #define PACKAGE_BUGREPORT ""
| #define PACKAGE_URL ""
| /* end confdefs.h.  */
| #include <ac_nonexistent.h>
configure:3390: result: icc -E
configure:3410: icc -E  conftest.c
configure:3410: $? = 0
configure:3424: icc -E  conftest.c
conftest.c(9): error #2379: cannot open source file "ac_nonexistent.h"
  #include <ac_nonexistent.h>
                             ^

configure:3424: $? = 2
configure: failed program was:
| /* confdefs.h */
| #define PACKAGE_NAME ""
| #define PACKAGE_TARNAME ""
| #define PACKAGE_VERSION ""
| #define PACKAGE_STRING ""
| #define PACKAGE_BUGREPORT ""
| #define PACKAGE_URL ""
| /* end confdefs.h.  */
| #include <ac_nonexistent.h>
configure:3495: checking for ranlib
configure:3511: found /usr/bin/ranlib
configure:3522: result: ranlib
configure:3548: checking for ld.sh
configure:3578: result: no
configure:3629: checking for ld
configure:3645: found /usr/bin/ld
configure:3656: result: ld
configure:3682: checking for grep that handles long lines and -e
configure:3740: result: /usr/bin/grep
configure:3745: checking for egrep
configure:3807: result: /usr/bin/grep -E
configure:3812: checking for ANSI C header files
configure:3832: icc -c -g -O2  conftest.c >&5
configure:3832: $? = 0
configure:3905: icc -o conftest -g -O2   conftest.c  >&5
configure:3905: $? = 0
configure:3905: ./conftest
configure:3905: $? = 0
configure:3916: result: yes
configure:3929: checking for sys/types.h
configure:3929: icc -c -g -O2  conftest.c >&5
configure:3929: $? = 0
configure:3929: result: yes
configure:3929: checking for sys/stat.h
configure:3929: icc -c -g -O2  conftest.c >&5
configure:3929: $? = 0
configure:3929: result: yes
configure:3929: checking for stdlib.h
configure:3929: icc -c -g -O2  conftest.c >&5
configure:3929: $? = 0
configure:3929: result: yes
configure:3929: checking for string.h
configure:3929: icc -c -g -O2  conftest.c >&5
configure:3929: $? = 0
configure:3929: result: yes
configure:3929: checking for memory.h
configure:3929: icc -c -g -O2  conftest.c >&5
configure:3929: $? = 0
configure:3929: result: yes
configure:3929: checking for strings.h
configure:3929: icc -c -g -O2  conftest.c >&5
configure:3929: $? = 0
configure:3929: result: yes
configure:3929: checking for inttypes.h
configure:3929: icc -c -g -O2  conftest.c >&5
configure:3929: $? = 0
configure:3929: result: yes
configure:3929: checking for stdint.h
configure:3929: icc -c -g -O2  conftest.c >&5
configure:3929: $? = 0
configure:3929: result: yes
configure:3929: checking for unistd.h
configure:3929: icc -c -g -O2  conftest.c >&5
configure:3929: $? = 0
configure:3929: result: yes
configure:3945: checking size of short
configure:3950: icc -o conftest -g -O2   conftest.c  >&5
configure:3950: $? = 0
configure:3950: ./conftest
configure:3950: $? = 0
configure:3964: result: 2
configure:3978: checking size of int
configure:3983: icc -o conftest -g -O2   conftest.c  >&5
configure:3983: $? = 0
configure:3983: ./conftest
configure:3983: $? = 0
configure:3997: result: 4
configure:4011: checking size of long
configure:4016: icc -o conftest -g -O2   conftest.c  >&5
configure:4016: $? = 0
configure:4016: ./conftest
configure:4016: $? = 0
configure:4030: result: 8
configure:4044: checking size of void *
configure:4049: icc -o conftest -g -O2   conftest.c  >&5
configure:4049: $? = 0
configure:4049: ./conftest
configure:4049: $? = 0
configure:4063: result: 8
configure:4077: checking size of long long
configure:4082: icc -o conftest -g -O2   conftest.c  >&5
configure:4082: $? = 0
configure:4082: ./conftest
configure:4082: $? = 0
configure:4096: result: 8
configure:4118: checking target hardware architecture
configure:4155: result: amd64
configure:4158: checking whether compilation mode forces ARCH adjustment
configure:4197: result: no: ARCH is amd64
configure:4205: checking for unaligned word access
configure:4209: result: yes: x86 or amd64
configure:4264: checking for ar
configure:4280: found /usr/bin/ar
configure:4291: result: ar
configure:4341: checking for a BSD-compatible install
configure:4409: result: /usr/bin/install -c
configure:4420: checking how to create a directory including parents
configure:4441: result: /usr/bin/install -c -d
configure:4459: checking for gethostbyname in -lnsl
configure:4484: icc -o conftest -g -O2 -DEI_64BIT   conftest.c -lnsl   >&5
/usr/lib64/gcc/x86_64-suse-linux/7/../../../../x86_64-suse-linux/bin/ld: cannot find -lnsl
configure:4484: $? = 1
configure: failed program was:
| /* confdefs.h */
| #define PACKAGE_NAME ""
| #define PACKAGE_TARNAME ""
| #define PACKAGE_VERSION ""
| #define PACKAGE_STRING ""
| #define PACKAGE_BUGREPORT ""
| #define PACKAGE_URL ""
| #define STDC_HEADERS 1
| #define HAVE_SYS_TYPES_H 1
| #define HAVE_SYS_STAT_H 1
| #define HAVE_STDLIB_H 1
| #define HAVE_STRING_H 1
| #define HAVE_MEMORY_H 1
| #define HAVE_STRINGS_H 1
| #define HAVE_INTTYPES_H 1
| #define HAVE_STDINT_H 1
| #define HAVE_UNISTD_H 1
| #define SIZEOF_SHORT 2
| #define SIZEOF_INT 4
| #define SIZEOF_LONG 8
| #define SIZEOF_VOID_P 8
| #define SIZEOF_LONG_LONG 8
| #define EI_HIDE_REAL_ERRNO 1
| #define HAVE_UNALIGNED_WORD_ACCESS 1
| /* end confdefs.h.  */
| 
| /* Override any GCC internal prototype to avoid an error.
|    Use char because int might match the return type of a GCC
|    builtin and then its argument prototype would still apply.  */
| #ifdef __cplusplus
| extern "C"
| #endif
| char gethostbyname ();
| int
| main ()
| {
| return gethostbyname ();
|   ;
|   return 0;
| }
configure:4493: result: no
configure:4504: checking for getpeername in -lsocket
configure:4529: icc -o conftest -g -O2 -DEI_64BIT   conftest.c -lsocket   >&5
/usr/lib64/gcc/x86_64-suse-linux/7/../../../../x86_64-suse-linux/bin/ld: cannot find -lsocket
configure:4529: $? = 1
configure: failed program was:
| /* confdefs.h */
| #define PACKAGE_NAME ""
| #define PACKAGE_TARNAME ""
| #define PACKAGE_VERSION ""
| #define PACKAGE_STRING ""
| #define PACKAGE_BUGREPORT ""
| #define PACKAGE_URL ""
| #define STDC_HEADERS 1
| #define HAVE_SYS_TYPES_H 1
| #define HAVE_SYS_STAT_H 1
| #define HAVE_STDLIB_H 1
| #define HAVE_STRING_H 1
| #define HAVE_MEMORY_H 1
| #define HAVE_STRINGS_H 1
| #define HAVE_INTTYPES_H 1
| #define HAVE_STDINT_H 1
| #define HAVE_UNISTD_H 1
| #define SIZEOF_SHORT 2
| #define SIZEOF_INT 4
| #define SIZEOF_LONG 8
| #define SIZEOF_VOID_P 8
| #define SIZEOF_LONG_LONG 8
| #define EI_HIDE_REAL_ERRNO 1
| #define HAVE_UNALIGNED_WORD_ACCESS 1
| /* end confdefs.h.  */
| 
| /* Override any GCC internal prototype to avoid an error.
|    Use char because int might match the return type of a GCC
|    builtin and then its argument prototype would still apply.  */
| #ifdef __cplusplus
| extern "C"
| #endif
| char getpeername ();
| int
| main ()
| {
| return getpeername ();
|   ;
|   return 0;
| }
configure:4538: result: no
configure:4551: checking for ANSI C header files
configure:4655: result: yes
configure:4663: checking for sys/wait.h that is POSIX.1 compatible
configure:4689: icc -c -g -O2 -DEI_64BIT  conftest.c >&5
configure:4689: $? = 0
configure:4696: result: yes
configure:4707: checking arpa/inet.h usability
configure:4707: icc -c -g -O2 -DEI_64BIT  conftest.c >&5
configure:4707: $? = 0
configure:4707: result: yes
configure:4707: checking arpa/inet.h presence
configure:4707: icc -E  conftest.c
configure:4707: $? = 0
configure:4707: result: yes
configure:4707: checking for arpa/inet.h
configure:4707: result: yes
configure:4707: checking fcntl.h usability
configure:4707: icc -c -g -O2 -DEI_64BIT  conftest.c >&5
configure:4707: $? = 0
configure:4707: result: yes
configure:4707: checking fcntl.h presence
configure:4707: icc -E  conftest.c
configure:4707: $? = 0
configure:4707: result: yes
configure:4707: checking for fcntl.h
configure:4707: result: yes
configure:4707: checking limits.h usability
configure:4707: icc -c -g -O2 -DEI_64BIT  conftest.c >&5
configure:4707: $? = 0
configure:4707: result: yes
configure:4707: checking limits.h presence
configure:4707: icc -E  conftest.c
configure:4707: $? = 0
configure:4707: result: yes
configure:4707: checking for limits.h
configure:4707: result: yes
configure:4707: checking malloc.h usability
configure:4707: icc -c -g -O2 -DEI_64BIT  conftest.c >&5
configure:4707: $? = 0
configure:4707: result: yes
configure:4707: checking malloc.h presence
configure:4707: icc -E  conftest.c
configure:4707: $? = 0
configure:4707: result: yes
configure:4707: checking for malloc.h
configure:4707: result: yes
configure:4707: checking netdb.h usability
configure:4707: icc -c -g -O2 -DEI_64BIT  conftest.c >&5
configure:4707: $? = 0
configure:4707: result: yes
configure:4707: checking netdb.h presence
configure:4707: icc -E  conftest.c
configure:4707: $? = 0
configure:4707: result: yes
configure:4707: checking for netdb.h
configure:4707: result: yes
configure:4707: checking netinet/in.h usability
configure:4707: icc -c -g -O2 -DEI_64BIT  conftest.c >&5
configure:4707: $? = 0
configure:4707: result: yes
configure:4707: checking netinet/in.h presence
configure:4707: icc -E  conftest.c
configure:4707: $? = 0
configure:4707: result: yes
configure:4707: checking for netinet/in.h
configure:4707: result: yes
configure:4707: checking stddef.h usability
configure:4707: icc -c -g -O2 -DEI_64BIT  conftest.c >&5
configure:4707: $? = 0
configure:4707: result: yes
configure:4707: checking stddef.h presence
configure:4707: icc -E  conftest.c
configure:4707: $? = 0
configure:4707: result: yes
configure:4707: checking for stddef.h
configure:4707: result: yes
configure:4707: checking for stdlib.h
configure:4707: result: yes
configure:4707: checking for string.h
configure:4707: result: yes
configure:4707: checking sys/param.h usability
configure:4707: icc -c -g -O2 -DEI_64BIT  conftest.c >&5
configure:4707: $? = 0
configure:4707: result: yes
configure:4707: checking sys/param.h presence
configure:4707: icc -E  conftest.c
configure:4707: $? = 0
configure:4707: result: yes
configure:4707: checking for sys/param.h
configure:4707: result: yes
configure:4707: checking sys/socket.h usability
configure:4707: icc -c -g -O2 -DEI_64BIT  conftest.c >&5
configure:4707: $? = 0
configure:4707: result: yes
configure:4707: checking sys/socket.h presence
configure:4707: icc -E  conftest.c
configure:4707: $? = 0
configure:4707: result: yes
configure:4707: checking for sys/socket.h
configure:4707: result: yes
configure:4707: checking sys/select.h usability
configure:4707: icc -c -g -O2 -DEI_64BIT  conftest.c >&5
configure:4707: $? = 0
configure:4707: result: yes
configure:4707: checking sys/select.h presence
configure:4707: icc -E  conftest.c
configure:4707: $? = 0
configure:4707: result: yes
configure:4707: checking for sys/select.h
configure:4707: result: yes
configure:4707: checking sys/time.h usability
configure:4707: icc -c -g -O2 -DEI_64BIT  conftest.c >&5
configure:4707: $? = 0
configure:4707: result: yes
configure:4707: checking sys/time.h presence
configure:4707: icc -E  conftest.c
configure:4707: $? = 0
configure:4707: result: yes
configure:4707: checking for sys/time.h
configure:4707: result: yes
configure:4707: checking for unistd.h
configure:4707: result: yes
configure:4707: checking for sys/types.h
configure:4707: result: yes
configure:4707: checking sys/uio.h usability
configure:4707: icc -c -g -O2 -DEI_64BIT  conftest.c >&5
configure:4707: $? = 0
configure:4707: result: yes
configure:4707: checking sys/uio.h presence
configure:4707: icc -E  conftest.c
configure:4707: $? = 0
configure:4707: result: yes
configure:4707: checking for sys/uio.h
configure:4707: result: yes
configure:4720: checking for uid_t in sys/types.h
configure:4739: result: yes
configure:4750: checking for pid_t
configure:4750: icc -c -g -O2 -DEI_64BIT  conftest.c >&5
configure:4750: $? = 0
configure:4750: icc -c -g -O2 -DEI_64BIT  conftest.c >&5
conftest.c(80): error: expected an expression
  if (sizeof ((pid_t)))
                     ^

compilation aborted for conftest.c (code 2)
configure:4750: $? = 2
configure: failed program was:
| /* confdefs.h */
| #define PACKAGE_NAME ""
| #define PACKAGE_TARNAME ""
| #define PACKAGE_VERSION ""
| #define PACKAGE_STRING ""
| #define PACKAGE_BUGREPORT ""
| #define PACKAGE_URL ""
| #define STDC_HEADERS 1
| #define HAVE_SYS_TYPES_H 1
| #define HAVE_SYS_STAT_H 1
| #define HAVE_STDLIB_H 1
| #define HAVE_STRING_H 1
| #define HAVE_MEMORY_H 1
| #define HAVE_STRINGS_H 1
| #define HAVE_INTTYPES_H 1
| #define HAVE_STDINT_H 1
| #define HAVE_UNISTD_H 1
| #define SIZEOF_SHORT 2
| #define SIZEOF_INT 4
| #define SIZEOF_LONG 8
| #define SIZEOF_VOID_P 8
| #define SIZEOF_LONG_LONG 8
| #define EI_HIDE_REAL_ERRNO 1
| #define HAVE_UNALIGNED_WORD_ACCESS 1
| #define STDC_HEADERS 1
| #define HAVE_SYS_WAIT_H 1
| #define HAVE_ARPA_INET_H 1
| #define HAVE_FCNTL_H 1
| #define HAVE_LIMITS_H 1
| #define HAVE_MALLOC_H 1
| #define HAVE_NETDB_H 1
| #define HAVE_NETINET_IN_H 1
| #define HAVE_STDDEF_H 1
| #define HAVE_STDLIB_H 1
| #define HAVE_STRING_H 1
| #define HAVE_SYS_PARAM_H 1
| #define HAVE_SYS_SOCKET_H 1
| #define HAVE_SYS_SELECT_H 1
| #define HAVE_SYS_TIME_H 1
| #define HAVE_UNISTD_H 1
| #define HAVE_SYS_TYPES_H 1
| #define HAVE_SYS_UIO_H 1
| /* end confdefs.h.  */
| #include <stdio.h>
| #ifdef HAVE_SYS_TYPES_H
| # include <sys/types.h>
| #endif
| #ifdef HAVE_SYS_STAT_H
| # include <sys/stat.h>
| #endif
| #ifdef STDC_HEADERS
| # include <stdlib.h>
| # include <stddef.h>
| #else
| # ifdef HAVE_STDLIB_H
| #  include <stdlib.h>
| # endif
| #endif
| #ifdef HAVE_STRING_H
| # if !defined STDC_HEADERS && defined HAVE_MEMORY_H
| #  include <memory.h>
| # endif
| # include <string.h>
| #endif
| #ifdef HAVE_STRINGS_H
| # include <strings.h>
| #endif
| #ifdef HAVE_INTTYPES_H
| # include <inttypes.h>
| #endif
| #ifdef HAVE_STDINT_H
| # include <stdint.h>
| #endif
| #ifdef HAVE_UNISTD_H
| # include <unistd.h>
| #endif
| int
| main ()
| {
| if (sizeof ((pid_t)))
| 	    return 0;
|   ;
|   return 0;
| }
configure:4750: result: yes
configure:4761: checking for size_t
configure:4761: icc -c -g -O2 -DEI_64BIT  conftest.c >&5
configure:4761: $? = 0
configure:4761: icc -c -g -O2 -DEI_64BIT  conftest.c >&5
conftest.c(80): error: expected an expression
  if (sizeof ((size_t)))
                      ^

compilation aborted for conftest.c (code 2)
configure:4761: $? = 2
configure: failed program was:
| /* confdefs.h */
| #define PACKAGE_NAME ""
| #define PACKAGE_TARNAME ""
| #define PACKAGE_VERSION ""
| #define PACKAGE_STRING ""
| #define PACKAGE_BUGREPORT ""
| #define PACKAGE_URL ""
| #define STDC_HEADERS 1
| #define HAVE_SYS_TYPES_H 1
| #define HAVE_SYS_STAT_H 1
| #define HAVE_STDLIB_H 1
| #define HAVE_STRING_H 1
| #define HAVE_MEMORY_H 1
| #define HAVE_STRINGS_H 1
| #define HAVE_INTTYPES_H 1
| #define HAVE_STDINT_H 1
| #define HAVE_UNISTD_H 1
| #define SIZEOF_SHORT 2
| #define SIZEOF_INT 4
| #define SIZEOF_LONG 8
| #define SIZEOF_VOID_P 8
| #define SIZEOF_LONG_LONG 8
| #define EI_HIDE_REAL_ERRNO 1
| #define HAVE_UNALIGNED_WORD_ACCESS 1
| #define STDC_HEADERS 1
| #define HAVE_SYS_WAIT_H 1
| #define HAVE_ARPA_INET_H 1
| #define HAVE_FCNTL_H 1
| #define HAVE_LIMITS_H 1
| #define HAVE_MALLOC_H 1
| #define HAVE_NETDB_H 1
| #define HAVE_NETINET_IN_H 1
| #define HAVE_STDDEF_H 1
| #define HAVE_STDLIB_H 1
| #define HAVE_STRING_H 1
| #define HAVE_SYS_PARAM_H 1
| #define HAVE_SYS_SOCKET_H 1
| #define HAVE_SYS_SELECT_H 1
| #define HAVE_SYS_TIME_H 1
| #define HAVE_UNISTD_H 1
| #define HAVE_SYS_TYPES_H 1
| #define HAVE_SYS_UIO_H 1
| /* end confdefs.h.  */
| #include <stdio.h>
| #ifdef HAVE_SYS_TYPES_H
| # include <sys/types.h>
| #endif
| #ifdef HAVE_SYS_STAT_H
| # include <sys/stat.h>
| #endif
| #ifdef STDC_HEADERS
| # include <stdlib.h>
| # include <stddef.h>
| #else
| # ifdef HAVE_STDLIB_H
| #  include <stdlib.h>
| # endif
| #endif
| #ifdef HAVE_STRING_H
| # if !defined STDC_HEADERS && defined HAVE_MEMORY_H
| #  include <memory.h>
| # endif
| # include <string.h>
| #endif
| #ifdef HAVE_STRINGS_H
| # include <strings.h>
| #endif
| #ifdef HAVE_INTTYPES_H
| # include <inttypes.h>
| #endif
| #ifdef HAVE_STDINT_H
| # include <stdint.h>
| #endif
| #ifdef HAVE_UNISTD_H
| # include <unistd.h>
| #endif
| int
| main ()
| {
| if (sizeof ((size_t)))
| 	    return 0;
|   ;
|   return 0;
| }
configure:4761: result: yes
configure:4772: checking whether time.h and sys/time.h may both be included
configure:4792: icc -c -g -O2 -DEI_64BIT  conftest.c >&5
configure:4792: $? = 0
configure:4799: result: yes
configure:4807: checking for socklen_t usability
configure:4821: icc -c -g -O2 -DEI_64BIT  conftest.c >&5
configure:4821: $? = 0
configure:4822: result: yes
configure:4836: checking for working alloca.h
configure:4853: icc -o conftest -g -O2 -DEI_64BIT   conftest.c  >&5
configure:4853: $? = 0
configure:4861: result: yes
configure:4869: checking for alloca
configure:4906: icc -o conftest -g -O2 -DEI_64BIT   conftest.c  >&5
configure:4906: $? = 0
configure:4914: result: yes
configure:5022: checking whether icc needs -traditional
configure:5056: result: no
configure:5064: checking for working memcmp
configure:5107: icc -o conftest -g -O2 -DEI_64BIT   conftest.c  >&5
configure:5107: $? = 0
configure:5107: ./conftest
configure:5107: $? = 0
configure:5117: result: yes
configure:5133: checking for dup2
configure:5133: icc -o conftest -g -O2 -DEI_64BIT   conftest.c  >&5
configure:5133: $? = 0
configure:5133: result: yes
configure:5133: checking for gethostbyaddr
configure:5133: icc -o conftest -g -O2 -DEI_64BIT   conftest.c  >&5
configure:5133: $? = 0
configure:5133: result: yes
configure:5133: checking for gethostbyname
configure:5133: icc -o conftest -g -O2 -DEI_64BIT   conftest.c  >&5
configure:5133: $? = 0
configure:5133: result: yes
configure:5133: checking for gethostbyaddr_r
configure:5133: icc -o conftest -g -O2 -DEI_64BIT   conftest.c  >&5
configure:5133: $? = 0
configure:5133: result: yes
configure:5133: checking for gethostbyname_r
configure:5133: icc -o conftest -g -O2 -DEI_64BIT   conftest.c  >&5
configure:5133: $? = 0
configure:5133: result: yes
configure:5133: checking for gethostname
configure:5133: icc -o conftest -g -O2 -DEI_64BIT   conftest.c  >&5
configure:5133: $? = 0
configure:5133: result: yes
configure:5133: checking for writev
configure:5133: icc -o conftest -g -O2 -DEI_64BIT   conftest.c  >&5
configure:5133: $? = 0
configure:5133: result: yes
configure:5133: checking for gethrtime
configure:5133: icc -o conftest -g -O2 -DEI_64BIT   conftest.c  >&5
/tmp/iccxAaNLB.o: In function `main':
/home/rsewell/Projects/Epilogue/baselines/otp_src_22.1-lwk/lib/erl_interface/conftest.c:89: undefined reference to `gethrtime'
configure:5133: $? = 1
configure: failed program was:
| /* confdefs.h */
| #define PACKAGE_NAME ""
| #define PACKAGE_TARNAME ""
| #define PACKAGE_VERSION ""
| #define PACKAGE_STRING ""
| #define PACKAGE_BUGREPORT ""
| #define PACKAGE_URL ""
| #define STDC_HEADERS 1
| #define HAVE_SYS_TYPES_H 1
| #define HAVE_SYS_STAT_H 1
| #define HAVE_STDLIB_H 1
| #define HAVE_STRING_H 1
| #define HAVE_MEMORY_H 1
| #define HAVE_STRINGS_H 1
| #define HAVE_INTTYPES_H 1
| #define HAVE_STDINT_H 1
| #define HAVE_UNISTD_H 1
| #define SIZEOF_SHORT 2
| #define SIZEOF_INT 4
| #define SIZEOF_LONG 8
| #define SIZEOF_VOID_P 8
| #define SIZEOF_LONG_LONG 8
| #define EI_HIDE_REAL_ERRNO 1
| #define HAVE_UNALIGNED_WORD_ACCESS 1
| #define STDC_HEADERS 1
| #define HAVE_SYS_WAIT_H 1
| #define HAVE_ARPA_INET_H 1
| #define HAVE_FCNTL_H 1
| #define HAVE_LIMITS_H 1
| #define HAVE_MALLOC_H 1
| #define HAVE_NETDB_H 1
| #define HAVE_NETINET_IN_H 1
| #define HAVE_STDDEF_H 1
| #define HAVE_STDLIB_H 1
| #define HAVE_STRING_H 1
| #define HAVE_SYS_PARAM_H 1
| #define HAVE_SYS_SOCKET_H 1
| #define HAVE_SYS_SELECT_H 1
| #define HAVE_SYS_TIME_H 1
| #define HAVE_UNISTD_H 1
| #define HAVE_SYS_TYPES_H 1
| #define HAVE_SYS_UIO_H 1
| #define TIME_WITH_SYS_TIME 1
| #define HAVE_SOCKLEN_T /**/
| #define HAVE_ALLOCA_H 1
| #define HAVE_ALLOCA 1
| #define HAVE_DUP2 1
| #define HAVE_GETHOSTBYADDR 1
| #define HAVE_GETHOSTBYNAME 1
| #define HAVE_GETHOSTBYADDR_R 1
| #define HAVE_GETHOSTBYNAME_R 1
| #define HAVE_GETHOSTNAME 1
| #define HAVE_WRITEV 1
| /* end confdefs.h.  */
| /* Define gethrtime to an innocuous variant, in case <limits.h> declares gethrtime.
|    For example, HP-UX 11i <limits.h> declares gettimeofday.  */
| #define gethrtime innocuous_gethrtime
| 
| /* System header to define __stub macros and hopefully few prototypes,
|     which can conflict with char gethrtime (); below.
|     Prefer <limits.h> to <assert.h> if __STDC__ is defined, since
|     <limits.h> exists even on freestanding compilers.  */
| 
| #ifdef __STDC__
| # include <limits.h>
| #else
| # include <assert.h>
| #endif
| 
| #undef gethrtime
| 
| /* Override any GCC internal prototype to avoid an error.
|    Use char because int might match the return type of a GCC
|    builtin and then its argument prototype would still apply.  */
| #ifdef __cplusplus
| extern "C"
| #endif
| char gethrtime ();
| /* The GNU C library defines this for functions which it implements
|     to always fail with ENOSYS.  Some functions are actually named
|     something starting with __ and the normal name is an alias.  */
| #if defined __stub_gethrtime || defined __stub___gethrtime
| choke me
| #endif
| 
| int
| main ()
| {
| return gethrtime ();
|   ;
|   return 0;
| }
configure:5133: result: no
configure:5133: checking for gettimeofday
configure:5133: icc -o conftest -g -O2 -DEI_64BIT   conftest.c  >&5
configure:5133: $? = 0
configure:5133: result: yes
configure:5133: checking for inet_ntoa
configure:5133: icc -o conftest -g -O2 -DEI_64BIT   conftest.c  >&5
configure:5133: $? = 0
configure:5133: result: yes
configure:5133: checking for memchr
configure:5133: icc -o conftest -g -O2 -DEI_64BIT   conftest.c  >&5
configure:5133: $? = 0
configure:5133: result: yes
configure:5133: checking for memmove
configure:5133: icc -o conftest -g -O2 -DEI_64BIT   conftest.c  >&5
configure:5133: $? = 0
configure:5133: result: yes
configure:5133: checking for memset
configure:5133: icc -o conftest -g -O2 -DEI_64BIT   conftest.c  >&5
configure:5133: $? = 0
configure:5133: result: yes
configure:5133: checking for select
configure:5133: icc -o conftest -g -O2 -DEI_64BIT   conftest.c  >&5
configure:5133: $? = 0
configure:5133: result: yes
configure:5133: checking for socket
configure:5133: icc -o conftest -g -O2 -DEI_64BIT   conftest.c  >&5
configure:5133: $? = 0
configure:5133: result: yes
configure:5133: checking for strchr
configure:5133: icc -o conftest -g -O2 -DEI_64BIT   conftest.c  >&5
configure:5133: $? = 0
configure:5133: result: yes
configure:5133: checking for strerror
configure:5133: icc -o conftest -g -O2 -DEI_64BIT   conftest.c  >&5
configure:5133: $? = 0
configure:5133: result: yes
configure:5133: checking for strrchr
configure:5133: icc -o conftest -g -O2 -DEI_64BIT   conftest.c  >&5
configure:5133: $? = 0
configure:5133: result: yes
configure:5133: checking for strstr
configure:5133: icc -o conftest -g -O2 -DEI_64BIT   conftest.c  >&5
configure:5133: $? = 0
configure:5133: result: yes
configure:5133: checking for uname
configure:5133: icc -o conftest -g -O2 -DEI_64BIT   conftest.c  >&5
configure:5133: $? = 0
configure:5133: result: yes
configure:5133: checking for sysconf
configure:5133: icc -o conftest -g -O2 -DEI_64BIT   conftest.c  >&5
configure:5133: $? = 0
configure:5133: result: yes
configure:5142: checking for res_gethostbyname
configure:5142: icc -o conftest -g -O2 -DEI_64BIT   conftest.c  >&5
/tmp/iccyZNsCy.o: In function `main':
/home/rsewell/Projects/Epilogue/baselines/otp_src_22.1-lwk/lib/erl_interface/conftest.c:102: undefined reference to `res_gethostbyname'
configure:5142: $? = 1
configure: failed program was:
| /* confdefs.h */
| #define PACKAGE_NAME ""
| #define PACKAGE_TARNAME ""
| #define PACKAGE_VERSION ""
| #define PACKAGE_STRING ""
| #define PACKAGE_BUGREPORT ""
| #define PACKAGE_URL ""
| #define STDC_HEADERS 1
| #define HAVE_SYS_TYPES_H 1
| #define HAVE_SYS_STAT_H 1
| #define HAVE_STDLIB_H 1
| #define HAVE_STRING_H 1
| #define HAVE_MEMORY_H 1
| #define HAVE_STRINGS_H 1
| #define HAVE_INTTYPES_H 1
| #define HAVE_STDINT_H 1
| #define HAVE_UNISTD_H 1
| #define SIZEOF_SHORT 2
| #define SIZEOF_INT 4
| #define SIZEOF_LONG 8
| #define SIZEOF_VOID_P 8
| #define SIZEOF_LONG_LONG 8
| #define EI_HIDE_REAL_ERRNO 1
| #define HAVE_UNALIGNED_WORD_ACCESS 1
| #define STDC_HEADERS 1
| #define HAVE_SYS_WAIT_H 1
| #define HAVE_ARPA_INET_H 1
| #define HAVE_FCNTL_H 1
| #define HAVE_LIMITS_H 1
| #define HAVE_MALLOC_H 1
| #define HAVE_NETDB_H 1
| #define HAVE_NETINET_IN_H 1
| #define HAVE_STDDEF_H 1
| #define HAVE_STDLIB_H 1
| #define HAVE_STRING_H 1
| #define HAVE_SYS_PARAM_H 1
| #define HAVE_SYS_SOCKET_H 1
| #define HAVE_SYS_SELECT_H 1
| #define HAVE_SYS_TIME_H 1
| #define HAVE_UNISTD_H 1
| #define HAVE_SYS_TYPES_H 1
| #define HAVE_SYS_UIO_H 1
| #define TIME_WITH_SYS_TIME 1
| #define HAVE_SOCKLEN_T /**/
| #define HAVE_ALLOCA_H 1
| #define HAVE_ALLOCA 1
| #define HAVE_DUP2 1
| #define HAVE_GETHOSTBYADDR 1
| #define HAVE_GETHOSTBYNAME 1
| #define HAVE_GETHOSTBYADDR_R 1
| #define HAVE_GETHOSTBYNAME_R 1
| #define HAVE_GETHOSTNAME 1
| #define HAVE_WRITEV 1
| #define HAVE_GETTIMEOFDAY 1
| #define HAVE_INET_NTOA 1
| #define HAVE_MEMCHR 1
| #define HAVE_MEMMOVE 1
| #define HAVE_MEMSET 1
| #define HAVE_SELECT 1
| #define HAVE_SOCKET 1
| #define HAVE_STRCHR 1
| #define HAVE_STRERROR 1
| #define HAVE_STRRCHR 1
| #define HAVE_STRSTR 1
| #define HAVE_UNAME 1
| #define HAVE_SYSCONF 1
| /* end confdefs.h.  */
| /* Define res_gethostbyname to an innocuous variant, in case <limits.h> declares res_gethostbyname.
|    For example, HP-UX 11i <limits.h> declares gettimeofday.  */
| #define res_gethostbyname innocuous_res_gethostbyname
| 
| /* System header to define __stub macros and hopefully few prototypes,
|     which can conflict with char res_gethostbyname (); below.
|     Prefer <limits.h> to <assert.h> if __STDC__ is defined, since
|     <limits.h> exists even on freestanding compilers.  */
| 
| #ifdef __STDC__
| # include <limits.h>
| #else
| # include <assert.h>
| #endif
| 
| #undef res_gethostbyname
| 
| /* Override any GCC internal prototype to avoid an error.
|    Use char because int might match the return type of a GCC
|    builtin and then its argument prototype would still apply.  */
| #ifdef __cplusplus
| extern "C"
| #endif
| char res_gethostbyname ();
| /* The GNU C library defines this for functions which it implements
|     to always fail with ENOSYS.  Some functions are actually named
|     something starting with __ and the normal name is an alias.  */
| #if defined __stub_res_gethostbyname || defined __stub___res_gethostbyname
| choke me
| #endif
| 
| int
| main ()
| {
| return res_gethostbyname ();
|   ;
|   return 0;
| }
configure:5142: result: no
configure:5146: checking for res_gethostbyname in -lresolv
configure:5171: icc -o conftest -g -O2 -DEI_64BIT   conftest.c -lresolv   >&5
/tmp/icckKcy5b.o: In function `main':
/home/rsewell/Projects/Epilogue/baselines/otp_src_22.1-lwk/lib/erl_interface/conftest.c:79: undefined reference to `res_gethostbyname'
configure:5171: $? = 1
configure: failed program was:
| /* confdefs.h */
| #define PACKAGE_NAME ""
| #define PACKAGE_TARNAME ""
| #define PACKAGE_VERSION ""
| #define PACKAGE_STRING ""
| #define PACKAGE_BUGREPORT ""
| #define PACKAGE_URL ""
| #define STDC_HEADERS 1
| #define HAVE_SYS_TYPES_H 1
| #define HAVE_SYS_STAT_H 1
| #define HAVE_STDLIB_H 1
| #define HAVE_STRING_H 1
| #define HAVE_MEMORY_H 1
| #define HAVE_STRINGS_H 1
| #define HAVE_INTTYPES_H 1
| #define HAVE_STDINT_H 1
| #define HAVE_UNISTD_H 1
| #define SIZEOF_SHORT 2
| #define SIZEOF_INT 4
| #define SIZEOF_LONG 8
| #define SIZEOF_VOID_P 8
| #define SIZEOF_LONG_LONG 8
| #define EI_HIDE_REAL_ERRNO 1
| #define HAVE_UNALIGNED_WORD_ACCESS 1
| #define STDC_HEADERS 1
| #define HAVE_SYS_WAIT_H 1
| #define HAVE_ARPA_INET_H 1
| #define HAVE_FCNTL_H 1
| #define HAVE_LIMITS_H 1
| #define HAVE_MALLOC_H 1
| #define HAVE_NETDB_H 1
| #define HAVE_NETINET_IN_H 1
| #define HAVE_STDDEF_H 1
| #define HAVE_STDLIB_H 1
| #define HAVE_STRING_H 1
| #define HAVE_SYS_PARAM_H 1
| #define HAVE_SYS_SOCKET_H 1
| #define HAVE_SYS_SELECT_H 1
| #define HAVE_SYS_TIME_H 1
| #define HAVE_UNISTD_H 1
| #define HAVE_SYS_TYPES_H 1
| #define HAVE_SYS_UIO_H 1
| #define TIME_WITH_SYS_TIME 1
| #define HAVE_SOCKLEN_T /**/
| #define HAVE_ALLOCA_H 1
| #define HAVE_ALLOCA 1
| #define HAVE_DUP2 1
| #define HAVE_GETHOSTBYADDR 1
| #define HAVE_GETHOSTBYNAME 1
| #define HAVE_GETHOSTBYADDR_R 1
| #define HAVE_GETHOSTBYNAME_R 1
| #define HAVE_GETHOSTNAME 1
| #define HAVE_WRITEV 1
| #define HAVE_GETTIMEOFDAY 1
| #define HAVE_INET_NTOA 1
| #define HAVE_MEMCHR 1
| #define HAVE_MEMMOVE 1
| #define HAVE_MEMSET 1
| #define HAVE_SELECT 1
| #define HAVE_SOCKET 1
| #define HAVE_STRCHR 1
| #define HAVE_STRERROR 1
| #define HAVE_STRRCHR 1
| #define HAVE_STRSTR 1
| #define HAVE_UNAME 1
| #define HAVE_SYSCONF 1
| /* end confdefs.h.  */
| 
| /* Override any GCC internal prototype to avoid an error.
|    Use char because int might match the return type of a GCC
|    builtin and then its argument prototype would still apply.  */
| #ifdef __cplusplus
| extern "C"
| #endif
| char res_gethostbyname ();
| int
| main ()
| {
| return res_gethostbyname ();
|   ;
|   return 0;
| }
configure:5180: result: no
configure:5194: checking for clock_gettime
configure:5194: icc -o conftest -g -O2 -DEI_64BIT   conftest.c  >&5
configure:5194: $? = 0
configure:5194: result: yes
configure:5398: checking for mixed cygwin or msys and native VC++ environment
configure:5421: result: no
configure:5437: checking for mixed cygwin and native MinGW environment
configure:5453: result: no
configure:5462: checking if we mix cygwin with any native compiler
configure:5468: result: no
configure:5474: checking if we mix msys with another native compiler
configure:5480: result: no
configure:5502: checking for native win32 threads
configure:5512: result: no
configure:5520: checking for pthread_create in -lpthread
configure:5545: icc -o conftest -g -O2 -DEI_64BIT   conftest.c -lpthread   >&5
configure:5545: $? = 0
configure:5554: result: yes
configure:5660: checking for getconf
configure:5676: found /usr/bin/getconf
configure:5688: result: getconf
configure:5842: checking for Native POSIX Thread Library
configure:5859: result: yes
configure:5869: checking nptl/pthread.h usability
configure:5869: icc -c -g -O2 -DEI_64BIT  conftest.c >&5
conftest.c(101): catastrophic error: cannot open source file "nptl/pthread.h"
  #include <nptl/pthread.h>
                           ^

compilation aborted for conftest.c (code 4)
configure:5869: $? = 4
configure: failed program was:
| /* confdefs.h */
| #define PACKAGE_NAME ""
| #define PACKAGE_TARNAME ""
| #define PACKAGE_VERSION ""
| #define PACKAGE_STRING ""
| #define PACKAGE_BUGREPORT ""
| #define PACKAGE_URL ""
| #define STDC_HEADERS 1
| #define HAVE_SYS_TYPES_H 1
| #define HAVE_SYS_STAT_H 1
| #define HAVE_STDLIB_H 1
| #define HAVE_STRING_H 1
| #define HAVE_MEMORY_H 1
| #define HAVE_STRINGS_H 1
| #define HAVE_INTTYPES_H 1
| #define HAVE_STDINT_H 1
| #define HAVE_UNISTD_H 1
| #define SIZEOF_SHORT 2
| #define SIZEOF_INT 4
| #define SIZEOF_LONG 8
| #define SIZEOF_VOID_P 8
| #define SIZEOF_LONG_LONG 8
| #define EI_HIDE_REAL_ERRNO 1
| #define HAVE_UNALIGNED_WORD_ACCESS 1
| #define STDC_HEADERS 1
| #define HAVE_SYS_WAIT_H 1
| #define HAVE_ARPA_INET_H 1
| #define HAVE_FCNTL_H 1
| #define HAVE_LIMITS_H 1
| #define HAVE_MALLOC_H 1
| #define HAVE_NETDB_H 1
| #define HAVE_NETINET_IN_H 1
| #define HAVE_STDDEF_H 1
| #define HAVE_STDLIB_H 1
| #define HAVE_STRING_H 1
| #define HAVE_SYS_PARAM_H 1
| #define HAVE_SYS_SOCKET_H 1
| #define HAVE_SYS_SELECT_H 1
| #define HAVE_SYS_TIME_H 1
| #define HAVE_UNISTD_H 1
| #define HAVE_SYS_TYPES_H 1
| #define HAVE_SYS_UIO_H 1
| #define TIME_WITH_SYS_TIME 1
| #define HAVE_SOCKLEN_T /**/
| #define HAVE_ALLOCA_H 1
| #define HAVE_ALLOCA 1
| #define HAVE_DUP2 1
| #define HAVE_GETHOSTBYADDR 1
| #define HAVE_GETHOSTBYNAME 1
| #define HAVE_GETHOSTBYADDR_R 1
| #define HAVE_GETHOSTBYNAME_R 1
| #define HAVE_GETHOSTNAME 1
| #define HAVE_WRITEV 1
| #define HAVE_GETTIMEOFDAY 1
| #define HAVE_INET_NTOA 1
| #define HAVE_MEMCHR 1
| #define HAVE_MEMMOVE 1
| #define HAVE_MEMSET 1
| #define HAVE_SELECT 1
| #define HAVE_SOCKET 1
| #define HAVE_STRCHR 1
| #define HAVE_STRERROR 1
| #define HAVE_STRRCHR 1
| #define HAVE_STRSTR 1
| #define HAVE_UNAME 1
| #define HAVE_SYSCONF 1
| /* end confdefs.h.  */
| #include <stdio.h>
| #ifdef HAVE_SYS_TYPES_H
| # include <sys/types.h>
| #endif
| #ifdef HAVE_SYS_STAT_H
| # include <sys/stat.h>
| #endif
| #ifdef STDC_HEADERS
| # include <stdlib.h>
| # include <stddef.h>
| #else
| # ifdef HAVE_STDLIB_H
| #  include <stdlib.h>
| # endif
| #endif
| #ifdef HAVE_STRING_H
| # if !defined STDC_HEADERS && defined HAVE_MEMORY_H
| #  include <memory.h>
| # endif
| # include <string.h>
| #endif
| #ifdef HAVE_STRINGS_H
| # include <strings.h>
| #endif
| #ifdef HAVE_INTTYPES_H
| # include <inttypes.h>
| #endif
| #ifdef HAVE_STDINT_H
| # include <stdint.h>
| #endif
| #ifdef HAVE_UNISTD_H
| # include <unistd.h>
| #endif
| #include <nptl/pthread.h>
configure:5869: result: no
configure:5869: checking nptl/pthread.h presence
configure:5869: icc -E  conftest.c
conftest.c(68): error #2379: cannot open source file "nptl/pthread.h"
  #include <nptl/pthread.h>
                           ^

configure:5869: $? = 2
configure: failed program was:
| /* confdefs.h */
| #define PACKAGE_NAME ""
| #define PACKAGE_TARNAME ""
| #define PACKAGE_VERSION ""
| #define PACKAGE_STRING ""
| #define PACKAGE_BUGREPORT ""
| #define PACKAGE_URL ""
| #define STDC_HEADERS 1
| #define HAVE_SYS_TYPES_H 1
| #define HAVE_SYS_STAT_H 1
| #define HAVE_STDLIB_H 1
| #define HAVE_STRING_H 1
| #define HAVE_MEMORY_H 1
| #define HAVE_STRINGS_H 1
| #define HAVE_INTTYPES_H 1
| #define HAVE_STDINT_H 1
| #define HAVE_UNISTD_H 1
| #define SIZEOF_SHORT 2
| #define SIZEOF_INT 4
| #define SIZEOF_LONG 8
| #define SIZEOF_VOID_P 8
| #define SIZEOF_LONG_LONG 8
| #define EI_HIDE_REAL_ERRNO 1
| #define HAVE_UNALIGNED_WORD_ACCESS 1
| #define STDC_HEADERS 1
| #define HAVE_SYS_WAIT_H 1
| #define HAVE_ARPA_INET_H 1
| #define HAVE_FCNTL_H 1
| #define HAVE_LIMITS_H 1
| #define HAVE_MALLOC_H 1
| #define HAVE_NETDB_H 1
| #define HAVE_NETINET_IN_H 1
| #define HAVE_STDDEF_H 1
| #define HAVE_STDLIB_H 1
| #define HAVE_STRING_H 1
| #define HAVE_SYS_PARAM_H 1
| #define HAVE_SYS_SOCKET_H 1
| #define HAVE_SYS_SELECT_H 1
| #define HAVE_SYS_TIME_H 1
| #define HAVE_UNISTD_H 1
| #define HAVE_SYS_TYPES_H 1
| #define HAVE_SYS_UIO_H 1
| #define TIME_WITH_SYS_TIME 1
| #define HAVE_SOCKLEN_T /**/
| #define HAVE_ALLOCA_H 1
| #define HAVE_ALLOCA 1
| #define HAVE_DUP2 1
| #define HAVE_GETHOSTBYADDR 1
| #define HAVE_GETHOSTBYNAME 1
| #define HAVE_GETHOSTBYADDR_R 1
| #define HAVE_GETHOSTBYNAME_R 1
| #define HAVE_GETHOSTNAME 1
| #define HAVE_WRITEV 1
| #define HAVE_GETTIMEOFDAY 1
| #define HAVE_INET_NTOA 1
| #define HAVE_MEMCHR 1
| #define HAVE_MEMMOVE 1
| #define HAVE_MEMSET 1
| #define HAVE_SELECT 1
| #define HAVE_SOCKET 1
| #define HAVE_STRCHR 1
| #define HAVE_STRERROR 1
| #define HAVE_STRRCHR 1
| #define HAVE_STRSTR 1
| #define HAVE_UNAME 1
| #define HAVE_SYSCONF 1
| /* end confdefs.h.  */
| #include <nptl/pthread.h>
configure:5869: result: no
configure:5869: checking for nptl/pthread.h
configure:5869: result: no
configure:5922: checking pthread.h usability
configure:5922: icc -c -g -O2 -DEI_64BIT   -D_THREAD_SAFE -D_REENTRANT -DPOSIX_THREADS -D_POSIX_THREAD_SAFE_FUNCTIONS conftest.c >&5
configure:5922: $? = 0
configure:5922: result: yes
configure:5922: checking pthread.h presence
configure:5922: icc -E   -D_THREAD_SAFE -D_REENTRANT -DPOSIX_THREADS -D_POSIX_THREAD_SAFE_FUNCTIONS conftest.c
configure:5922: $? = 0
configure:5922: result: yes
configure:5922: checking for pthread.h
configure:5922: result: yes
configure:5931: checking pthread/mit/pthread.h usability
configure:5931: icc -c -g -O2 -DEI_64BIT   -D_THREAD_SAFE -D_REENTRANT -DPOSIX_THREADS -D_POSIX_THREAD_SAFE_FUNCTIONS conftest.c >&5
conftest.c(102): catastrophic error: cannot open source file "pthread/mit/pthread.h"
  #include <pthread/mit/pthread.h>
                                  ^

compilation aborted for conftest.c (code 4)
configure:5931: $? = 4
configure: failed program was:
| /* confdefs.h */
| #define PACKAGE_NAME ""
| #define PACKAGE_TARNAME ""
| #define PACKAGE_VERSION ""
| #define PACKAGE_STRING ""
| #define PACKAGE_BUGREPORT ""
| #define PACKAGE_URL ""
| #define STDC_HEADERS 1
| #define HAVE_SYS_TYPES_H 1
| #define HAVE_SYS_STAT_H 1
| #define HAVE_STDLIB_H 1
| #define HAVE_STRING_H 1
| #define HAVE_MEMORY_H 1
| #define HAVE_STRINGS_H 1
| #define HAVE_INTTYPES_H 1
| #define HAVE_STDINT_H 1
| #define HAVE_UNISTD_H 1
| #define SIZEOF_SHORT 2
| #define SIZEOF_INT 4
| #define SIZEOF_LONG 8
| #define SIZEOF_VOID_P 8
| #define SIZEOF_LONG_LONG 8
| #define EI_HIDE_REAL_ERRNO 1
| #define HAVE_UNALIGNED_WORD_ACCESS 1
| #define STDC_HEADERS 1
| #define HAVE_SYS_WAIT_H 1
| #define HAVE_ARPA_INET_H 1
| #define HAVE_FCNTL_H 1
| #define HAVE_LIMITS_H 1
| #define HAVE_MALLOC_H 1
| #define HAVE_NETDB_H 1
| #define HAVE_NETINET_IN_H 1
| #define HAVE_STDDEF_H 1
| #define HAVE_STDLIB_H 1
| #define HAVE_STRING_H 1
| #define HAVE_SYS_PARAM_H 1
| #define HAVE_SYS_SOCKET_H 1
| #define HAVE_SYS_SELECT_H 1
| #define HAVE_SYS_TIME_H 1
| #define HAVE_UNISTD_H 1
| #define HAVE_SYS_TYPES_H 1
| #define HAVE_SYS_UIO_H 1
| #define TIME_WITH_SYS_TIME 1
| #define HAVE_SOCKLEN_T /**/
| #define HAVE_ALLOCA_H 1
| #define HAVE_ALLOCA 1
| #define HAVE_DUP2 1
| #define HAVE_GETHOSTBYADDR 1
| #define HAVE_GETHOSTBYNAME 1
| #define HAVE_GETHOSTBYADDR_R 1
| #define HAVE_GETHOSTBYNAME_R 1
| #define HAVE_GETHOSTNAME 1
| #define HAVE_WRITEV 1
| #define HAVE_GETTIMEOFDAY 1
| #define HAVE_INET_NTOA 1
| #define HAVE_MEMCHR 1
| #define HAVE_MEMMOVE 1
| #define HAVE_MEMSET 1
| #define HAVE_SELECT 1
| #define HAVE_SOCKET 1
| #define HAVE_STRCHR 1
| #define HAVE_STRERROR 1
| #define HAVE_STRRCHR 1
| #define HAVE_STRSTR 1
| #define HAVE_UNAME 1
| #define HAVE_SYSCONF 1
| #define HAVE_PTHREAD_H 1
| /* end confdefs.h.  */
| #include <stdio.h>
| #ifdef HAVE_SYS_TYPES_H
| # include <sys/types.h>
| #endif
| #ifdef HAVE_SYS_STAT_H
| # include <sys/stat.h>
| #endif
| #ifdef STDC_HEADERS
| # include <stdlib.h>
| # include <stddef.h>
| #else
| # ifdef HAVE_STDLIB_H
| #  include <stdlib.h>
| # endif
| #endif
| #ifdef HAVE_STRING_H
| # if !defined STDC_HEADERS && defined HAVE_MEMORY_H
| #  include <memory.h>
| # endif
| # include <string.h>
| #endif
| #ifdef HAVE_STRINGS_H
| # include <strings.h>
| #endif
| #ifdef HAVE_INTTYPES_H
| # include <inttypes.h>
| #endif
| #ifdef HAVE_STDINT_H
| # include <stdint.h>
| #endif
| #ifdef HAVE_UNISTD_H
| # include <unistd.h>
| #endif
| #include <pthread/mit/pthread.h>
configure:5931: result: no
configure:5931: checking pthread/mit/pthread.h presence
configure:5931: icc -E   -D_THREAD_SAFE -D_REENTRANT -DPOSIX_THREADS -D_POSIX_THREAD_SAFE_FUNCTIONS conftest.c
conftest.c(69): error #2379: cannot open source file "pthread/mit/pthread.h"
  #include <pthread/mit/pthread.h>
                                  ^

configure:5931: $? = 2
configure: failed program was:
| /* confdefs.h */
| #define PACKAGE_NAME ""
| #define PACKAGE_TARNAME ""
| #define PACKAGE_VERSION ""
| #define PACKAGE_STRING ""
| #define PACKAGE_BUGREPORT ""
| #define PACKAGE_URL ""
| #define STDC_HEADERS 1
| #define HAVE_SYS_TYPES_H 1
| #define HAVE_SYS_STAT_H 1
| #define HAVE_STDLIB_H 1
| #define HAVE_STRING_H 1
| #define HAVE_MEMORY_H 1
| #define HAVE_STRINGS_H 1
| #define HAVE_INTTYPES_H 1
| #define HAVE_STDINT_H 1
| #define HAVE_UNISTD_H 1
| #define SIZEOF_SHORT 2
| #define SIZEOF_INT 4
| #define SIZEOF_LONG 8
| #define SIZEOF_VOID_P 8
| #define SIZEOF_LONG_LONG 8
| #define EI_HIDE_REAL_ERRNO 1
| #define HAVE_UNALIGNED_WORD_ACCESS 1
| #define STDC_HEADERS 1
| #define HAVE_SYS_WAIT_H 1
| #define HAVE_ARPA_INET_H 1
| #define HAVE_FCNTL_H 1
| #define HAVE_LIMITS_H 1
| #define HAVE_MALLOC_H 1
| #define HAVE_NETDB_H 1
| #define HAVE_NETINET_IN_H 1
| #define HAVE_STDDEF_H 1
| #define HAVE_STDLIB_H 1
| #define HAVE_STRING_H 1
| #define HAVE_SYS_PARAM_H 1
| #define HAVE_SYS_SOCKET_H 1
| #define HAVE_SYS_SELECT_H 1
| #define HAVE_SYS_TIME_H 1
| #define HAVE_UNISTD_H 1
| #define HAVE_SYS_TYPES_H 1
| #define HAVE_SYS_UIO_H 1
| #define TIME_WITH_SYS_TIME 1
| #define HAVE_SOCKLEN_T /**/
| #define HAVE_ALLOCA_H 1
| #define HAVE_ALLOCA 1
| #define HAVE_DUP2 1
| #define HAVE_GETHOSTBYADDR 1
| #define HAVE_GETHOSTBYNAME 1
| #define HAVE_GETHOSTBYADDR_R 1
| #define HAVE_GETHOSTBYNAME_R 1
| #define HAVE_GETHOSTNAME 1
| #define HAVE_WRITEV 1
| #define HAVE_GETTIMEOFDAY 1
| #define HAVE_INET_NTOA 1
| #define HAVE_MEMCHR 1
| #define HAVE_MEMMOVE 1
| #define HAVE_MEMSET 1
| #define HAVE_SELECT 1
| #define HAVE_SOCKET 1
| #define HAVE_STRCHR 1
| #define HAVE_STRERROR 1
| #define HAVE_STRRCHR 1
| #define HAVE_STRSTR 1
| #define HAVE_UNAME 1
| #define HAVE_SYSCONF 1
| #define HAVE_PTHREAD_H 1
| /* end confdefs.h.  */
| #include <pthread/mit/pthread.h>
configure:5931: result: no
configure:5931: checking for pthread/mit/pthread.h
configure:5931: result: no
configure:5952: checking size of short
configure:5971: result: 2
configure:5985: checking size of int
configure:6004: result: 4
configure:6018: checking size of long
configure:6037: result: 8
configure:6051: checking size of long long
configure:6070: result: 8
configure:6084: checking size of __int128_t
configure:6089: icc -o conftest -g -O2 -DEI_64BIT   conftest.c  >&5
configure:6089: $? = 0
configure:6089: ./conftest
configure:6089: $? = 0
configure:6103: result: 16
configure:6139: checking for a working __sync_synchronize()
configure:6157: icc -o conftest -g -O2 -DEI_64BIT   conftest.c  >&5
configure:6157: $? = 0
configure:6205: result: yes
configure:6255: checking for 32-bit __sync_add_and_fetch()
configure:6273: icc -o conftest -g -O2 -DEI_64BIT   conftest.c  >&5
configure:6273: $? = 0
configure:6280: result: yes
configure:6282: checking for 64-bit __sync_add_and_fetch()
configure:6300: icc -o conftest -g -O2 -DEI_64BIT   conftest.c  >&5
configure:6300: $? = 0
configure:6307: result: yes
configure:6309: checking for 128-bit __sync_add_and_fetch()
configure:6327: icc -o conftest -g -O2 -DEI_64BIT   conftest.c  >&5
configure:6327: $? = 0
configure:6334: result: yes
configure:6397: checking for 32-bit __sync_fetch_and_and()
configure:6415: icc -o conftest -g -O2 -DEI_64BIT   conftest.c  >&5
configure:6415: $? = 0
configure:6422: result: yes
configure:6424: checking for 64-bit __sync_fetch_and_and()
configure:6442: icc -o conftest -g -O2 -DEI_64BIT   conftest.c  >&5
configure:6442: $? = 0
configure:6449: result: yes
configure:6451: checking for 128-bit __sync_fetch_and_and()
configure:6469: icc -o conftest -g -O2 -DEI_64BIT   conftest.c  >&5
configure:6469: $? = 0
configure:6476: result: yes
configure:6539: checking for 32-bit __sync_fetch_and_or()
configure:6557: icc -o conftest -g -O2 -DEI_64BIT   conftest.c  >&5
configure:6557: $? = 0
configure:6564: result: yes
configure:6566: checking for 64-bit __sync_fetch_and_or()
configure:6584: icc -o conftest -g -O2 -DEI_64BIT   conftest.c  >&5
configure:6584: $? = 0
configure:6591: result: yes
configure:6593: checking for 128-bit __sync_fetch_and_or()
configure:6611: icc -o conftest -g -O2 -DEI_64BIT   conftest.c  >&5
configure:6611: $? = 0
configure:6618: result: yes
configure:6681: checking for 32-bit __sync_val_compare_and_swap()
configure:6699: icc -o conftest -g -O2 -DEI_64BIT   conftest.c  >&5
configure:6699: $? = 0
configure:6706: result: yes
configure:6708: checking for 64-bit __sync_val_compare_and_swap()
configure:6726: icc -o conftest -g -O2 -DEI_64BIT   conftest.c  >&5
configure:6726: $? = 0
configure:6733: result: yes
configure:6735: checking for 128-bit __sync_val_compare_and_swap()
configure:6753: icc -o conftest -g -O2 -DEI_64BIT   conftest.c  >&5
configure:6753: $? = 0
configure:6760: result: yes
configure:6824: checking for 32-bit __atomic_store_n()
configure:6842: icc -o conftest -g -O2 -DEI_64BIT   conftest.c  >&5
configure:6842: $? = 0
configure:6849: result: yes
configure:6851: checking for 64-bit __atomic_store_n()
configure:6869: icc -o conftest -g -O2 -DEI_64BIT   conftest.c  >&5
configure:6869: $? = 0
configure:6876: result: yes
configure:6878: checking for 128-bit __atomic_store_n()
configure:6896: icc -o conftest -g -O2 -DEI_64BIT   conftest.c  >&5
configure:6896: $? = 0
configure:6903: result: yes
configure:6966: checking for 32-bit __atomic_load_n()
configure:6984: icc -o conftest -g -O2 -DEI_64BIT   conftest.c  >&5
configure:6984: $? = 0
configure:6991: result: yes
configure:6993: checking for 64-bit __atomic_load_n()
configure:7011: icc -o conftest -g -O2 -DEI_64BIT   conftest.c  >&5
configure:7011: $? = 0
configure:7018: result: yes
configure:7020: checking for 128-bit __atomic_load_n()
configure:7038: icc -o conftest -g -O2 -DEI_64BIT   conftest.c  >&5
configure:7038: $? = 0
configure:7045: result: yes
configure:7108: checking for 32-bit __atomic_add_fetch()
configure:7126: icc -o conftest -g -O2 -DEI_64BIT   conftest.c  >&5
configure:7126: $? = 0
configure:7133: result: yes
configure:7135: checking for 64-bit __atomic_add_fetch()
configure:7153: icc -o conftest -g -O2 -DEI_64BIT   conftest.c  >&5
configure:7153: $? = 0
configure:7160: result: yes
configure:7162: checking for 128-bit __atomic_add_fetch()
configure:7180: icc -o conftest -g -O2 -DEI_64BIT   conftest.c  >&5
configure:7180: $? = 0
configure:7187: result: yes
configure:7250: checking for 32-bit __atomic_fetch_and()
configure:7268: icc -o conftest -g -O2 -DEI_64BIT   conftest.c  >&5
configure:7268: $? = 0
configure:7275: result: yes
configure:7277: checking for 64-bit __atomic_fetch_and()
configure:7295: icc -o conftest -g -O2 -DEI_64BIT   conftest.c  >&5
configure:7295: $? = 0
configure:7302: result: yes
configure:7304: checking for 128-bit __atomic_fetch_and()
configure:7322: icc -o conftest -g -O2 -DEI_64BIT   conftest.c  >&5
configure:7322: $? = 0
configure:7329: result: yes
configure:7392: checking for 32-bit __atomic_fetch_or()
configure:7410: icc -o conftest -g -O2 -DEI_64BIT   conftest.c  >&5
configure:7410: $? = 0
configure:7417: result: yes
configure:7419: checking for 64-bit __atomic_fetch_or()
configure:7437: icc -o conftest -g -O2 -DEI_64BIT   conftest.c  >&5
configure:7437: $? = 0
configure:7444: result: yes
configure:7446: checking for 128-bit __atomic_fetch_or()
configure:7464: icc -o conftest -g -O2 -DEI_64BIT   conftest.c  >&5
configure:7464: $? = 0
configure:7471: result: yes
configure:7534: checking for 32-bit __atomic_compare_exchange_n()
configure:7552: icc -o conftest -g -O2 -DEI_64BIT   conftest.c  >&5
configure:7552: $? = 0
configure:7559: result: yes
configure:7561: checking for 64-bit __atomic_compare_exchange_n()
configure:7579: icc -o conftest -g -O2 -DEI_64BIT   conftest.c  >&5
configure:7579: $? = 0
configure:7586: result: yes
configure:7588: checking for 128-bit __atomic_compare_exchange_n()
configure:7606: icc -o conftest -g -O2 -DEI_64BIT   conftest.c  >&5
configure:7606: $? = 0
configure:7613: result: yes
configure:7749: checking if we can add -Werror=return-type to WERRORFLAGS (via CFLAGS)
configure:7764: icc -c -Werror=return-type   conftest.c >&5
configure:7764: $? = 0
configure:7772: result: yes
configure:7953: creating ./config.status

## ---------------------- ##
## Running config.status. ##
## ---------------------- ##

This file was extended by config.status, which was
generated by GNU Autoconf 2.69.  Invocation command line was

  CONFIG_FILES    = 
  CONFIG_HEADERS  = 
  CONFIG_LINKS    = 
  CONFIG_COMMANDS = 
  $ ./config.status 

on RAS-Surface

config.status:897: creating src/x86_64-unknown-linux-gnu/Makefile
config.status:897: creating src/x86_64-unknown-linux-gnu/eidefs.mk
config.status:897: creating src/x86_64-unknown-linux-gnu/config.h

## ---------------- ##
## Cache variables. ##
## ---------------- ##

ac_cv_build=x86_64-unknown-linux-gnu
ac_cv_c_compiler_gnu=yes
ac_cv_env_CC_set=set
ac_cv_env_CC_value=icc
ac_cv_env_CFLAGS_set=
ac_cv_env_CFLAGS_value=
ac_cv_env_CPPFLAGS_set=
ac_cv_env_CPPFLAGS_value=
ac_cv_env_CPP_set=
ac_cv_env_CPP_value=
ac_cv_env_LDFLAGS_set=
ac_cv_env_LDFLAGS_value=
ac_cv_env_LIBS_set=
ac_cv_env_LIBS_value=
ac_cv_env_build_alias_set=
ac_cv_env_build_alias_value=
ac_cv_env_host_alias_set=
ac_cv_env_host_alias_value=
ac_cv_env_target_alias_set=
ac_cv_env_target_alias_value=
ac_cv_func_alloca_works=yes
ac_cv_func_clock_gettime=yes
ac_cv_func_dup2=yes
ac_cv_func_gethostbyaddr=yes
ac_cv_func_gethostbyaddr_r=yes
ac_cv_func_gethostbyname=yes
ac_cv_func_gethostbyname_r=yes
ac_cv_func_gethostname=yes
ac_cv_func_gethrtime=no
ac_cv_func_gettimeofday=yes
ac_cv_func_inet_ntoa=yes
ac_cv_func_memchr=yes
ac_cv_func_memcmp_working=yes
ac_cv_func_memmove=yes
ac_cv_func_memset=yes
ac_cv_func_res_gethostbyname=no
ac_cv_func_select=yes
ac_cv_func_socket=yes
ac_cv_func_strchr=yes
ac_cv_func_strerror=yes
ac_cv_func_strrchr=yes
ac_cv_func_strstr=yes
ac_cv_func_sysconf=yes
ac_cv_func_uname=yes
ac_cv_func_writev=yes
ac_cv_header_arpa_inet_h=yes
ac_cv_header_fcntl_h=yes
ac_cv_header_inttypes_h=yes
ac_cv_header_limits_h=yes
ac_cv_header_malloc_h=yes
ac_cv_header_memory_h=yes
ac_cv_header_netdb_h=yes
ac_cv_header_netinet_in_h=yes
ac_cv_header_nptl_pthread_h=no
ac_cv_header_pthread_h=yes
ac_cv_header_pthread_mit_pthread_h=no
ac_cv_header_stdc=yes
ac_cv_header_stddef_h=yes
ac_cv_header_stdint_h=yes
ac_cv_header_stdlib_h=yes
ac_cv_header_string_h=yes
ac_cv_header_strings_h=yes
ac_cv_header_sys_param_h=yes
ac_cv_header_sys_select_h=yes
ac_cv_header_sys_socket_h=yes
ac_cv_header_sys_stat_h=yes
ac_cv_header_sys_time_h=yes
ac_cv_header_sys_types_h=yes
ac_cv_header_sys_uio_h=yes
ac_cv_header_sys_wait_h=yes
ac_cv_header_time=yes
ac_cv_header_unistd_h=yes
ac_cv_host=x86_64-unknown-linux-gnu
ac_cv_lib_nsl_gethostbyname=no
ac_cv_lib_pthread_pthread_create=yes
ac_cv_lib_resolv_res_gethostbyname=no
ac_cv_lib_socket_getpeername=no
ac_cv_objext=o
ac_cv_path_EGREP='/usr/bin/grep -E'
ac_cv_path_GREP=/usr/bin/grep
ac_cv_path_install='/usr/bin/install -c'
ac_cv_prog_CPP='icc -E'
ac_cv_prog_GETCONF=getconf
ac_cv_prog_ac_ct_AR=ar
ac_cv_prog_ac_ct_CC=icc
ac_cv_prog_ac_ct_LD=ld
ac_cv_prog_ac_ct_RANLIB=ranlib
ac_cv_prog_cc_c89=
ac_cv_prog_cc_g=yes
ac_cv_prog_gcc_traditional=no
ac_cv_prog_mkdir_p='/usr/bin/install -c -d'
ac_cv_sizeof___int128_t=16
ac_cv_sizeof_int=4
ac_cv_sizeof_long=8
ac_cv_sizeof_long_long=8
ac_cv_sizeof_short=2
ac_cv_sizeof_void_p=8
ac_cv_type_pid_t=yes
ac_cv_type_size_t=yes
ac_cv_type_uid_t=yes
ac_cv_working_alloca_h=yes
ethr_cv_128bit___atomic_add_fetch=yes
ethr_cv_128bit___atomic_compare_exchange_n=yes
ethr_cv_128bit___atomic_fetch_and=yes
ethr_cv_128bit___atomic_fetch_or=yes
ethr_cv_128bit___atomic_load_n=yes
ethr_cv_128bit___atomic_store_n=yes
ethr_cv_128bit___sync_add_and_fetch=yes
ethr_cv_128bit___sync_fetch_and_and=yes
ethr_cv_128bit___sync_fetch_and_or=yes
ethr_cv_128bit___sync_val_compare_and_swap=yes
ethr_cv_32bit___atomic_add_fetch=yes
ethr_cv_32bit___atomic_compare_exchange_n=yes
ethr_cv_32bit___atomic_fetch_and=yes
ethr_cv_32bit___atomic_fetch_or=yes
ethr_cv_32bit___atomic_load_n=yes
ethr_cv_32bit___atomic_store_n=yes
ethr_cv_32bit___sync_add_and_fetch=yes
ethr_cv_32bit___sync_fetch_and_and=yes
ethr_cv_32bit___sync_fetch_and_or=yes
ethr_cv_32bit___sync_val_compare_and_swap=yes
ethr_cv_64bit___atomic_add_fetch=yes
ethr_cv_64bit___atomic_compare_exchange_n=yes
ethr_cv_64bit___atomic_fetch_and=yes
ethr_cv_64bit___atomic_fetch_or=yes
ethr_cv_64bit___atomic_load_n=yes
ethr_cv_64bit___atomic_store_n=yes
ethr_cv_64bit___sync_add_and_fetch=yes
ethr_cv_64bit___sync_fetch_and_and=yes
ethr_cv_64bit___sync_fetch_and_or=yes
ethr_cv_64bit___sync_val_compare_and_swap=yes
ethr_cv___sync_synchronize=yes

## ----------------- ##
## Output variables. ##
## ----------------- ##

ALLOCA=''
AR='ar'
ARCH='amd64'
CC='icc'
CFLAGS='-Werror=return-type  -g -O2 -DEI_64BIT'
CPP='icc -E'
CPPFLAGS=''
DEFS='-DHAVE_CONFIG_H'
ECHO_C=''
ECHO_N='-n'
ECHO_T=''
EGREP='/usr/bin/grep -E'
EI_THREADS='true'
EXEEXT=''
GETCONF='getconf'
GREP='/usr/bin/grep'
INSTALL_DATA='${INSTALL} -m 644'
INSTALL_DIR='/usr/bin/install -c -d'
INSTALL_PROGRAM='${INSTALL}'
INSTALL_SCRIPT='${INSTALL}'
LD='ld'
LDFLAGS=''
LIBOBJS=''
LIBS=''
LIB_CFLAGS='-Werror=return-type  -g -O2 -DEI_64BIT -fPIC'
LTLIBOBJS=''
MIXED_CYGWIN='no'
MIXED_CYGWIN_MINGW='no'
MIXED_CYGWIN_VC='no'
MIXED_MSYS='no'
MIXED_MSYS_VC='no'
MIXED_VC='no'
OBJEXT='o'
PACKAGE_BUGREPORT=''
PACKAGE_NAME=''
PACKAGE_STRING=''
PACKAGE_TARNAME=''
PACKAGE_URL=''
PACKAGE_VERSION=''
PATH_SEPARATOR=':'
RANLIB='ranlib'
SHELL='/bin/sh'
TARGET='x86_64-unknown-linux-gnu'
THR_DEFS=' -D_THREAD_SAFE -D_REENTRANT -DPOSIX_THREADS -D_POSIX_THREAD_SAFE_FUNCTIONS'
THR_LIBS='-lpthread'
WFLAGS='-Wall -Wstrict-prototypes -Wmissing-prototypes -Wmissing-declarations -Wnested-externs -Winline -fno-strict-aliasing'
ac_ct_CC='icc'
bindir='${exec_prefix}/bin'
build='x86_64-unknown-linux-gnu'
build_alias=''
build_cpu='x86_64'
build_os='linux-gnu'
build_vendor='unknown'
datadir='${datarootdir}'
datarootdir='${prefix}/share'
docdir='${datarootdir}/doc/${PACKAGE}'
dvidir='${docdir}'
exec_prefix='${prefix}'
host='x86_64-unknown-linux-gnu'
host_alias=''
host_cpu='x86_64'
host_os='linux-gnu'
host_vendor='unknown'
htmldir='${docdir}'
includedir='${prefix}/include'
infodir='${datarootdir}/info'
libdir='${exec_prefix}/lib'
libexecdir='${exec_prefix}/libexec'
localedir='${datarootdir}/locale'
localstatedir='${prefix}/var'
mandir='${datarootdir}/man'
oldincludedir='/usr/include'
pdfdir='${docdir}'
prefix='/usr/local'
program_transform_name='s,x,x,'
psdir='${docdir}'
sbindir='${exec_prefix}/sbin'
sharedstatedir='${prefix}/com'
sysconfdir='${prefix}/etc'
target_alias=''

## ----------- ##
## confdefs.h. ##
## ----------- ##

/* confdefs.h */
#define PACKAGE_NAME ""
#define PACKAGE_TARNAME ""
#define PACKAGE_VERSION ""
#define PACKAGE_STRING ""
#define PACKAGE_BUGREPORT ""
#define PACKAGE_URL ""
#define STDC_HEADERS 1
#define HAVE_SYS_TYPES_H 1
#define HAVE_SYS_STAT_H 1
#define HAVE_STDLIB_H 1
#define HAVE_STRING_H 1
#define HAVE_MEMORY_H 1
#define HAVE_STRINGS_H 1
#define HAVE_INTTYPES_H 1
#define HAVE_STDINT_H 1
#define HAVE_UNISTD_H 1
#define SIZEOF_SHORT 2
#define SIZEOF_INT 4
#define SIZEOF_LONG 8
#define SIZEOF_VOID_P 8
#define SIZEOF_LONG_LONG 8
#define EI_HIDE_REAL_ERRNO 1
#define HAVE_UNALIGNED_WORD_ACCESS 1
#define STDC_HEADERS 1
#define HAVE_SYS_WAIT_H 1
#define HAVE_ARPA_INET_H 1
#define HAVE_FCNTL_H 1
#define HAVE_LIMITS_H 1
#define HAVE_MALLOC_H 1
#define HAVE_NETDB_H 1
#define HAVE_NETINET_IN_H 1
#define HAVE_STDDEF_H 1
#define HAVE_STDLIB_H 1
#define HAVE_STRING_H 1
#define HAVE_SYS_PARAM_H 1
#define HAVE_SYS_SOCKET_H 1
#define HAVE_SYS_SELECT_H 1
#define HAVE_SYS_TIME_H 1
#define HAVE_UNISTD_H 1
#define HAVE_SYS_TYPES_H 1
#define HAVE_SYS_UIO_H 1
#define TIME_WITH_SYS_TIME 1
#define HAVE_SOCKLEN_T /**/
#define HAVE_ALLOCA_H 1
#define HAVE_ALLOCA 1
#define HAVE_DUP2 1
#define HAVE_GETHOSTBYADDR 1
#define HAVE_GETHOSTBYNAME 1
#define HAVE_GETHOSTBYADDR_R 1
#define HAVE_GETHOSTBYNAME_R 1
#define HAVE_GETHOSTNAME 1
#define HAVE_WRITEV 1
#define HAVE_GETTIMEOFDAY 1
#define HAVE_INET_NTOA 1
#define HAVE_MEMCHR 1
#define HAVE_MEMMOVE 1
#define HAVE_MEMSET 1
#define HAVE_SELECT 1
#define HAVE_SOCKET 1
#define HAVE_STRCHR 1
#define HAVE_STRERROR 1
#define HAVE_STRRCHR 1
#define HAVE_STRSTR 1
#define HAVE_UNAME 1
#define HAVE_SYSCONF 1
#define HAVE_PTHREAD_H 1
#define SIZEOF_SHORT 2
#define SIZEOF_INT 4
#define SIZEOF_LONG 8
#define SIZEOF_LONG_LONG 8
#define SIZEOF___INT128_T 16
#define ETHR_HAVE___sync_synchronize ~0
#define ETHR_HAVE___sync_add_and_fetch 28
#define ETHR_HAVE___sync_fetch_and_and 28
#define ETHR_HAVE___sync_fetch_and_or 28
#define ETHR_HAVE___sync_val_compare_and_swap 28
#define ETHR_HAVE___atomic_store_n 28
#define ETHR_HAVE___atomic_load_n 28
#define ETHR_HAVE___atomic_add_fetch 28
#define ETHR_HAVE___atomic_fetch_and 28
#define ETHR_HAVE___atomic_fetch_or 28
#define ETHR_HAVE___atomic_compare_exchange_n 28
#define ETHR_HAVE_GCC_ASM_ARM_DMB_INSTRUCTION 0
#define ETHR_HAVE_GCC___ATOMIC_BUILTINS 1

configure: exit 0
