This file contains any messages produced by compilers while
running configure, to aid debugging if configure makes a mistake.

It was created by configure, which was
generated by GNU Autoconf 2.69.  Invocation command line was

  $ ./configure --disable-option-checking --cache-file=/dev/null --srcdir=/home/rsewell/Projects/Epilogue/integrations/otp_src_22.1/lib/crypto

## --------- ##
## Platform. ##
## --------- ##

hostname = RAS-Surface
uname -m = x86_64
uname -r = 4.4.0-17763-Microsoft
uname -s = Linux
uname -v = #864-Microsoft Thu Nov 07 15:22:00 PST 2019

/usr/bin/uname -p = x86_64
/bin/uname -X     = unknown

/bin/arch              = x86_64
/usr/bin/arch -k       = unknown
/usr/convex/getsysinfo = unknown
/usr/bin/hostinfo      = unknown
/bin/machine           = unknown
/usr/bin/oslevel       = unknown
/bin/universe          = unknown

PATH: /opt/intel/bin
PATH: /opt/slickedit-pro2019/bin/
PATH: /home/rsewell/bin
PATH: /usr/local/bin
PATH: /usr/bin
PATH: /bin


## ----------- ##
## Core tests. ##
## ----------- ##

configure:2535: checking build system type
configure:2549: result: x86_64-unknown-linux-gnu
configure:2569: checking host system type
configure:2582: result: x86_64-unknown-linux-gnu
configure:2717: checking for gcc
configure:2733: found /usr/bin/gcc
configure:2744: result: gcc
configure:2973: checking for C compiler version
configure:2982: gcc --version >&5
gcc (SUSE Linux) 7.3.1 20180323 [gcc-7-branch revision 258812]
Copyright (C) 2017 Free Software Foundation, Inc.
This is free software; see the source for copying conditions.  There is NO
warranty; not even for MERCHANTABILITY or FITNESS FOR A PARTICULAR PURPOSE.

configure:2993: $? = 0
configure:2982: gcc -v >&5
Using built-in specs.
COLLECT_GCC=gcc
COLLECT_LTO_WRAPPER=/usr/lib64/gcc/x86_64-suse-linux/7/lto-wrapper
OFFLOAD_TARGET_NAMES=hsa:nvptx-none
Target: x86_64-suse-linux
Configured with: ../configure --prefix=/usr --infodir=/usr/share/info --mandir=/usr/share/man --libdir=/usr/lib64 --libexecdir=/usr/lib64 --enable-languages=c,c++,objc,fortran,obj-c++,ada,go --enable-offload-targets=hsa,nvptx-none=/usr/nvptx-none, --without-cuda-driver --enable-checking=release --disable-werror --with-gxx-include-dir=/usr/include/c++/7 --enable-ssp --disable-libssp --disable-libvtv --disable-libcc1 --disable-plugin --with-bugurl=http://bugs.opensuse.org/ --with-pkgversion='SUSE Linux' --with-slibdir=/lib64 --with-system-zlib --enable-__cxa_atexit --enable-libstdcxx-allocator=new --disable-libstdcxx-pch --enable-version-specific-runtime-libs --with-gcc-major-version-only --enable-linker-build-id --enable-linux-futex --enable-gnu-indirect-function --program-suffix=-7 --without-system-libunwind --enable-multilib --with-arch-32=x86-64 --with-tune=generic --build=x86_64-suse-linux --host=x86_64-suse-linux
Thread model: posix
gcc version 7.3.1 20180323 [gcc-7-branch revision 258812] (SUSE Linux) 
configure:2993: $? = 0
configure:2982: gcc -V >&5
gcc: error: unrecognized command line option '-V'
gcc: fatal error: no input files
compilation terminated.
configure:2993: $? = 1
configure:2982: gcc -qversion >&5
gcc: error: unrecognized command line option '-qversion'; did you mean '--version'?
gcc: fatal error: no input files
compilation terminated.
configure:2993: $? = 1
configure:3013: checking whether the C compiler works
configure:3035: gcc    conftest.c  >&5
configure:3039: $? = 0
configure:3087: result: yes
configure:3090: checking for C compiler default output file name
configure:3092: result: a.out
configure:3098: checking for suffix of executables
configure:3105: gcc -o conftest    conftest.c  >&5
configure:3109: $? = 0
configure:3131: result: 
configure:3153: checking whether we are cross compiling
configure:3161: gcc -o conftest    conftest.c  >&5
configure:3165: $? = 0
configure:3172: ./conftest
configure:3176: $? = 0
configure:3191: result: no
configure:3196: checking for suffix of object files
configure:3218: gcc -c   conftest.c >&5
configure:3222: $? = 0
configure:3243: result: o
configure:3247: checking whether we are using the GNU C compiler
configure:3266: gcc -c   conftest.c >&5
configure:3266: $? = 0
configure:3275: result: yes
configure:3284: checking whether gcc accepts -g
configure:3304: gcc -c -g  conftest.c >&5
configure:3304: $? = 0
configure:3345: result: yes
configure:3362: checking for gcc option to accept ISO C89
configure:3425: gcc  -c -g -O2  conftest.c >&5
configure:3425: $? = 0
configure:3438: result: none needed
configure:3465: checking for mixed cygwin or msys and native VC++ environment
configure:3488: result: no
configure:3504: checking for mixed cygwin and native MinGW environment
configure:3520: result: no
configure:3529: checking if we mix cygwin with any native compiler
configure:3535: result: no
configure:3541: checking if we mix msys with another native compiler
configure:3547: result: no
configure:3562: checking how to run the C preprocessor
configure:3593: gcc -E  conftest.c
configure:3593: $? = 0
configure:3607: gcc -E  conftest.c
conftest.c:9:10: fatal error: ac_nonexistent.h: No such file or directory
 #include <ac_nonexistent.h>
          ^~~~~~~~~~~~~~~~~~
compilation terminated.
configure:3607: $? = 1
configure: failed program was:
| /* confdefs.h */
| #define PACKAGE_NAME ""
| #define PACKAGE_TARNAME ""
| #define PACKAGE_VERSION ""
| #define PACKAGE_STRING ""
| #define PACKAGE_BUGREPORT ""
| #define PACKAGE_URL ""
| /* end confdefs.h.  */
| #include <ac_nonexistent.h>
configure:3632: result: gcc -E
configure:3652: gcc -E  conftest.c
configure:3652: $? = 0
configure:3666: gcc -E  conftest.c
conftest.c:9:10: fatal error: ac_nonexistent.h: No such file or directory
 #include <ac_nonexistent.h>
          ^~~~~~~~~~~~~~~~~~
compilation terminated.
configure:3666: $? = 1
configure: failed program was:
| /* confdefs.h */
| #define PACKAGE_NAME ""
| #define PACKAGE_TARNAME ""
| #define PACKAGE_VERSION ""
| #define PACKAGE_STRING ""
| #define PACKAGE_BUGREPORT ""
| #define PACKAGE_URL ""
| /* end confdefs.h.  */
| #include <ac_nonexistent.h>
configure:3695: checking for grep that handles long lines and -e
configure:3753: result: /usr/bin/grep
configure:3758: checking for egrep
configure:3820: result: /usr/bin/grep -E
configure:3825: checking for ANSI C header files
configure:3845: gcc -c -g -O2  conftest.c >&5
configure:3845: $? = 0
configure:3918: gcc -o conftest -g -O2   conftest.c  >&5
configure:3918: $? = 0
configure:3918: ./conftest
configure:3918: $? = 0
configure:3929: result: yes
configure:3942: checking for sys/types.h
configure:3942: gcc -c -g -O2  conftest.c >&5
configure:3942: $? = 0
configure:3942: result: yes
configure:3942: checking for sys/stat.h
configure:3942: gcc -c -g -O2  conftest.c >&5
configure:3942: $? = 0
configure:3942: result: yes
configure:3942: checking for stdlib.h
configure:3942: gcc -c -g -O2  conftest.c >&5
configure:3942: $? = 0
configure:3942: result: yes
configure:3942: checking for string.h
configure:3942: gcc -c -g -O2  conftest.c >&5
configure:3942: $? = 0
configure:3942: result: yes
configure:3942: checking for memory.h
configure:3942: gcc -c -g -O2  conftest.c >&5
configure:3942: $? = 0
configure:3942: result: yes
configure:3942: checking for strings.h
configure:3942: gcc -c -g -O2  conftest.c >&5
configure:3942: $? = 0
configure:3942: result: yes
configure:3942: checking for inttypes.h
configure:3942: gcc -c -g -O2  conftest.c >&5
configure:3942: $? = 0
configure:3942: result: yes
configure:3942: checking for stdint.h
configure:3942: gcc -c -g -O2  conftest.c >&5
configure:3942: $? = 0
configure:3942: result: yes
configure:3942: checking for unistd.h
configure:3942: gcc -c -g -O2  conftest.c >&5
configure:3942: $? = 0
configure:3942: result: yes
configure:3963: checking for native win32 threads
configure:3973: result: no
configure:3981: checking for pthread_create in -lpthread
configure:4006: gcc -o conftest -g -O2   conftest.c -lpthread   >&5
configure:4006: $? = 0
configure:4015: result: yes
configure:4121: checking for getconf
configure:4137: found /usr/bin/getconf
configure:4149: result: getconf
configure:4303: checking for Native POSIX Thread Library
configure:4320: result: yes
configure:4330: checking nptl/pthread.h usability
configure:4330: gcc -c -g -O2  conftest.c >&5
conftest.c:52:10: fatal error: nptl/pthread.h: No such file or directory
 #include <nptl/pthread.h>
          ^~~~~~~~~~~~~~~~
compilation terminated.
configure:4330: $? = 1
configure: failed program was:
| /* confdefs.h */
| #define PACKAGE_NAME ""
| #define PACKAGE_TARNAME ""
| #define PACKAGE_VERSION ""
| #define PACKAGE_STRING ""
| #define PACKAGE_BUGREPORT ""
| #define PACKAGE_URL ""
| #define STDC_HEADERS 1
| #define HAVE_SYS_TYPES_H 1
| #define HAVE_SYS_STAT_H 1
| #define HAVE_STDLIB_H 1
| #define HAVE_STRING_H 1
| #define HAVE_MEMORY_H 1
| #define HAVE_STRINGS_H 1
| #define HAVE_INTTYPES_H 1
| #define HAVE_STDINT_H 1
| #define HAVE_UNISTD_H 1
| /* end confdefs.h.  */
| #include <stdio.h>
| #ifdef HAVE_SYS_TYPES_H
| # include <sys/types.h>
| #endif
| #ifdef HAVE_SYS_STAT_H
| # include <sys/stat.h>
| #endif
| #ifdef STDC_HEADERS
| # include <stdlib.h>
| # include <stddef.h>
| #else
| # ifdef HAVE_STDLIB_H
| #  include <stdlib.h>
| # endif
| #endif
| #ifdef HAVE_STRING_H
| # if !defined STDC_HEADERS && defined HAVE_MEMORY_H
| #  include <memory.h>
| # endif
| # include <string.h>
| #endif
| #ifdef HAVE_STRINGS_H
| # include <strings.h>
| #endif
| #ifdef HAVE_INTTYPES_H
| # include <inttypes.h>
| #endif
| #ifdef HAVE_STDINT_H
| # include <stdint.h>
| #endif
| #ifdef HAVE_UNISTD_H
| # include <unistd.h>
| #endif
| #include <nptl/pthread.h>
configure:4330: result: no
configure:4330: checking nptl/pthread.h presence
configure:4330: gcc -E  conftest.c
conftest.c:19:10: fatal error: nptl/pthread.h: No such file or directory
 #include <nptl/pthread.h>
          ^~~~~~~~~~~~~~~~
compilation terminated.
configure:4330: $? = 1
configure: failed program was:
| /* confdefs.h */
| #define PACKAGE_NAME ""
| #define PACKAGE_TARNAME ""
| #define PACKAGE_VERSION ""
| #define PACKAGE_STRING ""
| #define PACKAGE_BUGREPORT ""
| #define PACKAGE_URL ""
| #define STDC_HEADERS 1
| #define HAVE_SYS_TYPES_H 1
| #define HAVE_SYS_STAT_H 1
| #define HAVE_STDLIB_H 1
| #define HAVE_STRING_H 1
| #define HAVE_MEMORY_H 1
| #define HAVE_STRINGS_H 1
| #define HAVE_INTTYPES_H 1
| #define HAVE_STDINT_H 1
| #define HAVE_UNISTD_H 1
| /* end confdefs.h.  */
| #include <nptl/pthread.h>
configure:4330: result: no
configure:4330: checking for nptl/pthread.h
configure:4330: result: no
configure:4383: checking pthread.h usability
configure:4383: gcc -c -g -O2   -D_THREAD_SAFE -D_REENTRANT -DPOSIX_THREADS -D_POSIX_THREAD_SAFE_FUNCTIONS conftest.c >&5
configure:4383: $? = 0
configure:4383: result: yes
configure:4383: checking pthread.h presence
configure:4383: gcc -E   -D_THREAD_SAFE -D_REENTRANT -DPOSIX_THREADS -D_POSIX_THREAD_SAFE_FUNCTIONS conftest.c
configure:4383: $? = 0
configure:4383: result: yes
configure:4383: checking for pthread.h
configure:4383: result: yes
configure:4392: checking pthread/mit/pthread.h usability
configure:4392: gcc -c -g -O2   -D_THREAD_SAFE -D_REENTRANT -DPOSIX_THREADS -D_POSIX_THREAD_SAFE_FUNCTIONS conftest.c >&5
conftest.c:53:10: fatal error: pthread/mit/pthread.h: No such file or directory
 #include <pthread/mit/pthread.h>
          ^~~~~~~~~~~~~~~~~~~~~~~
compilation terminated.
configure:4392: $? = 1
configure: failed program was:
| /* confdefs.h */
| #define PACKAGE_NAME ""
| #define PACKAGE_TARNAME ""
| #define PACKAGE_VERSION ""
| #define PACKAGE_STRING ""
| #define PACKAGE_BUGREPORT ""
| #define PACKAGE_URL ""
| #define STDC_HEADERS 1
| #define HAVE_SYS_TYPES_H 1
| #define HAVE_SYS_STAT_H 1
| #define HAVE_STDLIB_H 1
| #define HAVE_STRING_H 1
| #define HAVE_MEMORY_H 1
| #define HAVE_STRINGS_H 1
| #define HAVE_INTTYPES_H 1
| #define HAVE_STDINT_H 1
| #define HAVE_UNISTD_H 1
| #define HAVE_PTHREAD_H 1
| /* end confdefs.h.  */
| #include <stdio.h>
| #ifdef HAVE_SYS_TYPES_H
| # include <sys/types.h>
| #endif
| #ifdef HAVE_SYS_STAT_H
| # include <sys/stat.h>
| #endif
| #ifdef STDC_HEADERS
| # include <stdlib.h>
| # include <stddef.h>
| #else
| # ifdef HAVE_STDLIB_H
| #  include <stdlib.h>
| # endif
| #endif
| #ifdef HAVE_STRING_H
| # if !defined STDC_HEADERS && defined HAVE_MEMORY_H
| #  include <memory.h>
| # endif
| # include <string.h>
| #endif
| #ifdef HAVE_STRINGS_H
| # include <strings.h>
| #endif
| #ifdef HAVE_INTTYPES_H
| # include <inttypes.h>
| #endif
| #ifdef HAVE_STDINT_H
| # include <stdint.h>
| #endif
| #ifdef HAVE_UNISTD_H
| # include <unistd.h>
| #endif
| #include <pthread/mit/pthread.h>
configure:4392: result: no
configure:4392: checking pthread/mit/pthread.h presence
configure:4392: gcc -E   -D_THREAD_SAFE -D_REENTRANT -DPOSIX_THREADS -D_POSIX_THREAD_SAFE_FUNCTIONS conftest.c
conftest.c:20:10: fatal error: pthread/mit/pthread.h: No such file or directory
 #include <pthread/mit/pthread.h>
          ^~~~~~~~~~~~~~~~~~~~~~~
compilation terminated.
configure:4392: $? = 1
configure: failed program was:
| /* confdefs.h */
| #define PACKAGE_NAME ""
| #define PACKAGE_TARNAME ""
| #define PACKAGE_VERSION ""
| #define PACKAGE_STRING ""
| #define PACKAGE_BUGREPORT ""
| #define PACKAGE_URL ""
| #define STDC_HEADERS 1
| #define HAVE_SYS_TYPES_H 1
| #define HAVE_SYS_STAT_H 1
| #define HAVE_STDLIB_H 1
| #define HAVE_STRING_H 1
| #define HAVE_MEMORY_H 1
| #define HAVE_STRINGS_H 1
| #define HAVE_INTTYPES_H 1
| #define HAVE_STDINT_H 1
| #define HAVE_UNISTD_H 1
| #define HAVE_PTHREAD_H 1
| /* end confdefs.h.  */
| #include <pthread/mit/pthread.h>
configure:4392: result: no
configure:4392: checking for pthread/mit/pthread.h
configure:4392: result: no
configure:4436: checking if we can add -Wdeclaration-after-statement to DED_WARN_FLAGS (via CFLAGS)
configure:4451: gcc -c -Wdeclaration-after-statement -Wall -Wstrict-prototypes -Wmissing-prototypes  conftest.c >&5
conftest.c:22:1: warning: function declaration isn't a prototype [-Wstrict-prototypes]
 main ()
 ^~~~
configure:4451: $? = 0
configure:4459: result: yes
configure:4469: checking if we can add -Werror=return-type to DED_WERRORFLAGS (via CFLAGS)
configure:4484: gcc -c -Werror=return-type   conftest.c >&5
configure:4484: $? = 0
configure:4492: result: yes
configure:4501: checking if we can add -Werror=implicit to DED_WERRORFLAGS (via CFLAGS)
configure:4516: gcc -c -Werror=implicit -Werror=return-type   conftest.c >&5
configure:4516: $? = 0
configure:4524: result: yes
configure:4533: checking if we can add -Werror=undef to DED_WERRORFLAGS (via CFLAGS)
configure:4548: gcc -c -Werror=undef -Werror=implicit -Werror=return-type   conftest.c >&5
configure:4548: $? = 0
configure:4556: result: yes
configure:4780: checking for ld
configure:4807: result: gcc
configure:4831: checking for static compiler flags
configure:4834: result: -Werror=undef -Werror=implicit -Werror=return-type    -D_THREAD_SAFE -D_REENTRANT -DPOSIX_THREADS -D_POSIX_THREAD_SAFE_FUNCTIONS -g -O2  -D_GNU_SOURCE -DSTATIC_ERLANG_NIF -DSTATIC_ERLANG_DRIVER
configure:4836: checking for basic compiler flags for loadable drivers
configure:4839: result: -g -O2  -D_GNU_SOURCE -fPIC
configure:4841: checking for compiler flags for loadable drivers
configure:4844: result: -Werror=undef -Werror=implicit -Werror=return-type  -Wdeclaration-after-statement -Wall -Wstrict-prototypes -Wmissing-prototypes  -D_THREAD_SAFE -D_REENTRANT -DPOSIX_THREADS -D_POSIX_THREAD_SAFE_FUNCTIONS -g -O2  -D_GNU_SOURCE -fPIC
configure:4846: checking for linker for loadable drivers
configure:4848: result: gcc
configure:4850: checking for linker flags for loadable drivers
configure:4852: result: -shared -Wl,-Bsymbolic
configure:4854: checking for 'runtime library path' linker flag
configure:4857: result: -Wl,-R
configure:4888: checking size of void *
configure:4893: gcc -o conftest -g -O2   conftest.c  >&5
configure:4893: $? = 0
configure:4893: ./conftest
configure:4893: $? = 0
configure:4907: result: 8
configure:4942: checking for static ZLib to be used by SSL in standard locations
configure:4964: result: no
configure:5216: checking for OpenSSL >= 0.9.8c in standard locations
configure:5346: gcc -o conftest -g -O2 -I/usr/include   -L/usr/lib64 conftest.c  -lcrypto >&5
configure:5346: $? = 0
configure:5359: result: /usr
configure:5520: checking for OpenSSL kerberos 5 support
configure:5575: result: no
configure:5631: checking for ssl runtime library path to use
configure:5702: gcc -o conftest -g -O2 -I/usr/include    -L/usr/lib64 conftest.c -lcrypto >&5
configure:5702: $? = 0
configure:5720: result: /usr/lib64:/usr/local/lib64:/usr/sfw/lib64:/opt/local/lib64:/usr/pkg/lib64:/usr/local/openssl/lib64:/usr/lib/openssl/lib64:/usr/openssl/lib64:/usr/local/ssl/lib64:/usr/lib/ssl/lib64:/usr/ssl/lib64:/lib64:/usr/local/lib:/usr/sfw/lib:/usr/lib:/opt/local/lib:/usr/pkg/lib:/usr/local/openssl/lib:/usr/lib/openssl/lib:/usr/openssl/lib:/usr/local/ssl/lib:/usr/lib/ssl/lib:/usr/ssl/lib:/lib
configure:5941: creating ./config.status

## ---------------------- ##
## Running config.status. ##
## ---------------------- ##

This file was extended by config.status, which was
generated by GNU Autoconf 2.69.  Invocation command line was

  CONFIG_FILES    = 
  CONFIG_HEADERS  = 
  CONFIG_LINKS    = 
  CONFIG_COMMANDS = 
  $ ./config.status 

on RAS-Surface

config.status:808: creating c_src/x86_64-unknown-linux-gnu/Makefile

## ---------------- ##
## Cache variables. ##
## ---------------- ##

ac_cv_build=x86_64-unknown-linux-gnu
ac_cv_c_compiler_gnu=yes
ac_cv_env_AR_set=
ac_cv_env_AR_value=
ac_cv_env_CC_set=
ac_cv_env_CC_value=
ac_cv_env_CFLAGS_set=
ac_cv_env_CFLAGS_value=
ac_cv_env_CFLAG_RUNTIME_LIBRARY_PATH_set=
ac_cv_env_CFLAG_RUNTIME_LIBRARY_PATH_value=
ac_cv_env_CPPFLAGS_set=
ac_cv_env_CPPFLAGS_value=
ac_cv_env_CPP_set=
ac_cv_env_CPP_value=
ac_cv_env_CXXFLAGS_set=
ac_cv_env_CXXFLAGS_value=
ac_cv_env_CXX_set=
ac_cv_env_CXX_value=
ac_cv_env_DED_LDFLAGS_set=
ac_cv_env_DED_LDFLAGS_value=
ac_cv_env_DED_LD_FLAG_RUNTIME_LIBRARY_PATH_set=
ac_cv_env_DED_LD_FLAG_RUNTIME_LIBRARY_PATH_value=
ac_cv_env_DED_LD_set=
ac_cv_env_DED_LD_value=
ac_cv_env_ERL_TOP_set=set
ac_cv_env_ERL_TOP_value=/home/rsewell/Projects/Epilogue/integrations/otp_src_22.1
ac_cv_env_GETCONF_set=
ac_cv_env_GETCONF_value=
ac_cv_env_LDFLAGS_set=
ac_cv_env_LDFLAGS_value=
ac_cv_env_LD_set=
ac_cv_env_LD_value=
ac_cv_env_LFS_CFLAGS_set=
ac_cv_env_LFS_CFLAGS_value=
ac_cv_env_LFS_LDFLAGS_set=
ac_cv_env_LFS_LDFLAGS_value=
ac_cv_env_LFS_LIBS_set=
ac_cv_env_LFS_LIBS_value=
ac_cv_env_LIBS_set=
ac_cv_env_LIBS_value=
ac_cv_env_RANLIB_set=
ac_cv_env_RANLIB_value=
ac_cv_env_STATIC_CFLAGS_set=
ac_cv_env_STATIC_CFLAGS_value=
ac_cv_env_build_alias_set=
ac_cv_env_build_alias_value=
ac_cv_env_erl_xcomp_after_morecore_hook_set=
ac_cv_env_erl_xcomp_after_morecore_hook_value=
ac_cv_env_erl_xcomp_bigendian_set=
ac_cv_env_erl_xcomp_bigendian_value=
ac_cv_env_erl_xcomp_clock_gettime_cpu_time_set=
ac_cv_env_erl_xcomp_clock_gettime_cpu_time_value=
ac_cv_env_erl_xcomp_dlsym_brk_wrappers_set=
ac_cv_env_erl_xcomp_dlsym_brk_wrappers_value=
ac_cv_env_erl_xcomp_double_middle_endian_set=
ac_cv_env_erl_xcomp_double_middle_endian_value=
ac_cv_env_erl_xcomp_getaddrinfo_set=
ac_cv_env_erl_xcomp_getaddrinfo_value=
ac_cv_env_erl_xcomp_gethrvtime_procfs_ioctl_set=
ac_cv_env_erl_xcomp_gethrvtime_procfs_ioctl_value=
ac_cv_env_erl_xcomp_isysroot_set=
ac_cv_env_erl_xcomp_isysroot_value=
ac_cv_env_erl_xcomp_kqueue_set=
ac_cv_env_erl_xcomp_kqueue_value=
ac_cv_env_erl_xcomp_linux_nptl_set=
ac_cv_env_erl_xcomp_linux_nptl_value=
ac_cv_env_erl_xcomp_linux_usable_sigaltstack_set=
ac_cv_env_erl_xcomp_linux_usable_sigaltstack_value=
ac_cv_env_erl_xcomp_linux_usable_sigusrx_set=
ac_cv_env_erl_xcomp_linux_usable_sigusrx_value=
ac_cv_env_erl_xcomp_poll_set=
ac_cv_env_erl_xcomp_poll_value=
ac_cv_env_erl_xcomp_putenv_copy_set=
ac_cv_env_erl_xcomp_putenv_copy_value=
ac_cv_env_erl_xcomp_reliable_fpe_set=
ac_cv_env_erl_xcomp_reliable_fpe_value=
ac_cv_env_erl_xcomp_sysroot_set=
ac_cv_env_erl_xcomp_sysroot_value=
ac_cv_env_host_alias_set=
ac_cv_env_host_alias_value=
ac_cv_env_target_alias_set=
ac_cv_env_target_alias_value=
ac_cv_header_inttypes_h=yes
ac_cv_header_memory_h=yes
ac_cv_header_nptl_pthread_h=no
ac_cv_header_pthread_h=yes
ac_cv_header_pthread_mit_pthread_h=no
ac_cv_header_stdc=yes
ac_cv_header_stdint_h=yes
ac_cv_header_stdlib_h=yes
ac_cv_header_string_h=yes
ac_cv_header_strings_h=yes
ac_cv_header_sys_stat_h=yes
ac_cv_header_sys_types_h=yes
ac_cv_header_unistd_h=yes
ac_cv_host=x86_64-unknown-linux-gnu
ac_cv_lib_pthread_pthread_create=yes
ac_cv_objext=o
ac_cv_path_EGREP='/usr/bin/grep -E'
ac_cv_path_GREP=/usr/bin/grep
ac_cv_prog_CPP='gcc -E'
ac_cv_prog_GETCONF=getconf
ac_cv_prog_ac_ct_CC=gcc
ac_cv_prog_ac_ct_DED_LD=gcc
ac_cv_prog_cc_c89=
ac_cv_prog_cc_g=yes
ac_cv_sizeof_void_p=8

## ----------------- ##
## Output variables. ##
## ----------------- ##

AR=''
CC='gcc'
CFLAGS='-g -O2'
CFLAG_RUNTIME_LIBRARY_PATH='-Wl,-R'
CPP='gcc -E'
CPPFLAGS=''
CROSS_COMPILING='no'
CXX=''
CXXFLAGS=''
DED_BASIC_CFLAGS='-g -O2  -D_GNU_SOURCE -fPIC'
DED_CC='gcc'
DED_CFLAGS='-Werror=undef -Werror=implicit -Werror=return-type  -Wdeclaration-after-statement -Wall -Wstrict-prototypes -Wmissing-prototypes  -D_THREAD_SAFE -D_REENTRANT -DPOSIX_THREADS -D_POSIX_THREAD_SAFE_FUNCTIONS -g -O2  -D_GNU_SOURCE -fPIC'
DED_EXT='so'
DED_GCC='yes'
DED_INCLUDE='-I/home/rsewell/Projects/Epilogue/integrations/otp_src_22.1/erts/emulator/beam -I/home/rsewell/Projects/Epilogue/integrations/otp_src_22.1/erts/include -I/home/rsewell/Projects/Epilogue/integrations/otp_src_22.1/erts/include/x86_64-unknown-linux-gnu -I/home/rsewell/Projects/Epilogue/integrations/otp_src_22.1/erts/include/internal -I/home/rsewell/Projects/Epilogue/integrations/otp_src_22.1/erts/include/internal/x86_64-unknown-linux-gnu -I/home/rsewell/Projects/Epilogue/integrations/otp_src_22.1/erts/emulator/sys/unix -I/home/rsewell/Projects/Epilogue/integrations/otp_src_22.1/erts/emulator/sys/common'
DED_LD='gcc'
DED_LDFLAGS='-shared -Wl,-Bsymbolic'
DED_LD_FLAG_RUNTIME_LIBRARY_PATH='-Wl,-R'
DED_LIBS=''
DED_OSTYPE='unix'
DED_STATIC_CFLAGS='-Werror=undef -Werror=implicit -Werror=return-type    -D_THREAD_SAFE -D_REENTRANT -DPOSIX_THREADS -D_POSIX_THREAD_SAFE_FUNCTIONS -g -O2  -D_GNU_SOURCE -DSTATIC_ERLANG_NIF -DSTATIC_ERLANG_DRIVER'
DED_SYS_INCLUDE='-I/home/rsewell/Projects/Epilogue/integrations/otp_src_22.1/erts/emulator/beam -I/home/rsewell/Projects/Epilogue/integrations/otp_src_22.1/erts/include -I/home/rsewell/Projects/Epilogue/integrations/otp_src_22.1/erts/include/x86_64-unknown-linux-gnu -I/home/rsewell/Projects/Epilogue/integrations/otp_src_22.1/erts/include/internal -I/home/rsewell/Projects/Epilogue/integrations/otp_src_22.1/erts/include/internal/x86_64-unknown-linux-gnu -I/home/rsewell/Projects/Epilogue/integrations/otp_src_22.1/erts/emulator/sys/unix -I/home/rsewell/Projects/Epilogue/integrations/otp_src_22.1/erts/emulator/sys/common'
DED_THR_DEFS=' -D_THREAD_SAFE -D_REENTRANT -DPOSIX_THREADS -D_POSIX_THREAD_SAFE_FUNCTIONS'
DED_WARN_FLAGS='-Wdeclaration-after-statement -Wall -Wstrict-prototypes -Wmissing-prototypes'
DED_WERRORFLAGS='-Werror=undef -Werror=implicit -Werror=return-type '
DEFS='-DPACKAGE_NAME=\"\" -DPACKAGE_TARNAME=\"\" -DPACKAGE_VERSION=\"\" -DPACKAGE_STRING=\"\" -DPACKAGE_BUGREPORT=\"\" -DPACKAGE_URL=\"\" -DSTDC_HEADERS=1 -DHAVE_SYS_TYPES_H=1 -DHAVE_SYS_STAT_H=1 -DHAVE_STDLIB_H=1 -DHAVE_STRING_H=1 -DHAVE_MEMORY_H=1 -DHAVE_STRINGS_H=1 -DHAVE_INTTYPES_H=1 -DHAVE_STDINT_H=1 -DHAVE_UNISTD_H=1 -DHAVE_PTHREAD_H=1 -DSIZEOF_VOID_P=8'
ECHO_C=''
ECHO_N='-n'
ECHO_T=''
EGREP='/usr/bin/grep -E'
ERL_TOP='/home/rsewell/Projects/Epilogue/integrations/otp_src_22.1'
EXEEXT=''
GETCONF='getconf'
GREP='/usr/bin/grep'
LD=''
LDFLAGS=''
LFS_CFLAGS=''
LFS_LDFLAGS=''
LFS_LIBS=''
LIBOBJS=''
LIBS=''
LTLIBOBJS=''
MIXED_CYGWIN='no'
MIXED_CYGWIN_MINGW='no'
MIXED_CYGWIN_VC='no'
MIXED_MSYS='no'
MIXED_MSYS_VC='no'
MIXED_VC='no'
OBJEXT='o'
PACKAGE_BUGREPORT=''
PACKAGE_NAME=''
PACKAGE_STRING=''
PACKAGE_TARNAME=''
PACKAGE_URL=''
PACKAGE_VERSION=''
PATH_SEPARATOR=':'
RANLIB=''
REGTOOL=''
SHELL='/bin/sh'
SSL_CRYPTO_LIBNAME='crypto'
SSL_DED_LD_RUNTIME_LIBRARY_PATH='-Wl,-R/usr/lib64 -Wl,-R/usr/local/lib64 -Wl,-R/usr/sfw/lib64 -Wl,-R/opt/local/lib64 -Wl,-R/usr/pkg/lib64 -Wl,-R/usr/local/openssl/lib64 -Wl,-R/usr/lib/openssl/lib64 -Wl,-R/usr/openssl/lib64 -Wl,-R/usr/local/ssl/lib64 -Wl,-R/usr/lib/ssl/lib64 -Wl,-R/usr/ssl/lib64 -Wl,-R/lib64 -Wl,-R/usr/local/lib -Wl,-R/usr/sfw/lib -Wl,-R/usr/lib -Wl,-R/opt/local/lib -Wl,-R/usr/pkg/lib -Wl,-R/usr/local/openssl/lib -Wl,-R/usr/lib/openssl/lib -Wl,-R/usr/openssl/lib -Wl,-R/usr/local/ssl/lib -Wl,-R/usr/lib/ssl/lib -Wl,-R/usr/ssl/lib -Wl,-R/lib'
SSL_DYNAMIC_ONLY='yes'
SSL_FLAGS=''
SSL_INCDIR='/usr'
SSL_INCLUDE='-I/usr/include'
SSL_LIBDIR='/usr/lib64'
SSL_LINK_WITH_KERBEROS=''
SSL_LINK_WITH_ZLIB='no'
SSL_SSL_LIBNAME='ssl'
STATIC_CFLAGS=''
STATIC_KERBEROS_LIBS=''
STATIC_ZLIB_LIBS=''
ac_ct_CC='gcc'
bindir='${exec_prefix}/bin'
build='x86_64-unknown-linux-gnu'
build_alias=''
build_cpu='x86_64'
build_os='linux-gnu'
build_vendor='unknown'
datadir='${datarootdir}'
datarootdir='${prefix}/share'
docdir='${datarootdir}/doc/${PACKAGE}'
dvidir='${docdir}'
erl_xcomp_after_morecore_hook=''
erl_xcomp_bigendian=''
erl_xcomp_clock_gettime_cpu_time=''
erl_xcomp_dlsym_brk_wrappers=''
erl_xcomp_double_middle_endian=''
erl_xcomp_getaddrinfo=''
erl_xcomp_gethrvtime_procfs_ioctl=''
erl_xcomp_isysroot=''
erl_xcomp_kqueue=''
erl_xcomp_linux_nptl=''
erl_xcomp_linux_usable_sigaltstack=''
erl_xcomp_linux_usable_sigusrx=''
erl_xcomp_poll=''
erl_xcomp_putenv_copy=''
erl_xcomp_reliable_fpe=''
erl_xcomp_sysroot=''
exec_prefix='${prefix}'
host='x86_64-unknown-linux-gnu'
host_alias=''
host_cpu='x86_64'
host_os='linux-gnu'
host_vendor='unknown'
htmldir='${docdir}'
includedir='${prefix}/include'
infodir='${datarootdir}/info'
libdir='/lib'
libexecdir='${exec_prefix}/libexec'
localedir='${datarootdir}/locale'
localstatedir='${prefix}/var'
mandir='${datarootdir}/man'
oldincludedir='/usr/include'
pdfdir='${docdir}'
prefix='/usr/local'
program_transform_name='s,x,x,'
psdir='${docdir}'
sbindir='${exec_prefix}/sbin'
sharedstatedir='${prefix}/com'
sysconfdir='${prefix}/etc'
target_alias=''

## ----------- ##
## confdefs.h. ##
## ----------- ##

/* confdefs.h */
#define PACKAGE_NAME ""
#define PACKAGE_TARNAME ""
#define PACKAGE_VERSION ""
#define PACKAGE_STRING ""
#define PACKAGE_BUGREPORT ""
#define PACKAGE_URL ""
#define STDC_HEADERS 1
#define HAVE_SYS_TYPES_H 1
#define HAVE_SYS_STAT_H 1
#define HAVE_STDLIB_H 1
#define HAVE_STRING_H 1
#define HAVE_MEMORY_H 1
#define HAVE_STRINGS_H 1
#define HAVE_INTTYPES_H 1
#define HAVE_STDINT_H 1
#define HAVE_UNISTD_H 1
#define HAVE_PTHREAD_H 1
#define SIZEOF_VOID_P 8

configure: exit 0
